#
# There is insufficient memory for the Java Runtime Environment to continue.
# Native memory allocation (mmap) failed to map 33554432 bytes. Error detail: G1 virtual space
# Possible reasons:
#   The system is out of physical RAM or swap space
#   This process is running with CompressedOops enabled, and the Java Heap may be blocking the growth of the native heap
# Possible solutions:
#   Reduce memory load on the system
#   Increase physical memory or swap space
#   Check if swap backing store is full
#   Decrease Java heap size (-Xmx/-Xms)
#   Decrease number of Java threads
#   Decrease Java thread stack sizes (-Xss)
#   Set larger code cache with -XX:ReservedCodeCacheSize=
#   JVM is running with Zero Based Compressed Oops mode in which the Java heap is
#     placed in the first 32GB address space. The Java Heap base address is the
#     maximum limit for the native heap growth. Please use -XX:HeapBaseMinAddress
#     to set the Java Heap base and to place the Java Heap above 32GB virtual address.
# This output file may be truncated or incomplete.
#
#  Out of Memory Error (os_windows.cpp:3926), pid=40076, tid=42768
#
# JRE version: OpenJDK Runtime Environment (21.0.10) (build 21.0.10+-14961533-b1163.108)
# Java VM: OpenJDK 64-Bit Server VM (21.0.10+-14961533-b1163.108, mixed mode, tiered, compressed oops, compressed class ptrs, g1 gc, windows-amd64)
# No core dump will be written. Minidumps are not enabled by default on client versions of Windows
#

---------------  S U M M A R Y ------------

Command Line: org.jetbrains.kotlin.cli.jvm.K2JVMCompiler @C:\Users\Juan\StudioProjects\Alertastock-android\app\build\20260421_16328809684631923722.compiler.options

Host: AMD Ryzen 5 5600G with Radeon Graphics         , 12 cores, 15G,  Windows 11 , 64 bit Build 26100 (10.0.26100.8246)
Time: Tue Apr 21 23:26:42 2026 Hora est. Pac璗ico, Sudam廨ica elapsed time: 17.097872 seconds (0d 0h 0m 17s)

---------------  T H R E A D  ---------------

Current thread (0x000001eeca4bc020):  VMThread "VM Thread"          [id=42768, stack(0x0000008690500000,0x0000008690600000) (1024K)]

Stack: [0x0000008690500000,0x0000008690600000]
Native frames: (J=compiled Java code, j=interpreted, Vv=VM code, C=native code)
V  [jvm.dll+0x6d78a9]
V  [jvm.dll+0x8665b3]
V  [jvm.dll+0x868bde]
V  [jvm.dll+0x8692c3]
V  [jvm.dll+0x280ee6]
V  [jvm.dll+0x6d4165]
V  [jvm.dll+0x6c77fa]
V  [jvm.dll+0x358f4b]
V  [jvm.dll+0x360bc6]
V  [jvm.dll+0x3b2ea6]
V  [jvm.dll+0x3b3178]
V  [jvm.dll+0x32b65c]
V  [jvm.dll+0x32e066]
V  [jvm.dll+0x337f3d]
V  [jvm.dll+0x36f6a5]
V  [jvm.dll+0x86f048]
V  [jvm.dll+0x870394]
V  [jvm.dll+0x8708d0]
V  [jvm.dll+0x870b63]
V  [jvm.dll+0x80fd28]
V  [jvm.dll+0x6d60fd]
C  [ucrtbase.dll+0x37b0]
C  [KERNEL32.DLL+0x2e8d7]
C  [ntdll.dll+0x8c3fc]

VM_Operation (0x00000086900ff8f0): G1PauseRemark, mode: safepoint, requested by thread 0x000001eeb02d39b0


---------------  P R O C E S S  ---------------

Threads class SMR info:
_java_thread_list=0x000001eecf9c05b0, length=13, elements={
0x000001eeb0259940, 0x000001eeca65fd30, 0x000001eeca66b830, 0x000001eeca66ceb0,
0x000001eeca66dfe0, 0x000001eeca6922a0, 0x000001eeca692910, 0x000001eeca692f80,
0x000001eeca662dc0, 0x000001eeca6af330, 0x000001eeca8563a0, 0x000001eed640e780,
0x000001eed640f520
}

Java Threads: ( => current thread )
  0x000001eeb0259940 JavaThread "main"                              [_thread_blocked, id=44692, stack(0x000000868fe00000,0x000000868ff00000) (1024K)]
  0x000001eeca65fd30 JavaThread "Common-Cleaner"             daemon [_thread_blocked, id=44812, stack(0x0000008690600000,0x0000008690700000) (1024K)]
  0x000001eeca66b830 JavaThread "Reference Handler"          daemon [_thread_blocked, id=32472, stack(0x0000008690700000,0x0000008690800000) (1024K)]
  0x000001eeca66ceb0 JavaThread "Finalizer"                  daemon [_thread_blocked, id=42420, stack(0x0000008690800000,0x0000008690900000) (1024K)]
  0x000001eeca66dfe0 JavaThread "Signal Dispatcher"          daemon [_thread_blocked, id=32120, stack(0x0000008690900000,0x0000008690a00000) (1024K)]
  0x000001eeca6922a0 JavaThread "Attach Listener"            daemon [_thread_blocked, id=36184, stack(0x0000008690a00000,0x0000008690b00000) (1024K)]
  0x000001eeca692910 JavaThread "Service Thread"             daemon [_thread_blocked, id=24492, stack(0x0000008690b00000,0x0000008690c00000) (1024K)]
  0x000001eeca692f80 JavaThread "Monitor Deflation Thread"   daemon [_thread_blocked, id=13132, stack(0x0000008690c00000,0x0000008690d00000) (1024K)]
  0x000001eeca662dc0 JavaThread "C2 CompilerThread0"         daemon [_thread_blocked, id=38572, stack(0x0000008690d00000,0x0000008690e00000) (1024K)]
  0x000001eeca6af330 JavaThread "C1 CompilerThread0"         daemon [_thread_blocked, id=3560, stack(0x0000008690e00000,0x0000008690f00000) (1024K)]
  0x000001eeca8563a0 JavaThread "Notification Thread"        daemon [_thread_blocked, id=24164, stack(0x0000008690f00000,0x0000008691000000) (1024K)]
  0x000001eed640e780 JavaThread "C2 CompilerThread1"         daemon [_thread_blocked, id=38216, stack(0x0000008691000000,0x0000008691100000) (1024K)]
  0x000001eed640f520 JavaThread "C2 CompilerThread2"         daemon [_thread_blocked, id=38208, stack(0x0000008691100000,0x0000008691200000) (1024K)]
Total: 13

Other Threads:
=>0x000001eeca4bc020 VMThread "VM Thread"                           [id=42768, stack(0x0000008690500000,0x0000008690600000) (1024K)]
  0x000001eeca462e60 WatcherThread "VM Periodic Task Thread"        [id=31576, stack(0x0000008690400000,0x0000008690500000) (1024K)]
  0x000001eeb02c2520 WorkerThread "GC Thread#0"                     [id=192, stack(0x000000868ff00000,0x0000008690000000) (1024K)]
  0x000001eecf5770c0 WorkerThread "GC Thread#1"                     [id=12976, stack(0x0000008691200000,0x0000008691300000) (1024K)]
  0x000001eecf577470 WorkerThread "GC Thread#2"                     [id=44228, stack(0x0000008691300000,0x0000008691400000) (1024K)]
  0x000001eecf577820 WorkerThread "GC Thread#3"                     [id=44116, stack(0x0000008691400000,0x0000008691500000) (1024K)]
  0x000001eecf577bd0 WorkerThread "GC Thread#4"                     [id=39036, stack(0x0000008691500000,0x0000008691600000) (1024K)]
  0x000001eecf594fb0 WorkerThread "GC Thread#5"                     [id=3480, stack(0x0000008691600000,0x0000008691700000) (1024K)]
  0x000001eecfac9fb0 WorkerThread "GC Thread#6"                     [id=34152, stack(0x0000008691700000,0x0000008691800000) (1024K)]
  0x000001eecfaca360 WorkerThread "GC Thread#7"                     [id=14440, stack(0x0000008691800000,0x0000008691900000) (1024K)]
  0x000001eecfaccd90 WorkerThread "GC Thread#8"                     [id=43468, stack(0x0000008691b00000,0x0000008691c00000) (1024K)]
  0x000001eecfacb770 WorkerThread "GC Thread#9"                     [id=25144, stack(0x0000008691c00000,0x0000008691d00000) (1024K)]
  0x000001eeb02d39b0 ConcurrentGCThread "G1 Main Marker"            [id=12216, stack(0x0000008690000000,0x0000008690100000) (1024K)]
  0x000001eeb02d65b0 WorkerThread "G1 Conc#0"                       [id=43900, stack(0x0000008690100000,0x0000008690200000) (1024K)]
  0x000001eecf5ad2a0 WorkerThread "G1 Conc#1"                       [id=43884, stack(0x0000008691900000,0x0000008691a00000) (1024K)]
  0x000001eecfacc630 WorkerThread "G1 Conc#2"                       [id=43956, stack(0x0000008691a00000,0x0000008691b00000) (1024K)]
  0x000001eeca336a30 ConcurrentGCThread "G1 Refine#0"               [id=37100, stack(0x0000008690200000,0x0000008690300000) (1024K)]
  0x000001eeca337060 ConcurrentGCThread "G1 Service"                [id=14760, stack(0x0000008690300000,0x0000008690400000) (1024K)]
Total: 18

Threads with active compile tasks:
C2 CompilerThread0  17125 15307       4       org.jetbrains.kotlin.fir.backend.Fir2IrTypeConverter::toIrType (1744 bytes)
C1 CompilerThread0  17125 15491       3       org.jetbrains.kotlin.ir.descriptors.IrBasedDescriptorsKt::toIrBasedDescriptor (85 bytes)
C2 CompilerThread1  17125 15498       4       java.util.regex.Matcher::reset (128 bytes)
C2 CompilerThread2  17125 15503       4       org.jetbrains.kotlin.fir.backend.Fir2IrTypeConverterKt::toIrType$default (17 bytes)
Total: 4

VM state: at safepoint (normal execution)

VM Mutex/Monitor currently owned by a thread:  ([mutex/lock_event])
[0x00007ff98be286d0] Threads_lock - owner thread: 0x000001eeca4bc020
[0x00007ff98be287d0] Heap_lock - owner thread: 0x000001eeb02d39b0

Heap address: 0x0000000703600000, size: 4042 MB, Compressed Oops mode: Zero based, Oop shift amount: 3

CDS archive(s) not mapped
Compressed class space mapped at: 0x0000000800000000-0x0000000840000000, reserved size: 1073741824
Narrow klass base: 0x0000000800000000, Narrow klass shift: 0, Narrow klass range: 0x40000000

GC Precious Log:
 CardTable entry size: 512
 Card Set container configuration: InlinePtr #cards 4 size 8 Array Of Cards #cards 16 size 48 Howl #buckets 8 coarsen threshold 3686 Howl Bitmap #cards 512 size 80 coarsen threshold 460 Card regions per heap region 1 cards per card region 4096
 CPUs: 12 total, 12 available
 Memory: 16164M
 Large Page Support: Disabled
 NUMA Support: Disabled
 Compressed Oops: Enabled (Zero based)
 Heap Region Size: 2M
 Heap Min Capacity: 8M
 Heap Initial Capacity: 254M
 Heap Max Capacity: 4042M
 Pre-touch: Disabled
 Parallel Workers: 10
 Concurrent Workers: 3
 Concurrent Refinement Workers: 10
 Periodic GC: Disabled

Heap:
 garbage-first heap   total 262144K, used 181299K [0x0000000703600000, 0x0000000800000000)
  region size 2048K, 8 young (16384K), 4 survivors (8192K)
 Metaspace       used 84889K, committed 85184K, reserved 1179648K
  class space    used 9235K, committed 9344K, reserved 1048576K

Heap Regions: E=young(eden), S=young(survivor), O=old, HS=humongous(starts), HC=humongous(continues), CS=collection set, F=free, TAMS=top-at-mark-start, PB=parsable bottom
|   0|0x0000000703600000, 0x0000000703800000, 0x0000000703800000|100%|HS|  |TAMS 0x0000000703800000| PB 0x0000000703600000| Complete 
|   1|0x0000000703800000, 0x0000000703a00000, 0x0000000703a00000|100%|HC|  |TAMS 0x0000000703a00000| PB 0x0000000703800000| Complete 
|   2|0x0000000703a00000, 0x0000000703c00000, 0x0000000703c00000|100%| O|  |TAMS 0x0000000703c00000| PB 0x0000000703c00000| Untracked 
|   3|0x0000000703c00000, 0x0000000703e00000, 0x0000000703e00000|100%| O|  |TAMS 0x0000000703e00000| PB 0x0000000703e00000| Untracked 
|   4|0x0000000703e00000, 0x0000000704000000, 0x0000000704000000|100%| O|  |TAMS 0x0000000704000000| PB 0x0000000704000000| Untracked 
|   5|0x0000000704000000, 0x0000000704200000, 0x0000000704200000|100%| O|  |TAMS 0x0000000704200000| PB 0x0000000704200000| Untracked 
|   6|0x0000000704200000, 0x0000000704400000, 0x0000000704400000|100%| O|  |TAMS 0x0000000704400000| PB 0x0000000704400000| Untracked 
|   7|0x0000000704400000, 0x0000000704600000, 0x0000000704600000|100%| O|  |TAMS 0x0000000704600000| PB 0x0000000704600000| Updating 
|   8|0x0000000704600000, 0x0000000704800000, 0x0000000704800000|100%| O|  |TAMS 0x0000000704800000| PB 0x0000000704800000| Untracked 
|   9|0x0000000704800000, 0x0000000704a00000, 0x0000000704a00000|100%| O|  |TAMS 0x0000000704a00000| PB 0x0000000704a00000| Updating 
|  10|0x0000000704a00000, 0x0000000704c00000, 0x0000000704c00000|100%| O|  |TAMS 0x0000000704c00000| PB 0x0000000704c00000| Untracked 
|  11|0x0000000704c00000, 0x0000000704e00000, 0x0000000704e00000|100%| O|  |TAMS 0x0000000704e00000| PB 0x0000000704e00000| Updating 
|  12|0x0000000704e00000, 0x0000000705000000, 0x0000000705000000|100%| O|  |TAMS 0x0000000705000000| PB 0x0000000705000000| Untracked 
|  13|0x0000000705000000, 0x0000000705200000, 0x0000000705200000|100%| O|  |TAMS 0x0000000705200000| PB 0x0000000705200000| Untracked 
|  14|0x0000000705200000, 0x0000000705400000, 0x0000000705400000|100%| O|  |TAMS 0x0000000705400000| PB 0x0000000705400000| Untracked 
|  15|0x0000000705400000, 0x0000000705600000, 0x0000000705600000|100%| O|  |TAMS 0x0000000705600000| PB 0x0000000705600000| Untracked 
|  16|0x0000000705600000, 0x0000000705800000, 0x0000000705800000|100%| O|  |TAMS 0x0000000705800000| PB 0x0000000705800000| Untracked 
|  17|0x0000000705800000, 0x0000000705a00000, 0x0000000705a00000|100%| O|  |TAMS 0x0000000705a00000| PB 0x0000000705a00000| Updating 
|  18|0x0000000705a00000, 0x0000000705c00000, 0x0000000705c00000|100%| O|  |TAMS 0x0000000705c00000| PB 0x0000000705c00000| Updating 
|  19|0x0000000705c00000, 0x0000000705e00000, 0x0000000705e00000|100%| O|  |TAMS 0x0000000705e00000| PB 0x0000000705e00000| Untracked 
|  20|0x0000000705e00000, 0x0000000706000000, 0x0000000706000000|100%| O|  |TAMS 0x0000000706000000| PB 0x0000000706000000| Untracked 
|  21|0x0000000706000000, 0x0000000706200000, 0x0000000706200000|100%| O|  |TAMS 0x0000000706200000| PB 0x0000000706200000| Untracked 
|  22|0x0000000706200000, 0x0000000706400000, 0x0000000706400000|100%| O|  |TAMS 0x0000000706400000| PB 0x0000000706400000| Untracked 
|  23|0x0000000706400000, 0x0000000706600000, 0x0000000706600000|100%| O|  |TAMS 0x0000000706600000| PB 0x0000000706600000| Untracked 
|  24|0x0000000706600000, 0x0000000706800000, 0x0000000706800000|100%| O|  |TAMS 0x0000000706800000| PB 0x0000000706800000| Untracked 
|  25|0x0000000706800000, 0x0000000706a00000, 0x0000000706a00000|100%| O|  |TAMS 0x0000000706a00000| PB 0x0000000706a00000| Untracked 
|  26|0x0000000706a00000, 0x0000000706c00000, 0x0000000706c00000|100%| O|  |TAMS 0x0000000706c00000| PB 0x0000000706c00000| Untracked 
|  27|0x0000000706c00000, 0x0000000706e00000, 0x0000000706e00000|100%| O|  |TAMS 0x0000000706e00000| PB 0x0000000706e00000| Untracked 
|  28|0x0000000706e00000, 0x0000000707000000, 0x0000000707000000|100%| O|  |TAMS 0x0000000707000000| PB 0x0000000707000000| Untracked 
|  29|0x0000000707000000, 0x0000000707200000, 0x0000000707200000|100%| O|  |TAMS 0x0000000707200000| PB 0x0000000707200000| Untracked 
|  30|0x0000000707200000, 0x0000000707400000, 0x0000000707400000|100%| O|  |TAMS 0x0000000707400000| PB 0x0000000707400000| Untracked 
|  31|0x0000000707400000, 0x0000000707600000, 0x0000000707600000|100%| O|  |TAMS 0x0000000707600000| PB 0x0000000707600000| Untracked 
|  32|0x0000000707600000, 0x0000000707800000, 0x0000000707800000|100%| O|  |TAMS 0x0000000707800000| PB 0x0000000707800000| Untracked 
|  33|0x0000000707800000, 0x0000000707a00000, 0x0000000707a00000|100%| O|  |TAMS 0x0000000707a00000| PB 0x0000000707a00000| Untracked 
|  34|0x0000000707a00000, 0x0000000707c00000, 0x0000000707c00000|100%| O|  |TAMS 0x0000000707c00000| PB 0x0000000707c00000| Untracked 
|  35|0x0000000707c00000, 0x0000000707e00000, 0x0000000707e00000|100%| O|  |TAMS 0x0000000707e00000| PB 0x0000000707e00000| Untracked 
|  36|0x0000000707e00000, 0x0000000708000000, 0x0000000708000000|100%| O|  |TAMS 0x0000000708000000| PB 0x0000000708000000| Untracked 
|  37|0x0000000708000000, 0x0000000708200000, 0x0000000708200000|100%| O|  |TAMS 0x0000000708200000| PB 0x0000000708200000| Untracked 
|  38|0x0000000708200000, 0x0000000708400000, 0x0000000708400000|100%| O|  |TAMS 0x0000000708400000| PB 0x0000000708400000| Untracked 
|  39|0x0000000708400000, 0x0000000708600000, 0x0000000708600000|100%| O|  |TAMS 0x0000000708600000| PB 0x0000000708600000| Untracked 
|  40|0x0000000708600000, 0x0000000708800000, 0x0000000708800000|100%| O|  |TAMS 0x0000000708800000| PB 0x0000000708800000| Updating 
|  41|0x0000000708800000, 0x0000000708a00000, 0x0000000708a00000|100%| O|  |TAMS 0x0000000708a00000| PB 0x0000000708a00000| Untracked 
|  42|0x0000000708a00000, 0x0000000708c00000, 0x0000000708c00000|100%| O|  |TAMS 0x0000000708c00000| PB 0x0000000708c00000| Untracked 
|  43|0x0000000708c00000, 0x0000000708e00000, 0x0000000708e00000|100%| O|  |TAMS 0x0000000708e00000| PB 0x0000000708e00000| Untracked 
|  44|0x0000000708e00000, 0x0000000709000000, 0x0000000709000000|100%| O|  |TAMS 0x0000000709000000| PB 0x0000000709000000| Untracked 
|  45|0x0000000709000000, 0x0000000709200000, 0x0000000709200000|100%| O|  |TAMS 0x0000000709200000| PB 0x0000000709200000| Untracked 
|  46|0x0000000709200000, 0x0000000709400000, 0x0000000709400000|100%| O|  |TAMS 0x0000000709400000| PB 0x0000000709400000| Updating 
|  47|0x0000000709400000, 0x0000000709600000, 0x0000000709600000|100%| O|  |TAMS 0x0000000709600000| PB 0x0000000709600000| Untracked 
|  48|0x0000000709600000, 0x0000000709800000, 0x0000000709800000|100%| O|  |TAMS 0x0000000709800000| PB 0x0000000709800000| Untracked 
|  49|0x0000000709800000, 0x0000000709a00000, 0x0000000709a00000|100%| O|  |TAMS 0x0000000709a00000| PB 0x0000000709a00000| Untracked 
|  50|0x0000000709a00000, 0x0000000709c00000, 0x0000000709c00000|100%| O|  |TAMS 0x0000000709c00000| PB 0x0000000709c00000| Untracked 
|  51|0x0000000709c00000, 0x0000000709e00000, 0x0000000709e00000|100%| O|  |TAMS 0x0000000709e00000| PB 0x0000000709e00000| Updating 
|  52|0x0000000709e00000, 0x000000070a000000, 0x000000070a000000|100%| O|  |TAMS 0x000000070a000000| PB 0x000000070a000000| Untracked 
|  53|0x000000070a000000, 0x000000070a200000, 0x000000070a200000|100%| O|  |TAMS 0x000000070a000000| PB 0x000000070a000000| Untracked 
|  54|0x000000070a200000, 0x000000070a400000, 0x000000070a400000|100%| O|  |TAMS 0x000000070a400000| PB 0x000000070a400000| Untracked 
|  55|0x000000070a400000, 0x000000070a600000, 0x000000070a600000|100%| O|  |TAMS 0x000000070a600000| PB 0x000000070a600000| Untracked 
|  56|0x000000070a600000, 0x000000070a800000, 0x000000070a800000|100%| O|  |TAMS 0x000000070a800000| PB 0x000000070a800000| Untracked 
|  57|0x000000070a800000, 0x000000070aa00000, 0x000000070aa00000|100%| O|  |TAMS 0x000000070aa00000| PB 0x000000070aa00000| Untracked 
|  58|0x000000070aa00000, 0x000000070ac00000, 0x000000070ac00000|100%| O|  |TAMS 0x000000070ac00000| PB 0x000000070ac00000| Untracked 
|  59|0x000000070ac00000, 0x000000070ae00000, 0x000000070ae00000|100%| O|  |TAMS 0x000000070ae00000| PB 0x000000070ae00000| Untracked 
|  60|0x000000070ae00000, 0x000000070b000000, 0x000000070b000000|100%| O|  |TAMS 0x000000070b000000| PB 0x000000070b000000| Untracked 
|  61|0x000000070b000000, 0x000000070b200000, 0x000000070b200000|100%| O|  |TAMS 0x000000070b000000| PB 0x000000070b000000| Untracked 
|  62|0x000000070b200000, 0x000000070b400000, 0x000000070b400000|100%| O|  |TAMS 0x000000070b400000| PB 0x000000070b400000| Untracked 
|  63|0x000000070b400000, 0x000000070b600000, 0x000000070b600000|100%| O|  |TAMS 0x000000070b600000| PB 0x000000070b600000| Updating 
|  64|0x000000070b600000, 0x000000070b800000, 0x000000070b800000|100%| O|  |TAMS 0x000000070b800000| PB 0x000000070b800000| Untracked 
|  65|0x000000070b800000, 0x000000070ba00000, 0x000000070ba00000|100%| O|  |TAMS 0x000000070ba00000| PB 0x000000070ba00000| Untracked 
|  66|0x000000070ba00000, 0x000000070bc00000, 0x000000070bc00000|100%| O|  |TAMS 0x000000070bc00000| PB 0x000000070bc00000| Untracked 
|  67|0x000000070bc00000, 0x000000070be00000, 0x000000070be00000|100%| O|  |TAMS 0x000000070be00000| PB 0x000000070be00000| Updating 
|  68|0x000000070be00000, 0x000000070c000000, 0x000000070c000000|100%| O|  |TAMS 0x000000070c000000| PB 0x000000070c000000| Updating 
|  69|0x000000070c000000, 0x000000070c200000, 0x000000070c200000|100%| O|  |TAMS 0x000000070c200000| PB 0x000000070c200000| Untracked 
|  70|0x000000070c200000, 0x000000070c400000, 0x000000070c400000|100%| O|  |TAMS 0x000000070c400000| PB 0x000000070c400000| Untracked 
|  71|0x000000070c400000, 0x000000070c600000, 0x000000070c600000|100%| O|  |TAMS 0x000000070c600000| PB 0x000000070c600000| Untracked 
|  72|0x000000070c600000, 0x000000070c800000, 0x000000070c800000|100%| O|  |TAMS 0x000000070c800000| PB 0x000000070c800000| Untracked 
|  73|0x000000070c800000, 0x000000070ca00000, 0x000000070ca00000|100%| O|  |TAMS 0x000000070ca00000| PB 0x000000070ca00000| Untracked 
|  74|0x000000070ca00000, 0x000000070cc00000, 0x000000070cc00000|100%| O|  |TAMS 0x000000070cc00000| PB 0x000000070cc00000| Untracked 
|  75|0x000000070cc00000, 0x000000070ce00000, 0x000000070ce00000|100%| O|  |TAMS 0x000000070ce00000| PB 0x000000070ce00000| Untracked 
|  76|0x000000070ce00000, 0x000000070d000000, 0x000000070d000000|100%| O|  |TAMS 0x000000070d000000| PB 0x000000070d000000| Updating 
|  77|0x000000070d000000, 0x000000070d200000, 0x000000070d200000|100%| O|  |TAMS 0x000000070d000000| PB 0x000000070d000000| Untracked 
|  78|0x000000070d200000, 0x000000070d400000, 0x000000070d400000|100%| O|  |TAMS 0x000000070d200000| PB 0x000000070d200000| Untracked 
|  79|0x000000070d400000, 0x000000070d600000, 0x000000070d600000|100%| O|  |TAMS 0x000000070d400000| PB 0x000000070d400000| Untracked 
|  80|0x000000070d600000, 0x000000070d70cd80, 0x000000070d800000| 52%| O|  |TAMS 0x000000070d600000| PB 0x000000070d600000| Updating 
|  81|0x000000070d800000, 0x000000070d800000, 0x000000070da00000|  0%| F|  |TAMS 0x000000070d800000| PB 0x000000070d800000| Untracked 
|  82|0x000000070da00000, 0x000000070da00000, 0x000000070dc00000|  0%| F|  |TAMS 0x000000070da00000| PB 0x000000070da00000| Untracked 
|  83|0x000000070dc00000, 0x000000070dc00000, 0x000000070de00000|  0%| F|  |TAMS 0x000000070dc00000| PB 0x000000070dc00000| Untracked 
|  84|0x000000070de00000, 0x000000070de00000, 0x000000070e000000|  0%| F|  |TAMS 0x000000070de00000| PB 0x000000070de00000| Untracked 
|  85|0x000000070e000000, 0x000000070e000000, 0x000000070e200000|  0%| F|  |TAMS 0x000000070e000000| PB 0x000000070e000000| Untracked 
|  86|0x000000070e200000, 0x000000070e200000, 0x000000070e400000|  0%| F|  |TAMS 0x000000070e200000| PB 0x000000070e200000| Untracked 
|  87|0x000000070e400000, 0x000000070e400000, 0x000000070e600000|  0%| F|  |TAMS 0x000000070e400000| PB 0x000000070e400000| Untracked 
|  88|0x000000070e600000, 0x000000070e600000, 0x000000070e800000|  0%| F|  |TAMS 0x000000070e600000| PB 0x000000070e600000| Untracked 
|  89|0x000000070e800000, 0x000000070e800000, 0x000000070ea00000|  0%| F|  |TAMS 0x000000070e800000| PB 0x000000070e800000| Untracked 
|  90|0x000000070ea00000, 0x000000070ec00000, 0x000000070ec00000|100%| S|CS|TAMS 0x000000070ea00000| PB 0x000000070ea00000| Complete 
|  91|0x000000070ec00000, 0x000000070ee00000, 0x000000070ee00000|100%| S|CS|TAMS 0x000000070ec00000| PB 0x000000070ec00000| Complete 
|  92|0x000000070ee00000, 0x000000070f000000, 0x000000070f000000|100%| S|CS|TAMS 0x000000070ee00000| PB 0x000000070ee00000| Complete 
|  93|0x000000070f000000, 0x000000070f200000, 0x000000070f200000|100%| S|CS|TAMS 0x000000070f000000| PB 0x000000070f000000| Complete 
|  94|0x000000070f200000, 0x000000070f200000, 0x000000070f400000|  0%| F|  |TAMS 0x000000070f200000| PB 0x000000070f200000| Untracked 
|  95|0x000000070f400000, 0x000000070f400000, 0x000000070f600000|  0%| F|  |TAMS 0x000000070f400000| PB 0x000000070f400000| Untracked 
|  96|0x000000070f600000, 0x000000070f600000, 0x000000070f800000|  0%| F|  |TAMS 0x000000070f600000| PB 0x000000070f600000| Untracked 
|  97|0x000000070f800000, 0x000000070f800000, 0x000000070fa00000|  0%| F|  |TAMS 0x000000070f800000| PB 0x000000070f800000| Untracked 
|  98|0x000000070fa00000, 0x000000070fa00000, 0x000000070fc00000|  0%| F|  |TAMS 0x000000070fa00000| PB 0x000000070fa00000| Untracked 
|  99|0x000000070fc00000, 0x000000070fc00000, 0x000000070fe00000|  0%| F|  |TAMS 0x000000070fc00000| PB 0x000000070fc00000| Untracked 
| 100|0x000000070fe00000, 0x000000070fe00000, 0x0000000710000000|  0%| F|  |TAMS 0x000000070fe00000| PB 0x000000070fe00000| Untracked 
| 101|0x0000000710000000, 0x0000000710000000, 0x0000000710200000|  0%| F|  |TAMS 0x0000000710000000| PB 0x0000000710000000| Untracked 
| 102|0x0000000710200000, 0x0000000710200000, 0x0000000710400000|  0%| F|  |TAMS 0x0000000710200000| PB 0x0000000710200000| Untracked 
| 103|0x0000000710400000, 0x0000000710400000, 0x0000000710600000|  0%| F|  |TAMS 0x0000000710400000| PB 0x0000000710400000| Untracked 
| 104|0x0000000710600000, 0x0000000710600000, 0x0000000710800000|  0%| F|  |TAMS 0x0000000710600000| PB 0x0000000710600000| Untracked 
| 105|0x0000000710800000, 0x0000000710800000, 0x0000000710a00000|  0%| F|  |TAMS 0x0000000710800000| PB 0x0000000710800000| Untracked 
| 106|0x0000000710a00000, 0x0000000710a00000, 0x0000000710c00000|  0%| F|  |TAMS 0x0000000710a00000| PB 0x0000000710a00000| Untracked 
| 107|0x0000000710c00000, 0x0000000710c00000, 0x0000000710e00000|  0%| F|  |TAMS 0x0000000710c00000| PB 0x0000000710c00000| Untracked 
| 108|0x0000000710e00000, 0x0000000710e00000, 0x0000000711000000|  0%| F|  |TAMS 0x0000000710e00000| PB 0x0000000710e00000| Untracked 
| 109|0x0000000711000000, 0x0000000711000000, 0x0000000711200000|  0%| F|  |TAMS 0x0000000711000000| PB 0x0000000711000000| Untracked 
| 110|0x0000000711200000, 0x0000000711200000, 0x0000000711400000|  0%| F|  |TAMS 0x0000000711200000| PB 0x0000000711200000| Untracked 
| 111|0x0000000711400000, 0x0000000711400000, 0x0000000711600000|  0%| F|  |TAMS 0x0000000711400000| PB 0x0000000711400000| Untracked 
| 112|0x0000000711600000, 0x0000000711600000, 0x0000000711800000|  0%| F|  |TAMS 0x0000000711600000| PB 0x0000000711600000| Untracked 
| 113|0x0000000711800000, 0x0000000711800000, 0x0000000711a00000|  0%| F|  |TAMS 0x0000000711800000| PB 0x0000000711800000| Untracked 
| 114|0x0000000711a00000, 0x0000000711a00000, 0x0000000711c00000|  0%| F|  |TAMS 0x0000000711a00000| PB 0x0000000711a00000| Untracked 
| 115|0x0000000711c00000, 0x0000000711c00000, 0x0000000711e00000|  0%| F|  |TAMS 0x0000000711c00000| PB 0x0000000711c00000| Untracked 
| 116|0x0000000711e00000, 0x0000000711e00000, 0x0000000712000000|  0%| F|  |TAMS 0x0000000711e00000| PB 0x0000000711e00000| Untracked 
| 117|0x0000000712000000, 0x0000000712100000, 0x0000000712200000| 50%| E|  |TAMS 0x0000000712000000| PB 0x0000000712000000| Complete 
| 118|0x0000000712200000, 0x0000000712400000, 0x0000000712400000|100%| E|CS|TAMS 0x0000000712200000| PB 0x0000000712200000| Complete 
| 119|0x0000000712400000, 0x0000000712600000, 0x0000000712600000|100%| E|CS|TAMS 0x0000000712400000| PB 0x0000000712400000| Complete 
| 120|0x0000000712600000, 0x0000000712600000, 0x0000000712800000|  0%| F|  |TAMS 0x0000000712600000| PB 0x0000000712600000| Untracked 
| 121|0x0000000712800000, 0x0000000712800000, 0x0000000712a00000|  0%| F|  |TAMS 0x0000000712800000| PB 0x0000000712800000| Untracked 
| 122|0x0000000712a00000, 0x0000000712a00000, 0x0000000712c00000|  0%| F|  |TAMS 0x0000000712a00000| PB 0x0000000712a00000| Untracked 
| 123|0x0000000712c00000, 0x0000000712c00000, 0x0000000712e00000|  0%| F|  |TAMS 0x0000000712c00000| PB 0x0000000712c00000| Untracked 
| 124|0x0000000712e00000, 0x0000000712e00000, 0x0000000713000000|  0%| F|  |TAMS 0x0000000712e00000| PB 0x0000000712e00000| Untracked 
| 125|0x0000000713000000, 0x0000000713000000, 0x0000000713200000|  0%| F|  |TAMS 0x0000000713000000| PB 0x0000000713000000| Untracked 
| 126|0x0000000713200000, 0x0000000713400000, 0x0000000713400000|100%| E|CS|TAMS 0x0000000713200000| PB 0x0000000713200000| Complete 
|2020|0x00000007ffe00000, 0x0000000800000000, 0x0000000800000000|100%| O|  |TAMS 0x0000000800000000| PB 0x0000000800000000| Updating 

Card table byte_map: [0x000001eec3110000,0x000001eec3900000] _byte_map_base: 0x000001eebf8f5000

Marking Bits: (CMBitMap*) 0x000001eeb02c3440
 Bits: [0x000001eec3900000, 0x000001eec7828000)

Polling page: 0x000001eeafa20000

Metaspace:

Usage:
  Non-class:     73.88 MB used.
      Class:      9.02 MB used.
       Both:     82.90 MB used.

Virtual space:
  Non-class space:      128.00 MB reserved,      74.06 MB ( 58%) committed,  2 nodes.
      Class space:        1.00 GB reserved,       9.12 MB ( <1%) committed,  1 nodes.
             Both:        1.12 GB reserved,      83.19 MB (  7%) committed. 

Chunk freelists:
   Non-Class:  5.53 MB
       Class:  6.89 MB
        Both:  12.42 MB

MaxMetaspaceSize: unlimited
CompressedClassSpaceSize: 1.00 GB
Initial GC threshold: 21.00 MB
Current GC threshold: 119.94 MB
CDS: off
 - commit_granule_bytes: 65536.
 - commit_granule_words: 8192.
 - virtual_space_node_default_size: 8388608.
 - enlarge_chunks_in_place: 1.
 - use_allocation_guard: 0.


Internal statistics:

num_allocs_failed_limit: 3.
num_arena_births: 354.
num_arena_deaths: 0.
num_vsnodes_births: 3.
num_vsnodes_deaths: 0.
num_space_committed: 1329.
num_space_uncommitted: 0.
num_chunks_returned_to_freelist: 3.
num_chunks_taken_from_freelist: 2978.
num_chunk_merges: 3.
num_chunk_splits: 2496.
num_chunks_enlarged: 2269.
num_inconsistent_stats: 0.

CodeHeap 'non-profiled nmethods': size=120000Kb used=8620Kb max_used=10392Kb free=111379Kb
 bounds [0x000001eebae90000, 0x000001eebb8c0000, 0x000001eec23c0000]
CodeHeap 'profiled nmethods': size=120000Kb used=46635Kb max_used=54396Kb free=73364Kb
 bounds [0x000001eeb33c0000, 0x000001eeb68f0000, 0x000001eeba8f0000]
CodeHeap 'non-nmethods': size=5760Kb used=1680Kb max_used=1748Kb free=4079Kb
 bounds [0x000001eeba8f0000, 0x000001eebab60000, 0x000001eebae90000]
CodeCache: size=245760Kb, used=56935Kb, max_used=66536Kb, free=188822Kb
 total_blobs=12823, nmethods=12010, adapters=714, full_count=0
Compilation: enabled, stopped_count=0, restarted_count=0

Compilation events (20 events):
Event: 17.079 Thread 0x000001eeca6af330 nmethod 15494 0x000001eebb8b4290 code [0x000001eebb8b4420, 0x000001eebb8b44f0]
Event: 17.079 Thread 0x000001eeca6af330 15490       3       org.jetbrains.kotlin.ir.visitors.IrVisitorVoid::visitErrorExpression (13 bytes)
Event: 17.080 Thread 0x000001eed640f520 nmethod 15485 0x000001eebb8b4590 code [0x000001eebb8b4760, 0x000001eebb8b4f78]
Event: 17.080 Thread 0x000001eeca6af330 nmethod 15490 0x000001eeb68d8890 code [0x000001eeb68d8bc0, 0x000001eeb68d9cc8]
Event: 17.080 Thread 0x000001eeca6af330 15495       1       org.jetbrains.kotlin.ir.expressions.impl.IrErrorExpressionImpl::getType (5 bytes)
Event: 17.080 Thread 0x000001eed640f520 15501       4       org.jetbrains.kotlin.ir.types.IrTypesKt::getClassOrNull (52 bytes)
Event: 17.080 Thread 0x000001eeca6af330 nmethod 15495 0x000001eebb8b5210 code [0x000001eebb8b53a0, 0x000001eebb8b5470]
Event: 17.080 Thread 0x000001eeca6af330 15496       1       org.jetbrains.kotlin.ir.expressions.impl.IrErrorExpressionImpl::getDescription (5 bytes)
Event: 17.080 Thread 0x000001eeca6af330 nmethod 15496 0x000001eebb8b5510 code [0x000001eebb8b56a0, 0x000001eebb8b5770]
Event: 17.080 Thread 0x000001eeca6af330 15499       3       org.jetbrains.kotlin.fir.backend.utils.IrElementsCreationUtilsKt$$Lambda/0x000000080091abf0::invoke (16 bytes)
Event: 17.080 Thread 0x000001eeca6af330 nmethod 15499 0x000001eeb68da290 code [0x000001eeb68da440, 0x000001eeb68da688]
Event: 17.080 Thread 0x000001eeca6af330 15500       3       org.jetbrains.kotlin.descriptors.ValueClassRepresentation::mapUnderlyingType (215 bytes)
Event: 17.081 Thread 0x000001eed640f520 nmethod 15501 0x000001eebb8b5810 code [0x000001eebb8b59c0, 0x000001eebb8b5b70]
Event: 17.081 Thread 0x000001eed640f520 15503       4       org.jetbrains.kotlin.fir.backend.Fir2IrTypeConverterKt::toIrType$default (17 bytes)
Event: 17.082 Thread 0x000001eeca6af330 nmethod 15500 0x000001eeb68da790 code [0x000001eeb68dad40, 0x000001eeb68de090]
Event: 17.082 Thread 0x000001eeca6af330 15502       3       org.jetbrains.kotlin.fir.backend.utils.IrElementsCreationUtilsKt::computeValueClassRepresentation$lambda$7 (77 bytes)
Event: 17.082 Thread 0x000001eeca6af330 nmethod 15502 0x000001eeb68df090 code [0x000001eeb68df380, 0x000001eeb68e01d0]
Event: 17.082 Thread 0x000001eeca6af330 15497       1       org.jetbrains.kotlin.ir.expressions.impl.IrErrorExpressionImpl::getAttributeOwnerId (5 bytes)
Event: 17.082 Thread 0x000001eeca6af330 nmethod 15497 0x000001eebb8b5d10 code [0x000001eebb8b5ea0, 0x000001eebb8b5f70]
Event: 17.082 Thread 0x000001eeca6af330 15491       3       org.jetbrains.kotlin.ir.descriptors.IrBasedDescriptorsKt::toIrBasedDescriptor (85 bytes)

GC Heap History (20 events):
Event: 4.340 GC heap before
{Heap before GC invocations=16 (full 0):
 garbage-first heap   total 147456K, used 123511K [0x0000000703600000, 0x0000000800000000)
  region size 2048K, 19 young (38912K), 3 survivors (6144K)
 Metaspace       used 56716K, committed 56960K, reserved 1114112K
  class space    used 6606K, committed 6720K, reserved 1048576K
}
Event: 4.350 GC heap after
{Heap after GC invocations=17 (full 0):
 garbage-first heap   total 147456K, used 98304K [0x0000000703600000, 0x0000000800000000)
  region size 2048K, 3 young (6144K), 3 survivors (6144K)
 Metaspace       used 56716K, committed 56960K, reserved 1114112K
  class space    used 6606K, committed 6720K, reserved 1048576K
}
Event: 5.151 GC heap before
{Heap before GC invocations=18 (full 0):
 garbage-first heap   total 163840K, used 124928K [0x0000000703600000, 0x0000000800000000)
  region size 2048K, 17 young (34816K), 3 survivors (6144K)
 Metaspace       used 60849K, committed 61184K, reserved 1114112K
  class space    used 7073K, committed 7232K, reserved 1048576K
}
Event: 5.163 GC heap after
{Heap after GC invocations=19 (full 0):
 garbage-first heap   total 163840K, used 103202K [0x0000000703600000, 0x0000000800000000)
  region size 2048K, 3 young (6144K), 3 survivors (6144K)
 Metaspace       used 60849K, committed 61184K, reserved 1114112K
  class space    used 7073K, committed 7232K, reserved 1048576K
}
Event: 6.353 GC heap before
{Heap before GC invocations=19 (full 0):
 garbage-first heap   total 163840K, used 140066K [0x0000000703600000, 0x0000000800000000)
  region size 2048K, 21 young (43008K), 3 survivors (6144K)
 Metaspace       used 63331K, committed 63616K, reserved 1114112K
  class space    used 7254K, committed 7424K, reserved 1048576K
}
Event: 6.371 GC heap after
{Heap after GC invocations=20 (full 0):
 garbage-first heap   total 163840K, used 107335K [0x0000000703600000, 0x0000000800000000)
  region size 2048K, 3 young (6144K), 3 survivors (6144K)
 Metaspace       used 63331K, committed 63616K, reserved 1114112K
  class space    used 7254K, committed 7424K, reserved 1048576K
}
Event: 7.299 GC heap before
{Heap before GC invocations=20 (full 0):
 garbage-first heap   total 163840K, used 142151K [0x0000000703600000, 0x0000000800000000)
  region size 2048K, 20 young (40960K), 3 survivors (6144K)
 Metaspace       used 64336K, committed 64704K, reserved 1114112K
  class space    used 7323K, committed 7488K, reserved 1048576K
}
Event: 7.314 GC heap after
{Heap after GC invocations=21 (full 0):
 garbage-first heap   total 249856K, used 112580K [0x0000000703600000, 0x0000000800000000)
  region size 2048K, 3 young (6144K), 3 survivors (6144K)
 Metaspace       used 64336K, committed 64704K, reserved 1114112K
  class space    used 7323K, committed 7488K, reserved 1048576K
}
Event: 9.063 GC heap before
{Heap before GC invocations=22 (full 0):
 garbage-first heap   total 249856K, used 202692K [0x0000000703600000, 0x0000000800000000)
  region size 2048K, 47 young (96256K), 3 survivors (6144K)
 Metaspace       used 65083K, committed 65344K, reserved 1114112K
  class space    used 7347K, committed 7488K, reserved 1048576K
}
Event: 9.075 GC heap after
{Heap after GC invocations=23 (full 0):
 garbage-first heap   total 249856K, used 124922K [0x0000000703600000, 0x0000000800000000)
  region size 2048K, 6 young (12288K), 6 survivors (12288K)
 Metaspace       used 65083K, committed 65344K, reserved 1114112K
  class space    used 7347K, committed 7488K, reserved 1048576K
}
Event: 10.565 GC heap before
{Heap before GC invocations=23 (full 0):
 garbage-first heap   total 249856K, used 206842K [0x0000000703600000, 0x0000000800000000)
  region size 2048K, 46 young (94208K), 6 survivors (12288K)
 Metaspace       used 65604K, committed 65920K, reserved 1114112K
  class space    used 7357K, committed 7488K, reserved 1048576K
}
Event: 10.579 GC heap after
{Heap after GC invocations=24 (full 0):
 garbage-first heap   total 249856K, used 132254K [0x0000000703600000, 0x0000000800000000)
  region size 2048K, 4 young (8192K), 4 survivors (8192K)
 Metaspace       used 65604K, committed 65920K, reserved 1114112K
  class space    used 7357K, committed 7488K, reserved 1048576K
}
Event: 13.320 GC heap before
{Heap before GC invocations=24 (full 0):
 garbage-first heap   total 249856K, used 212126K [0x0000000703600000, 0x0000000800000000)
  region size 2048K, 43 young (88064K), 4 survivors (8192K)
 Metaspace       used 73393K, committed 73664K, reserved 1179648K
  class space    used 8239K, committed 8384K, reserved 1048576K
}
Event: 13.337 GC heap after
{Heap after GC invocations=25 (full 0):
 garbage-first heap   total 249856K, used 142761K [0x0000000703600000, 0x0000000800000000)
  region size 2048K, 5 young (10240K), 5 survivors (10240K)
 Metaspace       used 73393K, committed 73664K, reserved 1179648K
  class space    used 8239K, committed 8384K, reserved 1048576K
}
Event: 14.876 GC heap before
{Heap before GC invocations=26 (full 0):
 garbage-first heap   total 249856K, used 218537K [0x0000000703600000, 0x0000000800000000)
  region size 2048K, 42 young (86016K), 5 survivors (10240K)
 Metaspace       used 76142K, committed 76416K, reserved 1179648K
  class space    used 8478K, committed 8576K, reserved 1048576K
}
Event: 14.895 GC heap after
{Heap after GC invocations=27 (full 0):
 garbage-first heap   total 249856K, used 154975K [0x0000000703600000, 0x0000000800000000)
  region size 2048K, 6 young (12288K), 6 survivors (12288K)
 Metaspace       used 76142K, committed 76416K, reserved 1179648K
  class space    used 8478K, committed 8576K, reserved 1048576K
}
Event: 16.170 GC heap before
{Heap before GC invocations=27 (full 0):
 garbage-first heap   total 249856K, used 220511K [0x0000000703600000, 0x0000000800000000)
  region size 2048K, 38 young (77824K), 6 survivors (12288K)
 Metaspace       used 81679K, committed 82048K, reserved 1179648K
  class space    used 8942K, committed 9088K, reserved 1048576K
}
Event: 16.187 GC heap after
{Heap after GC invocations=28 (full 0):
 garbage-first heap   total 249856K, used 165888K [0x0000000703600000, 0x0000000800000000)
  region size 2048K, 5 young (10240K), 5 survivors (10240K)
 Metaspace       used 81679K, committed 82048K, reserved 1179648K
  class space    used 8942K, committed 9088K, reserved 1048576K
}
Event: 16.979 GC heap before
{Heap before GC invocations=28 (full 0):
 garbage-first heap   total 249856K, used 221184K [0x0000000703600000, 0x0000000800000000)
  region size 2048K, 32 young (65536K), 5 survivors (10240K)
 Metaspace       used 84840K, committed 85120K, reserved 1179648K
  class space    used 9234K, committed 9344K, reserved 1048576K
}
Event: 16.994 GC heap after
{Heap after GC invocations=29 (full 0):
 garbage-first heap   total 249856K, used 175155K [0x0000000703600000, 0x0000000800000000)
  region size 2048K, 4 young (8192K), 4 survivors (8192K)
 Metaspace       used 84840K, committed 85120K, reserved 1179648K
  class space    used 9234K, committed 9344K, reserved 1048576K
}

Dll operation events (3 events):
Event: 0.006 Loaded shared library C:\Program Files\Android\Android Studio\jbr\bin\java.dll
Event: 0.010 Loaded shared library C:\Program Files\Android\Android Studio\jbr\bin\zip.dll
Event: 1.001 Loaded shared library C:\Program Files\Android\Android Studio\jbr\bin\verify.dll

Deoptimization events (20 events):
Event: 16.900 Thread 0x000001eeb0259940 Uncommon trap: trap_request=0xffffffc6 fr.pc=0x000001eebb74a7f4 relative=0x0000000000000134
Event: 16.900 Thread 0x000001eeb0259940 Uncommon trap: reason=bimorphic_or_optimized_type_check action=maybe_recompile pc=0x000001eebb74a7f4 method=org.jetbrains.kotlin.fir.backend.Fir2IrTypeConverterKt.toIrType(Lorg/jetbrains/kotlin/fir/types/ConeKotlinType;Lorg/jetbrains/kotlin/fir/backend/Fi
Event: 16.900 Thread 0x000001eeb0259940 DEOPT PACKING pc=0x000001eebb74a7f4 sp=0x000000868fefb950
Event: 16.900 Thread 0x000001eeb0259940 DEOPT UNPACKING pc=0x000001eeba944422 sp=0x000000868fefb8e8 mode 2
Event: 16.905 Thread 0x000001eeb0259940 Uncommon trap: trap_request=0xffffff66 fr.pc=0x000001eebb871db4 relative=0x0000000000000a34
Event: 16.905 Thread 0x000001eeb0259940 Uncommon trap: reason=speculate_class_check action=maybe_recompile pc=0x000001eebb871db4 method=org.jetbrains.kotlin.fir.declarations.FirDeclarationDataRegistry$DeclarationDataAccessor.getValue(Lorg/jetbrains/kotlin/fir/declarations/FirDeclaration;Lkotlin
Event: 16.905 Thread 0x000001eeb0259940 DEOPT PACKING pc=0x000001eebb871db4 sp=0x000000868fefb510
Event: 16.905 Thread 0x000001eeb0259940 DEOPT UNPACKING pc=0x000001eeba944422 sp=0x000000868fefb3a8 mode 2
Event: 16.959 Thread 0x000001eeb0259940 Uncommon trap: trap_request=0xffffffc6 fr.pc=0x000001eebb85a0f0 relative=0x0000000000000490
Event: 16.959 Thread 0x000001eeb0259940 Uncommon trap: reason=bimorphic_or_optimized_type_check action=maybe_recompile pc=0x000001eebb85a0f0 method=org.jetbrains.kotlin.ir.util.TransformKt.transformIfNeeded(Ljava/util/List;Lorg/jetbrains/kotlin/ir/visitors/IrTransformer;Ljava/lang/Object;)Ljava
Event: 16.959 Thread 0x000001eeb0259940 DEOPT PACKING pc=0x000001eebb85a0f0 sp=0x000000868fefcdb0
Event: 16.959 Thread 0x000001eeb0259940 DEOPT UNPACKING pc=0x000001eeba944422 sp=0x000000868fefccf8 mode 2
Event: 16.961 Thread 0x000001eeb0259940 Uncommon trap: trap_request=0xffffffc6 fr.pc=0x000001eebb85a0f0 relative=0x0000000000000490
Event: 16.961 Thread 0x000001eeb0259940 Uncommon trap: reason=bimorphic_or_optimized_type_check action=maybe_recompile pc=0x000001eebb85a0f0 method=org.jetbrains.kotlin.ir.util.TransformKt.transformIfNeeded(Ljava/util/List;Lorg/jetbrains/kotlin/ir/visitors/IrTransformer;Ljava/lang/Object;)Ljava
Event: 16.961 Thread 0x000001eeb0259940 DEOPT PACKING pc=0x000001eebb85a0f0 sp=0x000000868fefc9b0
Event: 16.961 Thread 0x000001eeb0259940 DEOPT UNPACKING pc=0x000001eeba944422 sp=0x000000868fefc8f8 mode 2
Event: 16.962 Thread 0x000001eeb0259940 Uncommon trap: trap_request=0xffffffc6 fr.pc=0x000001eebb8423d0 relative=0x00000000000002d0
Event: 16.962 Thread 0x000001eeb0259940 Uncommon trap: reason=bimorphic_or_optimized_type_check action=maybe_recompile pc=0x000001eebb8423d0 method=org.jetbrains.kotlin.ir.util.TransformKt.transformIfNeeded(Ljava/util/List;Lorg/jetbrains/kotlin/ir/visitors/IrTransformer;Ljava/lang/Object;)Ljava
Event: 16.962 Thread 0x000001eeb0259940 DEOPT PACKING pc=0x000001eebb8423d0 sp=0x000000868fefcd70
Event: 16.962 Thread 0x000001eeb0259940 DEOPT UNPACKING pc=0x000001eeba944422 sp=0x000000868fefcd10 mode 2

Classes loaded (20 events):
Event: 11.623 Loading class java/util/Locale$Category
Event: 11.624 Loading class java/util/Locale$Category done
Event: 11.666 Loading class java/text/ChoiceFormat
Event: 11.667 Loading class java/text/NumberFormat
Event: 11.667 Loading class java/text/NumberFormat done
Event: 11.667 Loading class java/text/ChoiceFormat done
Event: 12.157 Loading class java/util/EnumMap$EntrySet
Event: 12.157 Loading class java/util/EnumMap$EntrySet done
Event: 12.158 Loading class java/util/EnumMap$EntryIterator
Event: 12.158 Loading class java/util/EnumMap$EnumMapIterator
Event: 12.158 Loading class java/util/EnumMap$EnumMapIterator done
Event: 12.158 Loading class java/util/EnumMap$EntryIterator done
Event: 12.158 Loading class java/util/EnumMap$EntryIterator$Entry
Event: 12.158 Loading class java/util/EnumMap$EntryIterator$Entry done
Event: 16.464 Loading class java/util/concurrent/ConcurrentHashMap$TreeNode
Event: 16.464 Loading class java/util/concurrent/ConcurrentHashMap$TreeNode done
Event: 16.464 Loading class java/util/concurrent/ConcurrentHashMap$TreeBin
Event: 16.464 Loading class java/util/concurrent/ConcurrentHashMap$TreeBin done
Event: 16.646 Loading class java/util/Collections$SynchronizedMap
Event: 16.646 Loading class java/util/Collections$SynchronizedMap done

Classes unloaded (0 events):
No events

Classes redefined (0 events):
No events

Internal exceptions (20 events):
Event: 11.715 Thread 0x000001eeb0259940 Exception <a 'java/lang/NoSuchMethodError'{0x000000070fd2c1f0}: 'java.lang.Object java.lang.invoke.DirectMethodHandle$Holder.invokeStatic(java.lang.Object, int, int, java.lang.Object)'> (0x000000070fd2c1f0) 
thrown [s\src\hotspot\share\interpreter\linkResolver.cpp, line 784]
Event: 11.715 Thread 0x000001eeb0259940 Exception <a 'java/lang/NoSuchMethodError'{0x000000070fd2f868}: 'java.lang.Object java.lang.invoke.DirectMethodHandle$Holder.invokeStaticInit(java.lang.Object, int, int, java.lang.Object)'> (0x000000070fd2f868) 
thrown [s\src\hotspot\share\interpreter\linkResolver.cpp, line 784]
Event: 11.751 Thread 0x000001eeb0259940 Exception <a 'java/lang/NoSuchMethodError'{0x000000070fa39000}: 'java.lang.Object java.lang.invoke.DirectMethodHandle$Holder.invokeStatic(java.lang.Object, java.lang.Object, java.lang.Object, java.lang.Object, java.lang.Object, int)'> (0x000000070fa39000) 
thrown [s\src\hotspot\share\interpreter\linkResolver.cpp, line 784]
Event: 11.759 Thread 0x000001eeb0259940 Implicit null exception at 0x000001eebafc31e3 to 0x000001eebafc33cc
Event: 14.019 Thread 0x000001eeb0259940 Exception <a 'java/lang/NoSuchMethodError'{0x0000000711397ac8}: 'java.lang.Object java.lang.invoke.DirectMethodHandle$Holder.newInvokeSpecial(java.lang.Object, java.lang.Object, int, java.lang.Object, java.lang.Object, java.lang.Object)'> (0x0000000711397ac8) 
thrown [s\src\hotspot\share\interpreter\linkResolver.cpp, line 784]
Event: 14.019 Thread 0x000001eeb0259940 Exception <a 'java/lang/NoSuchMethodError'{0x000000071139bb50}: 'java.lang.Object java.lang.invoke.DirectMethodHandle$Holder.invokeSpecial(java.lang.Object, java.lang.Object, java.lang.Object, int, java.lang.Object, java.lang.Object, java.lang.Object)'> (0x000000071139bb50) 
thrown [s\src\hotspot\share\interpreter\linkResolver.cpp, line 784]
Event: 14.020 Thread 0x000001eeb0259940 Exception <a 'java/lang/NoSuchMethodError'{0x000000071139f1c8}: 'java.lang.Object java.lang.invoke.Invokers$Holder.linkToTargetMethod(java.lang.Object, int, java.lang.Object, java.lang.Object, java.lang.Object, java.lang.Object)'> (0x000000071139f1c8) 
thrown [s\src\hotspot\share\interpreter\linkResolver.cpp, line 784]
Event: 15.126 Thread 0x000001eeb0259940 Exception <a 'java/lang/NoSuchMethodError'{0x0000000711c18a18}: 'java.lang.Object java.lang.invoke.DirectMethodHandle$Holder.newInvokeSpecial(java.lang.Object, java.lang.Object, java.lang.Object, java.lang.Object, java.lang.Object, java.lang.Object, java.lang.Object, java.lang.Object, int)'> (0x0000000711c18a18) 
thrown [s\src\hotspot\share\interpreter\linkResolver.cpp, line 784]
Event: 15.126 Thread 0x000001eeb0259940 Exception <a 'java/lang/NoSuchMethodError'{0x0000000711c1d710}: 'java.lang.Object java.lang.invoke.DirectMethodHandle$Holder.invokeSpecial(java.lang.Object, java.lang.Object, java.lang.Object, java.lang.Object, java.lang.Object, java.lang.Object, java.lang.Object, java.lang.Object, java.lang.Object, int)'> (0x0000000711c1d710) 
thrown [s\src\hotspot\share\interpreter\linkResolver.cpp, line 784]
Event: 15.336 Thread 0x000001eeb0259940 Exception <a 'java/lang/NoSuchMethodError'{0x0000000711982118}: 'java.lang.Object java.lang.invoke.DirectMethodHandle$Holder.invokeStatic(java.lang.Object, java.lang.Object, int, int)'> (0x0000000711982118) 
thrown [s\src\hotspot\share\interpreter\linkResolver.cpp, line 784]
Event: 15.349 Thread 0x000001eeb0259940 Exception <a 'java/lang/NoSuchMethodError'{0x00000007119f2140}: 'java.lang.Object java.lang.invoke.DirectMethodHandle$Holder.newInvokeSpecial(java.lang.Object, java.lang.Object, java.lang.Object, java.lang.Object, java.lang.Object, java.lang.Object, java.lang.Object, int)'> (0x00000007119f2140) 
thrown [s\src\hotspot\share\interpreter\linkResolver.cpp, line 784]
Event: 15.349 Thread 0x000001eeb0259940 Exception <a 'java/lang/NoSuchMethodError'{0x00000007119f6750}: 'java.lang.Object java.lang.invoke.DirectMethodHandle$Holder.invokeSpecial(java.lang.Object, java.lang.Object, java.lang.Object, java.lang.Object, java.lang.Object, java.lang.Object, java.lang.Object, java.lang.Object, int)'> (0x00000007119f6750) 
thrown [s\src\hotspot\share\interpreter\linkResolver.cpp, line 784]
Event: 16.578 Thread 0x000001eeb0259940 Implicit null exception at 0x000001eebb575f8e to 0x000001eebb577170
Event: 16.649 Thread 0x000001eeb0259940 Exception <a 'java/lang/NoSuchMethodError'{0x0000000710af6768}: 'java.lang.Object java.lang.invoke.DirectMethodHandle$Holder.invokeStatic(java.lang.Object, java.lang.Object, int, java.lang.Object, java.lang.Object)'> (0x0000000710af6768) 
thrown [s\src\hotspot\share\interpreter\linkResolver.cpp, line 784]
Event: 16.650 Thread 0x000001eeb0259940 Exception <a 'java/lang/NoSuchMethodError'{0x0000000710afe258}: 'java.lang.Object java.lang.invoke.DirectMethodHandle$Holder.newInvokeSpecial(java.lang.Object, java.lang.Object, int, java.lang.Object, java.lang.Object)'> (0x0000000710afe258) 
thrown [s\src\hotspot\share\interpreter\linkResolver.cpp, line 784]
Event: 16.650 Thread 0x000001eeb0259940 Exception <a 'java/lang/NoSuchMethodError'{0x0000000710b02f00}: 'java.lang.Object java.lang.invoke.DirectMethodHandle$Holder.invokeSpecial(java.lang.Object, java.lang.Object, java.lang.Object, int, java.lang.Object, java.lang.Object)'> (0x0000000710b02f00) 
thrown [s\src\hotspot\share\interpreter\linkResolver.cpp, line 784]
Event: 16.650 Thread 0x000001eeb0259940 Exception <a 'java/lang/NoSuchMethodError'{0x0000000710b06f58}: 'java.lang.Object java.lang.invoke.Invokers$Holder.linkToTargetMethod(java.lang.Object, int, java.lang.Object, java.lang.Object, java.lang.Object)'> (0x0000000710b06f58) 
thrown [s\src\hotspot\share\interpreter\linkResolver.cpp, line 784]
Event: 16.879 Thread 0x000001eeb0259940 Exception <a 'java/lang/NoSuchMethodError'{0x000000070fb4e440}: 'java.lang.Object java.lang.invoke.DirectMethodHandle$Holder.invokeStatic(java.lang.Object, java.lang.Object, java.lang.Object, java.lang.Object, java.lang.Object, java.lang.Object, int, java.lang.Object)'> (0x000000070fb4e440) 
thrown [s\src\hotspot\share\interpreter\linkResolver.cpp, line 784]
Event: 16.880 Thread 0x000001eeb0259940 Exception <a 'java/lang/NoSuchMethodError'{0x000000070fb58360}: 'java.lang.Object java.lang.invoke.DirectMethodHandle$Holder.newInvokeSpecial(java.lang.Object, java.lang.Object, java.lang.Object, java.lang.Object, java.lang.Object, java.lang.Object, int)'> (0x000000070fb58360) 
thrown [s\src\hotspot\share\interpreter\linkResolver.cpp, line 784]
Event: 16.880 Thread 0x000001eeb0259940 Exception <a 'java/lang/NoSuchMethodError'{0x000000070fb5cf28}: 'java.lang.Object java.lang.invoke.DirectMethodHandle$Holder.invokeSpecial(java.lang.Object, java.lang.Object, java.lang.Object, java.lang.Object, java.lang.Object, java.lang.Object, java.lang.Object, int)'> (0x000000070fb5cf28) 
thrown [s\src\hotspot\share\interpreter\linkResolver.cpp, line 784]

ZGC Phase Switch (0 events):
No events

VM Operations (20 events):
Event: 16.681 Executing safepoint VM operation: ICBufferFull done
Event: 16.730 Executing non-safepoint VM operation: HandshakeAllThreads (Deoptimize)
Event: 16.730 Executing non-safepoint VM operation: HandshakeAllThreads (Deoptimize) done
Event: 16.737 Executing non-safepoint VM operation: HandshakeAllThreads (Deoptimize)
Event: 16.737 Executing non-safepoint VM operation: HandshakeAllThreads (Deoptimize) done
Event: 16.812 Executing safepoint VM operation: ICBufferFull
Event: 16.812 Executing safepoint VM operation: ICBufferFull done
Event: 16.844 Executing non-safepoint VM operation: HandshakeAllThreads (Deoptimize)
Event: 16.844 Executing non-safepoint VM operation: HandshakeAllThreads (Deoptimize) done
Event: 16.846 Executing non-safepoint VM operation: HandshakeAllThreads (Deoptimize)
Event: 16.846 Executing non-safepoint VM operation: HandshakeAllThreads (Deoptimize) done
Event: 16.854 Executing non-safepoint VM operation: HandshakeAllThreads (Deoptimize)
Event: 16.854 Executing non-safepoint VM operation: HandshakeAllThreads (Deoptimize) done
Event: 16.891 Executing non-safepoint VM operation: HandshakeAllThreads (Deoptimize)
Event: 16.891 Executing non-safepoint VM operation: HandshakeAllThreads (Deoptimize) done
Event: 16.947 Executing safepoint VM operation: ICBufferFull
Event: 16.947 Executing safepoint VM operation: ICBufferFull done
Event: 16.979 Executing safepoint VM operation: G1CollectForAllocation (G1 Evacuation Pause)
Event: 16.994 Executing safepoint VM operation: G1CollectForAllocation (G1 Evacuation Pause) done
Event: 17.083 Executing safepoint VM operation: G1PauseRemark

Memory protections (0 events):
No events

Nmethod flushes (20 events):
Event: 17.094 Thread 0x000001eeca4bc020 flushing  nmethod 0x000001eeb51b0490
Event: 17.094 Thread 0x000001eeca4bc020 flushing  nmethod 0x000001eeb53a5090
Event: 17.094 Thread 0x000001eeca4bc020 flushing  nmethod 0x000001eeb547f010
Event: 17.094 Thread 0x000001eeca4bc020 flushing  nmethod 0x000001eeb553c990
Event: 17.094 Thread 0x000001eeca4bc020 flushing  nmethod 0x000001eeb5543490
Event: 17.094 Thread 0x000001eeca4bc020 flushing  nmethod 0x000001eeb55c7710
Event: 17.094 Thread 0x000001eeca4bc020 flushing  nmethod 0x000001eeb55d6d10
Event: 17.094 Thread 0x000001eeca4bc020 flushing  nmethod 0x000001eeb55ddf90
Event: 17.094 Thread 0x000001eeca4bc020 flushing  nmethod 0x000001eeb55e5c90
Event: 17.094 Thread 0x000001eeca4bc020 flushing  nmethod 0x000001eeb55e8f90
Event: 17.094 Thread 0x000001eeca4bc020 flushing  nmethod 0x000001eeb5675810
Event: 17.094 Thread 0x000001eeca4bc020 flushing  nmethod 0x000001eeb567fc90
Event: 17.094 Thread 0x000001eeca4bc020 flushing  nmethod 0x000001eeb5682290
Event: 17.094 Thread 0x000001eeca4bc020 flushing  nmethod 0x000001eeb5682790
Event: 17.094 Thread 0x000001eeca4bc020 flushing  nmethod 0x000001eeb5682c90
Event: 17.094 Thread 0x000001eeca4bc020 flushing  nmethod 0x000001eeb56faa10
Event: 17.094 Thread 0x000001eeca4bc020 flushing  nmethod 0x000001eeb5701590
Event: 17.094 Thread 0x000001eeca4bc020 flushing  nmethod 0x000001eeb5706990
Event: 17.094 Thread 0x000001eeca4bc020 flushing  nmethod 0x000001eeb5781110
Event: 17.094 Thread 0x000001eeca4bc020 flushing  nmethod 0x000001eeb5856290

Events (20 events):
Event: 0.044 Thread 0x000001eeb0259940 Thread added: 0x000001eeca692f80
Event: 0.044 Thread 0x000001eeb0259940 Thread added: 0x000001eeca662dc0
Event: 0.044 Thread 0x000001eeb0259940 Thread added: 0x000001eeca6af330
Event: 0.072 Thread 0x000001eeb0259940 Thread added: 0x000001eeca8563a0
Event: 0.080 Loaded shared library C:\Program Files\Android\Android Studio\jbr\bin\net.dll
Event: 0.082 Loaded shared library C:\Program Files\Android\Android Studio\jbr\bin\nio.dll
Event: 0.094 Thread 0x000001eeca662dc0 Thread added: 0x000001eeca6afa00
Event: 0.100 Loaded shared library C:\Program Files\Android\Android Studio\jbr\bin\zip.dll
Event: 0.133 Loaded shared library C:\Program Files\Android\Android Studio\jbr\bin\jimage.dll
Event: 0.219 Thread 0x000001eeca6afa00 Thread added: 0x000001eeca6aec60
Event: 0.334 Loaded shared library C:\Program Files\Android\Android Studio\jbr\bin\management.dll
Event: 0.344 Loaded shared library C:\Program Files\Android\Android Studio\jbr\bin\management_ext.dll
Event: 1.818 Thread 0x000001eeca6aec60 Thread exited: 0x000001eeca6aec60
Event: 1.875 Thread 0x000001eeca6af330 Thread added: 0x000001eeca6aec60
Event: 2.621 Thread 0x000001eeca6aec60 Thread exited: 0x000001eeca6aec60
Event: 2.669 Thread 0x000001eeca6af330 Thread added: 0x000001eeca6aec60
Event: 11.622 Thread 0x000001eeca6aec60 Thread exited: 0x000001eeca6aec60
Event: 11.739 Thread 0x000001eeca6afa00 Thread exited: 0x000001eeca6afa00
Event: 11.842 Thread 0x000001eeca6af330 Thread added: 0x000001eed640e780
Event: 12.367 Thread 0x000001eeca6af330 Thread added: 0x000001eed640f520


Dynamic libraries:
0x00007ff7ae410000 - 0x00007ff7ae41a000 	C:\Program Files\Android\Android Studio\jbr\bin\java.exe
0x00007ffa46000000 - 0x00007ffa46267000 	C:\WINDOWS\SYSTEM32\ntdll.dll
0x00007ffa453d0000 - 0x00007ffa45499000 	C:\WINDOWS\System32\KERNEL32.DLL
0x00007ffa42960000 - 0x00007ffa42d54000 	C:\WINDOWS\System32\KERNELBASE.dll
0x00007ffa439f0000 - 0x00007ffa43b3b000 	C:\WINDOWS\System32\ucrtbase.dll
0x00007ffa2f9e0000 - 0x00007ffa2f9f8000 	C:\Program Files\Android\Android Studio\jbr\bin\jli.dll
0x00007ff991890000 - 0x00007ff9918ab000 	C:\Program Files\Android\Android Studio\jbr\bin\VCRUNTIME140.dll
0x00007ffa45740000 - 0x00007ffa45905000 	C:\WINDOWS\System32\USER32.dll
0x00007ffa43bf0000 - 0x00007ffa43c17000 	C:\WINDOWS\System32\win32u.dll
0x00007ffa300b0000 - 0x00007ffa30343000 	C:\WINDOWS\WinSxS\amd64_microsoft.windows.common-controls_6595b64144ccf1df_6.0.26100.8115_none_3e075c82e3354f9c\COMCTL32.dll
0x00007ffa45910000 - 0x00007ffa4593b000 	C:\WINDOWS\System32\GDI32.dll
0x00007ffa43de0000 - 0x00007ffa43e89000 	C:\WINDOWS\System32\msvcrt.dll
0x00007ffa43800000 - 0x00007ffa4392b000 	C:\WINDOWS\System32\gdi32full.dll
0x00007ffa435d0000 - 0x00007ffa43673000 	C:\WINDOWS\System32\msvcp_win.dll
0x00007ffa43da0000 - 0x00007ffa43dd2000 	C:\WINDOWS\System32\IMM32.DLL
0x00007ff9918b0000 - 0x00007ff9918bc000 	C:\Program Files\Android\Android Studio\jbr\bin\vcruntime140_1.dll
0x00007ffa26220000 - 0x00007ffa262ad000 	C:\Program Files\Android\Android Studio\jbr\bin\msvcp140.dll
0x00007ff98b270000 - 0x00007ff98bf06000 	C:\Program Files\Android\Android Studio\jbr\bin\server\jvm.dll
0x00007ffa459c0000 - 0x00007ffa45a76000 	C:\WINDOWS\System32\ADVAPI32.dll
0x00007ffa44210000 - 0x00007ffa442b7000 	C:\WINDOWS\System32\sechost.dll
0x00007ffa45e70000 - 0x00007ffa45f88000 	C:\WINDOWS\System32\RPCRT4.dll
0x00007ffa44380000 - 0x00007ffa44400000 	C:\WINDOWS\System32\WS2_32.dll
0x00007ffa42730000 - 0x00007ffa4278e000 	C:\WINDOWS\SYSTEM32\POWRPROF.dll
0x00007ffa37f40000 - 0x00007ffa37f4b000 	C:\WINDOWS\SYSTEM32\VERSION.dll
0x00007ffa38bf0000 - 0x00007ffa38c26000 	C:\WINDOWS\SYSTEM32\WINMM.dll
0x00007ffa42710000 - 0x00007ffa42724000 	C:\WINDOWS\SYSTEM32\UMPDC.dll
0x00007ffa41620000 - 0x00007ffa4163b000 	C:\WINDOWS\SYSTEM32\kernel.appcore.dll
0x00007ff991880000 - 0x00007ff99188a000 	C:\Program Files\Android\Android Studio\jbr\bin\jimage.dll
0x00007ffa36c60000 - 0x00007ffa36ea2000 	C:\WINDOWS\SYSTEM32\DBGHELP.DLL
0x00007ffa45a80000 - 0x00007ffa45e02000 	C:\WINDOWS\System32\combase.dll
0x00007ffa454a0000 - 0x00007ffa45578000 	C:\WINDOWS\System32\OLEAUT32.dll
0x00007ffa3bf70000 - 0x00007ffa3bfab000 	C:\WINDOWS\SYSTEM32\dbgcore.DLL
0x00007ffa43b40000 - 0x00007ffa43be5000 	C:\WINDOWS\System32\bcryptPrimitives.dll
0x00007ff991860000 - 0x00007ff991880000 	C:\Program Files\Android\Android Studio\jbr\bin\java.dll
0x00007ff991840000 - 0x00007ff991858000 	C:\Program Files\Android\Android Studio\jbr\bin\zip.dll
0x00007ffa44570000 - 0x00007ffa44cd7000 	C:\WINDOWS\System32\SHELL32.dll
0x00007ffa43c20000 - 0x00007ffa43d8a000 	C:\WINDOWS\System32\wintypes.dll
0x00007ffa42d60000 - 0x00007ffa435c8000 	C:\WINDOWS\System32\windows.storage.dll
0x00007ffa452d0000 - 0x00007ffa453c8000 	C:\WINDOWS\System32\SHCORE.dll
0x00007ffa44ce0000 - 0x00007ffa44d46000 	C:\WINDOWS\System32\shlwapi.dll
0x00007ffa427f0000 - 0x00007ffa42819000 	C:\WINDOWS\SYSTEM32\profapi.dll
0x00007ff9913a0000 - 0x00007ff9913b0000 	C:\Program Files\Android\Android Studio\jbr\bin\net.dll
0x00007ffa38e00000 - 0x00007ffa38f2d000 	C:\WINDOWS\SYSTEM32\WINHTTP.dll
0x00007ffa41b70000 - 0x00007ffa41bdc000 	C:\WINDOWS\system32\mswsock.dll
0x00007ff991380000 - 0x00007ff991396000 	C:\Program Files\Android\Android Studio\jbr\bin\nio.dll
0x00007ff98a770000 - 0x00007ff98a779000 	C:\Program Files\Android\Android Studio\jbr\bin\management.dll
0x00007ff98a760000 - 0x00007ff98a76b000 	C:\Program Files\Android\Android Studio\jbr\bin\management_ext.dll
0x00007ffa456b0000 - 0x00007ffa456b8000 	C:\WINDOWS\System32\PSAPI.DLL
0x00007ff98aa40000 - 0x00007ff98aa50000 	C:\Program Files\Android\Android Studio\jbr\bin\verify.dll

JVMTI agents: none

dbghelp: loaded successfully - version: 4.0.5 - missing functions: none
symbol engine: initialized successfully - sym options: 0x614 - pdb path: .;C:\Program Files\Android\Android Studio\jbr\bin;C:\WINDOWS\SYSTEM32;C:\WINDOWS\WinSxS\amd64_microsoft.windows.common-controls_6595b64144ccf1df_6.0.26100.8115_none_3e075c82e3354f9c;C:\Program Files\Android\Android Studio\jbr\bin\server

VM Arguments:
java_command: org.jetbrains.kotlin.cli.jvm.K2JVMCompiler @C:\Users\Juan\StudioProjects\Alertastock-android\app\build\20260421_16328809684631923722.compiler.options
java_class_path (initial): C:\Users\Juan\.gradle\caches\modules-2\files-2.1\org.jetbrains.kotlin\kotlin-compiler-embeddable\2.2.10\6882d39ef03b18879c1a5d2a83c2212361bed5fe\kotlin-compiler-embeddable-2.2.10.jar;C:\Users\Juan\.gradle\caches\modules-2\files-2.1\org.jetbrains.kotlin\kotlin-stdlib\2.2.10\30de6faa127a4a012db8e71bf1b9c0a99b1402b2\kotlin-stdlib-2.2.10.jar;C:\Users\Juan\.gradle\caches\modules-2\files-2.1\org.jetbrains.kotlin\kotlin-script-runtime\2.2.10\712f9bc08f378c13a4a00f0bbb28c76e59183e83\kotlin-script-runtime-2.2.10.jar;C:\Users\Juan\.gradle\caches\modules-2\files-2.1\org.jetbrains.kotlin\kotlin-reflect\1.6.10\1cbe9c92c12a94eea200d23c2bbaedaf3daf5132\kotlin-reflect-1.6.10.jar;C:\Users\Juan\.gradle\caches\modules-2\files-2.1\org.jetbrains.kotlin\kotlin-daemon-embeddable\2.2.10\212fd3c2c6e4e5d0f4db3c4191233e2b622380cc\kotlin-daemon-embeddable-2.2.10.jar;C:\Users\Juan\.gradle\caches\modules-2\files-2.1\org.jetbrains.kotlinx\kotlinx-coroutines-core-jvm\1.8.0\ac1dc37a30a93150b704022f8d895ee1bd3a36b3\kotlinx-coroutines-core-jvm-1.8.0.jar;C:\Users\Juan\.gradle\caches\modules-2\files-2.1\org.jetbrains\annotations\13.0\919f0dfe192fb4e063e7dacadee7f8bb9a2672a9\annotations-13.0.jar
Launcher Type: SUN_STANDARD

[Global flags]
     intx CICompilerCount                          = 4                                         {product} {ergonomic}
     uint ConcGCThreads                            = 3                                         {product} {ergonomic}
     uint G1ConcRefinementThreads                  = 10                                        {product} {ergonomic}
   size_t G1HeapRegionSize                         = 2097152                                   {product} {ergonomic}
    uintx GCDrainStackTargetSize                   = 64                                        {product} {ergonomic}
   size_t InitialHeapSize                          = 266338304                                 {product} {ergonomic}
   size_t MarkStackSize                            = 4194304                                   {product} {ergonomic}
   size_t MaxHeapSize                              = 4238344192                                {product} {ergonomic}
   size_t MaxNewSize                               = 2541748224                                {product} {ergonomic}
   size_t MinHeapDeltaBytes                        = 2097152                                   {product} {ergonomic}
   size_t MinHeapSize                              = 8388608                                   {product} {ergonomic}
    uintx NonNMethodCodeHeapSize                   = 5839372                                {pd product} {ergonomic}
    uintx NonProfiledCodeHeapSize                  = 122909434                              {pd product} {ergonomic}
    uintx ProfiledCodeHeapSize                     = 122909434                              {pd product} {ergonomic}
    uintx ReservedCodeCacheSize                    = 251658240                              {pd product} {ergonomic}
     bool SegmentedCodeCache                       = true                                      {product} {ergonomic}
   size_t SoftMaxHeapSize                          = 4238344192                             {manageable} {ergonomic}
     bool UseCompressedOops                        = true                           {product lp64_product} {ergonomic}
     bool UseG1GC                                  = true                                      {product} {ergonomic}
     bool UseLargePagesIndividualAllocation        = false                                  {pd product} {ergonomic}

Logging:
Log output configuration:
 #0: stdout all=warning uptime,level,tags foldmultilines=false
 #1: stderr all=off uptime,level,tags foldmultilines=false

Release file:
JAVA_VERSION="21.0.10" 
MODULES="java.base java.compiler java.datatransfer java.xml java.prefs java.desktop java.instrument java.logging java.management java.security.sasl java.naming java.rmi java.management.rmi java.net.http java.scripting java.security.jgss java.transaction.xa java.sql java.sql.rowset java.xml.crypto java.se java.smartcardio jdk.accessibility jdk.internal.jvmstat jdk.attach jdk.charsets jdk.internal.opt jdk.zipfs jdk.compiler jdk.crypto.ec jdk.crypto.cryptoki jdk.dynalink jdk.hotspot.agent jdk.httpserver jdk.internal.ed jdk.internal.le jdk.internal.vm.ci jdk.jartool jdk.javadoc jdk.jcmd jdk.jdeps jdk.jdwp.agent jdk.jdi jdk.jfr jdk.jlink jdk.jsobject jdk.localedata jdk.management jdk.management.agent jdk.management.jfr jdk.naming.dns jdk.naming.rmi jdk.net jdk.sctp jdk.security.auth jdk.security.jgss jdk.unsupported jdk.unsupported.desktop jdk.xml.dom" 
IMPLEMENTOR="JetBrains s.r.o." 
JAVA_RUNTIME_VERSION="21.0.10+-14961533-b1163.108" 
LIBC="default" 
OS_ARCH="x86_64" 
OS_NAME="Windows" 
SOURCE=".:git:1351622c2ff2" 

Environment Variables:
JAVA_HOME=C:\Program Files\BellSoft\LibericaJDK-8-Full\
PATH=C:\Program Files\Common Files\Oracle\Java\javapath;C:\Program Files\BellSoft\LibericaJDK-8-Full\bin\;C:\Program Files (x86)\Razer Chroma SDK\bin;C:\Program Files\Razer Chroma SDK\bin;C:\Program Files (x86)\Razer\ChromaBroadcast\bin;C:\Program Files\Razer\ChromaBroadcast\bin;C:\WINDOWS\system32;C:\WINDOWS;C:\WINDOWS\System32\Wbem;C:\WINDOWS\System32\WindowsPowerShell\v1.0\;C:\WINDOWS\System32\OpenSSH\;C:\Program Files\dotnet\;C:\WINDOWS\system32\config\systemprofile\AppData\Local\Microsoft\WindowsApps;C:\Users\Juan\AppData\Local\Programs\Python\Launcher\py.exe;C:\Users\Juan\AppData\Local\Programs\Python\Python313\Scripts\;C:\Users\Juan\AppData\Local\Programs\Python\Python313\;C:\Users\Juan\AppData\Local\Programs\Python\Launcher\;C:\Users\Juan\AppData\Local\Microsoft\WindowsApps;C:\Users\Juan\AppData\Local\GitHubDesktop\bin;C:\Users\Juan\AppData\Local\Programs\Microsoft VS Code\bin;C:\WINDOWS\system32;C:\WINDOWS;C:\WINDOWS\System32\Wbem;C:\WINDOWS\System32\WindowsPowerShell\v1.0\;C:\WINDOWS\System32\OpenSSH\;C:\Program Files\nodejs\;C:\Program Files\Git\cmd;C:\Program Files\Microsoft SQL Server\Client SDK\ODBC\130\Tools\Binn\;C:\Program Files (x86)\Microsoft SQL Server\140\Tools\Binn\;C:\Program Files\Microsoft SQL Server\140\Tools\Binn\;C:\Program Files\Microsoft SQL Server\140\DTS\Binn\;C:\Users\Juan\AppData\Local\Programs\Python\Python313\Scripts\;C:\Users\Juan\AppData\Local\Programs\Python\Python313\;C:\Users\Juan\AppData\Local\Programs\Python\Launcher\;C:\Users\Juan\AppData\Local\Microsoft\WindowsApps;C:\Users\Juan\AppData\Local\GitHubDesktop\bin;C:\Users\Juan\AppData\Local\Programs\Microsoft VS Code\bin;C:\Users\Juan\AppData\Roaming\npm
USERNAME=Juan
OS=Windows_NT
PROCESSOR_IDENTIFIER=AMD64 Family 25 Model 80 Stepping 0, AuthenticAMD
TMP=C:\Users\Juan\AppData\Local\Temp
TEMP=C:\Users\Juan\AppData\Local\Temp




Periodic native trim disabled

JNI global refs:
JNI global refs: 13, weak refs: 5

JNI global refs memory usage: 835, weak refs: 833

Process memory usage:
Resident Set Size: 571120K (3% of 16552176K total physical memory with 1556752K free physical memory)

OOME stack traces (most recent first):
Classloader memory used:
Loader jdk.internal.loader.ClassLoaders$AppClassLoader                                 : 71645K
Loader bootstrap                                                                       : 12034K
Loader java.net.URLClassLoader                                                         : 1208K

---------------  S Y S T E M  ---------------

OS:
 Windows 11 , 64 bit Build 26100 (10.0.26100.8246)
OS uptime: 0 days 1:08 hours
Hyper-V role detected

CPU: total 12 (initial active 12) (12 cores per cpu, 2 threads per core) family 25 model 80 stepping 0 microcode 0xa50000c, cx8, cmov, fxsr, ht, mmx, 3dnowpref, sse, sse2, sse3, ssse3, sse4a, sse4.1, sse4.2, popcnt, lzcnt, tsc, tscinvbit, avx, avx2, aes, erms, clmul, bmi1, bmi2, adx, sha, fma, vzeroupper, clflush, clflushopt, hv, rdtscp, rdpid, fsrm, f16c, cet_ss
Processor Information for the first 12 processors :
  Max Mhz: 3901, Current Mhz: 3901, Mhz Limit: 3901

Memory: 4k page, system-wide physical 16164M (1520M free)
TotalPageFile size 33381M (AvailPageFile size 12M)
current process WorkingSet (physical memory assigned to process): 557M, peak: 558M
current process commit charge ("private bytes"): 595M, peak: 628M

vm_info: OpenJDK 64-Bit Server VM (21.0.10+-14961533-b1163.108) for windows-amd64 JRE (21.0.10+-14961533-b1163.108), built on 2026-03-02T19:58:50Z by "builder" with MS VC++ 16.10 / 16.11 (VS2019)

END.
