#
# There is insufficient memory for the Java Runtime Environment to continue.
# Native memory allocation (malloc) failed to allocate 1147008 bytes. Error detail: Chunk::new
# Possible reasons:
#   The system is out of physical RAM or swap space
#   This process is running with CompressedOops enabled, and the Java Heap may be blocking the growth of the native heap
# Possible solutions:
#   Reduce memory load on the system
#   Increase physical memory or swap space
#   Check if swap backing store is full
#   Decrease Java heap size (-Xmx/-Xms)
#   Decrease number of Java threads
#   Decrease Java thread stack sizes (-Xss)
#   Set larger code cache with -XX:ReservedCodeCacheSize=
#   JVM is running with Zero Based Compressed Oops mode in which the Java heap is
#     placed in the first 32GB address space. The Java Heap base address is the
#     maximum limit for the native heap growth. Please use -XX:HeapBaseMinAddress
#     to set the Java Heap base and to place the Java Heap above 32GB virtual address.
# This output file may be truncated or incomplete.
#
#  Out of Memory Error (arena.cpp:168), pid=8112, tid=16184
#
# JRE version: OpenJDK Runtime Environment (21.0.10) (build 21.0.10+-14961533-b1163.108)
# Java VM: OpenJDK 64-Bit Server VM (21.0.10+-14961533-b1163.108, mixed mode, tiered, compressed oops, compressed class ptrs, g1 gc, windows-amd64)
# No core dump will be written. Minidumps are not enabled by default on client versions of Windows
#

---------------  S U M M A R Y ------------

Command Line: org.jetbrains.kotlin.cli.jvm.K2JVMCompiler @C:\Users\Sistemas\StudioProjects\Alertastock-android\app\build\20260421_7377763794087667858.compiler.options

Host: AMD Ryzen 7 5700G with Radeon Graphics         , 16 cores, 15G,  Windows 11 , 64 bit Build 26100 (10.0.26100.8246)
Time: Tue Apr 21 14:48:07 2026 Hora est. Pacífico, Sudamérica elapsed time: 18.892310 seconds (0d 0h 0m 18s)

---------------  T H R E A D  ---------------

Current thread (0x0000021ef20d3390):  JavaThread "C2 CompilerThread0" daemon [_thread_in_native, id=16184, stack(0x000000ae85400000,0x000000ae85500000) (1024K)]


Current CompileTask:
C2:18892 23503       4       org.jetbrains.kotlin.backend.jvm.mapping.MethodSignatureMapper::mapSignature (399 bytes)

Stack: [0x000000ae85400000,0x000000ae85500000]
Native frames: (J=compiled Java code, j=interpreted, Vv=VM code, C=native code)
V  [jvm.dll+0x6d78a9]
V  [jvm.dll+0x8665b3]
V  [jvm.dll+0x868bde]
V  [jvm.dll+0x8692c3]
V  [jvm.dll+0x280ee6]
V  [jvm.dll+0xc07cd]
V  [jvm.dll+0xc0d03]
V  [jvm.dll+0x3ba0cb]
V  [jvm.dll+0x1e0052]
V  [jvm.dll+0x249d24]
V  [jvm.dll+0x2491a1]
V  [jvm.dll+0x1c76e4]
V  [jvm.dll+0x25891e]
V  [jvm.dll+0x256e66]
V  [jvm.dll+0x3f513e]
V  [jvm.dll+0x80fd28]
V  [jvm.dll+0x6d60fd]
C  [ucrtbase.dll+0x37b0]
C  [KERNEL32.DLL+0x2e8d7]
C  [ntdll.dll+0x8c3fc]


---------------  P R O C E S S  ---------------

Threads class SMR info:
_java_thread_list=0x0000021eff0e44e0, length=18, elements={
0x0000021ed10f3060, 0x0000021ef2094ed0, 0x0000021ef20ac430, 0x0000021ef2099bb0,
0x0000021ef20c6470, 0x0000021ef20cf130, 0x0000021ef20cfb90, 0x0000021ef20d05f0,
0x0000021ef20d3390, 0x0000021ef20d7460, 0x0000021ef2156c10, 0x0000021ef2269570,
0x0000021ef25de210, 0x0000021ef28f60c0, 0x0000021efb55ba70, 0x0000021efb5583f0,
0x0000021ef3a05cb0, 0x0000021ef3a02d00
}

Java Threads: ( => current thread )
  0x0000021ed10f3060 JavaThread "main"                              [_thread_in_Java, id=3544, stack(0x000000ae84500000,0x000000ae84600000) (1024K)]
  0x0000021ef2094ed0 JavaThread "Common-Cleaner"             daemon [_thread_blocked, id=26556, stack(0x000000ae84d00000,0x000000ae84e00000) (1024K)]
  0x0000021ef20ac430 JavaThread "Reference Handler"          daemon [_thread_blocked, id=25956, stack(0x000000ae84e00000,0x000000ae84f00000) (1024K)]
  0x0000021ef2099bb0 JavaThread "Finalizer"                  daemon [_thread_blocked, id=20264, stack(0x000000ae84f00000,0x000000ae85000000) (1024K)]
  0x0000021ef20c6470 JavaThread "Signal Dispatcher"          daemon [_thread_blocked, id=16060, stack(0x000000ae85000000,0x000000ae85100000) (1024K)]
  0x0000021ef20cf130 JavaThread "Attach Listener"            daemon [_thread_blocked, id=4676, stack(0x000000ae85100000,0x000000ae85200000) (1024K)]
  0x0000021ef20cfb90 JavaThread "Service Thread"             daemon [_thread_blocked, id=26568, stack(0x000000ae85200000,0x000000ae85300000) (1024K)]
  0x0000021ef20d05f0 JavaThread "Monitor Deflation Thread"   daemon [_thread_blocked, id=25536, stack(0x000000ae85300000,0x000000ae85400000) (1024K)]
=>0x0000021ef20d3390 JavaThread "C2 CompilerThread0"         daemon [_thread_in_native, id=16184, stack(0x000000ae85400000,0x000000ae85500000) (1024K)]
  0x0000021ef20d7460 JavaThread "C1 CompilerThread0"         daemon [_thread_blocked, id=14932, stack(0x000000ae85500000,0x000000ae85600000) (1024K)]
  0x0000021ef2156c10 JavaThread "C1 CompilerThread1"         daemon [_thread_blocked, id=24556, stack(0x000000ae85600000,0x000000ae85700000) (1024K)]
  0x0000021ef2269570 JavaThread "Notification Thread"        daemon [_thread_blocked, id=17760, stack(0x000000ae85700000,0x000000ae85800000) (1024K)]
  0x0000021ef25de210 JavaThread "C1 CompilerThread2"         daemon [_thread_blocked, id=22412, stack(0x000000ae85a00000,0x000000ae85b00000) (1024K)]
  0x0000021ef28f60c0 JavaThread "C1 CompilerThread3"         daemon [_thread_blocked, id=6728, stack(0x000000ae85b00000,0x000000ae85c00000) (1024K)]
  0x0000021efb55ba70 JavaThread "C2 CompilerThread1"         daemon [_thread_in_native, id=20292, stack(0x000000ae85800000,0x000000ae85900000) (1024K)]
  0x0000021efb5583f0 JavaThread "C2 CompilerThread2"         daemon [_thread_in_native, id=21632, stack(0x000000ae85900000,0x000000ae85a00000) (1024K)]
  0x0000021ef3a05cb0 JavaThread "C2 CompilerThread3"         daemon [_thread_in_native, id=21268, stack(0x000000ae86500000,0x000000ae86600000) (1024K)]
  0x0000021ef3a02d00 JavaThread "C2 CompilerThread4"         daemon [_thread_in_native, id=12700, stack(0x000000ae86900000,0x000000ae86a00000) (1024K)]
Total: 18

Other Threads:
  0x0000021eed44e550 VMThread "VM Thread"                           [id=20040, stack(0x000000ae84c00000,0x000000ae84d00000) (1024K)]
  0x0000021eed411110 WatcherThread "VM Periodic Task Thread"        [id=18536, stack(0x000000ae84b00000,0x000000ae84c00000) (1024K)]
  0x0000021ed35cd1c0 WorkerThread "GC Thread#0"                     [id=24048, stack(0x000000ae84600000,0x000000ae84700000) (1024K)]
  0x0000021ef2a30dd0 WorkerThread "GC Thread#1"                     [id=23200, stack(0x000000ae85c00000,0x000000ae85d00000) (1024K)]
  0x0000021ef2a6cf40 WorkerThread "GC Thread#2"                     [id=24792, stack(0x000000ae85d00000,0x000000ae85e00000) (1024K)]
  0x0000021ef2a6d2f0 WorkerThread "GC Thread#3"                     [id=19572, stack(0x000000ae85e00000,0x000000ae85f00000) (1024K)]
  0x0000021ef2a6dcb0 WorkerThread "GC Thread#4"                     [id=19276, stack(0x000000ae85f00000,0x000000ae86000000) (1024K)]
  0x0000021ef2ab29b0 WorkerThread "GC Thread#5"                     [id=24988, stack(0x000000ae86000000,0x000000ae86100000) (1024K)]
  0x0000021ef2ab34c0 WorkerThread "GC Thread#6"                     [id=19328, stack(0x000000ae86100000,0x000000ae86200000) (1024K)]
  0x0000021ef2ab2250 WorkerThread "GC Thread#7"                     [id=6792, stack(0x000000ae86200000,0x000000ae86300000) (1024K)]
  0x0000021ef30db700 WorkerThread "GC Thread#8"                     [id=22704, stack(0x000000ae86700000,0x000000ae86800000) (1024K)]
  0x0000021ef30dbe60 WorkerThread "GC Thread#9"                     [id=22648, stack(0x000000ae86800000,0x000000ae86900000) (1024K)]
  0x0000021ef30d9980 WorkerThread "GC Thread#10"                    [id=20304, stack(0x000000ae86600000,0x000000ae86700000) (1024K)]
  0x0000021ef574ccb0 WorkerThread "GC Thread#11"                    [id=2400, stack(0x000000ae86a00000,0x000000ae86b00000) (1024K)]
  0x0000021ef66d2880 WorkerThread "GC Thread#12"                    [id=24596, stack(0x000000ae86c00000,0x000000ae86d00000) (1024K)]
  0x0000021ed35fa790 ConcurrentGCThread "G1 Main Marker"            [id=23080, stack(0x000000ae84700000,0x000000ae84800000) (1024K)]
  0x0000021ed35fdd50 WorkerThread "G1 Conc#0"                       [id=18624, stack(0x000000ae84800000,0x000000ae84900000) (1024K)]
  0x0000021ef2ab2d60 WorkerThread "G1 Conc#1"                       [id=19084, stack(0x000000ae86300000,0x000000ae86400000) (1024K)]
  0x0000021ef30d8e70 WorkerThread "G1 Conc#2"                       [id=1832, stack(0x000000ae86400000,0x000000ae86500000) (1024K)]
  0x0000021eed2e37b0 ConcurrentGCThread "G1 Refine#0"               [id=6048, stack(0x000000ae84900000,0x000000ae84a00000) (1024K)]
  0x0000021eed2e4140 ConcurrentGCThread "G1 Service"                [id=12144, stack(0x000000ae84a00000,0x000000ae84b00000) (1024K)]
Total: 21

Threads with active compile tasks:
C2 CompilerThread0  18908 23503       4       org.jetbrains.kotlin.backend.jvm.mapping.MethodSignatureMapper::mapSignature (399 bytes)
C2 CompilerThread1  18908 23573       4       org.jetbrains.kotlin.codegen.optimization.RedundantNopsCleanupMethodTransformer::recordNopsRequiredForDebugger (298 bytes)
C2 CompilerThread2  18908 23560 %     4       org.jetbrains.org.objectweb.asm.Frame::accept @ 152 (264 bytes)
C2 CompilerThread3  18908 23406       4       org.jetbrains.kotlin.backend.jvm.intrinsics.IrIntrinsicMethods::getIntrinsic (125 bytes)
C2 CompilerThread4  18908 23530       4       org.jetbrains.kotlin.codegen.optimization.temporaryVals.TemporaryValsAnalyzer::analyze (1247 bytes)
Total: 5

VM state: not at safepoint (normal execution)

VM Mutex/Monitor currently owned by a thread: None

Heap address: 0x000000070b200000, size: 3918 MB, Compressed Oops mode: Zero based, Oop shift amount: 3

CDS archive(s) not mapped
Compressed class space mapped at: 0x0000000800000000-0x0000000840000000, reserved size: 1073741824
Narrow klass base: 0x0000000800000000, Narrow klass shift: 0, Narrow klass range: 0x40000000

GC Precious Log:
 CardTable entry size: 512
 Card Set container configuration: InlinePtr #cards 4 size 8 Array Of Cards #cards 16 size 48 Howl #buckets 8 coarsen threshold 3686 Howl Bitmap #cards 512 size 80 coarsen threshold 460 Card regions per heap region 1 cards per card region 4096
 CPUs: 16 total, 16 available
 Memory: 15664M
 Large Page Support: Disabled
 NUMA Support: Disabled
 Compressed Oops: Enabled (Zero based)
 Heap Region Size: 2M
 Heap Min Capacity: 8M
 Heap Initial Capacity: 246M
 Heap Max Capacity: 3918M
 Pre-touch: Disabled
 Parallel Workers: 13
 Concurrent Workers: 3
 Concurrent Refinement Workers: 13
 Periodic GC: Disabled

Heap:
 garbage-first heap   total 366592K, used 279772K [0x000000070b200000, 0x0000000800000000)
  region size 2048K, 33 young (67584K), 4 survivors (8192K)
 Metaspace       used 101853K, committed 102208K, reserved 1179648K
  class space    used 10665K, committed 10816K, reserved 1048576K

Heap Regions: E=young(eden), S=young(survivor), O=old, HS=humongous(starts), HC=humongous(continues), CS=collection set, F=free, TAMS=top-at-mark-start, PB=parsable bottom
|   0|0x000000070b200000, 0x000000070b400000, 0x000000070b400000|100%|HS|  |TAMS 0x000000070b200000| PB 0x000000070b200000| Complete 
|   1|0x000000070b400000, 0x000000070b600000, 0x000000070b600000|100%|HC|  |TAMS 0x000000070b400000| PB 0x000000070b400000| Complete 
|   2|0x000000070b600000, 0x000000070b800000, 0x000000070b800000|100%| O|  |TAMS 0x000000070b600000| PB 0x000000070b600000| Untracked 
|   3|0x000000070b800000, 0x000000070ba00000, 0x000000070ba00000|100%| O|  |TAMS 0x000000070b800000| PB 0x000000070b800000| Untracked 
|   4|0x000000070ba00000, 0x000000070bc00000, 0x000000070bc00000|100%| O|  |TAMS 0x000000070ba00000| PB 0x000000070ba00000| Untracked 
|   5|0x000000070bc00000, 0x000000070be00000, 0x000000070be00000|100%| O|  |TAMS 0x000000070bc00000| PB 0x000000070bc00000| Untracked 
|   6|0x000000070be00000, 0x000000070c000000, 0x000000070c000000|100%| O|  |TAMS 0x000000070be00000| PB 0x000000070be00000| Untracked 
|   7|0x000000070c000000, 0x000000070c200000, 0x000000070c200000|100%| O|  |TAMS 0x000000070c000000| PB 0x000000070c000000| Untracked 
|   8|0x000000070c200000, 0x000000070c400000, 0x000000070c400000|100%| O|  |TAMS 0x000000070c200000| PB 0x000000070c200000| Untracked 
|   9|0x000000070c400000, 0x000000070c600000, 0x000000070c600000|100%| O|  |TAMS 0x000000070c400000| PB 0x000000070c400000| Untracked 
|  10|0x000000070c600000, 0x000000070c800000, 0x000000070c800000|100%| O|  |TAMS 0x000000070c600000| PB 0x000000070c600000| Untracked 
|  11|0x000000070c800000, 0x000000070ca00000, 0x000000070ca00000|100%| O|  |TAMS 0x000000070c800000| PB 0x000000070c800000| Untracked 
|  12|0x000000070ca00000, 0x000000070cc00000, 0x000000070cc00000|100%| O|  |TAMS 0x000000070ca00000| PB 0x000000070ca00000| Untracked 
|  13|0x000000070cc00000, 0x000000070ce00000, 0x000000070ce00000|100%| O|  |TAMS 0x000000070cc00000| PB 0x000000070cc00000| Untracked 
|  14|0x000000070ce00000, 0x000000070d000000, 0x000000070d000000|100%| O|  |TAMS 0x000000070ce00000| PB 0x000000070ce00000| Untracked 
|  15|0x000000070d000000, 0x000000070d200000, 0x000000070d200000|100%| O|  |TAMS 0x000000070d000000| PB 0x000000070d000000| Untracked 
|  16|0x000000070d200000, 0x000000070d400000, 0x000000070d400000|100%| O|  |TAMS 0x000000070d200000| PB 0x000000070d200000| Untracked 
|  17|0x000000070d400000, 0x000000070d600000, 0x000000070d600000|100%| O|  |TAMS 0x000000070d400000| PB 0x000000070d400000| Untracked 
|  18|0x000000070d600000, 0x000000070d800000, 0x000000070d800000|100%| O|  |TAMS 0x000000070d600000| PB 0x000000070d600000| Untracked 
|  19|0x000000070d800000, 0x000000070da00000, 0x000000070da00000|100%| O|  |TAMS 0x000000070d800000| PB 0x000000070d800000| Untracked 
|  20|0x000000070da00000, 0x000000070dc00000, 0x000000070dc00000|100%| O|  |TAMS 0x000000070da00000| PB 0x000000070da00000| Untracked 
|  21|0x000000070dc00000, 0x000000070de00000, 0x000000070de00000|100%| O|  |TAMS 0x000000070dc00000| PB 0x000000070dc00000| Untracked 
|  22|0x000000070de00000, 0x000000070e000000, 0x000000070e000000|100%| O|  |TAMS 0x000000070de00000| PB 0x000000070de00000| Untracked 
|  23|0x000000070e000000, 0x000000070e200000, 0x000000070e200000|100%| O|  |TAMS 0x000000070e000000| PB 0x000000070e000000| Untracked 
|  24|0x000000070e200000, 0x000000070e400000, 0x000000070e400000|100%| O|  |TAMS 0x000000070e200000| PB 0x000000070e200000| Untracked 
|  25|0x000000070e400000, 0x000000070e600000, 0x000000070e600000|100%| O|  |TAMS 0x000000070e400000| PB 0x000000070e400000| Untracked 
|  26|0x000000070e600000, 0x000000070e800000, 0x000000070e800000|100%| O|  |TAMS 0x000000070e600000| PB 0x000000070e600000| Untracked 
|  27|0x000000070e800000, 0x000000070ea00000, 0x000000070ea00000|100%| O|  |TAMS 0x000000070e800000| PB 0x000000070e800000| Untracked 
|  28|0x000000070ea00000, 0x000000070ec00000, 0x000000070ec00000|100%| O|  |TAMS 0x000000070ea00000| PB 0x000000070ea00000| Untracked 
|  29|0x000000070ec00000, 0x000000070ee00000, 0x000000070ee00000|100%| O|  |TAMS 0x000000070ec00000| PB 0x000000070ec00000| Untracked 
|  30|0x000000070ee00000, 0x000000070f000000, 0x000000070f000000|100%| O|  |TAMS 0x000000070ee00000| PB 0x000000070ee00000| Untracked 
|  31|0x000000070f000000, 0x000000070f200000, 0x000000070f200000|100%| O|  |TAMS 0x000000070f000000| PB 0x000000070f000000| Untracked 
|  32|0x000000070f200000, 0x000000070f400000, 0x000000070f400000|100%| O|  |TAMS 0x000000070f200000| PB 0x000000070f200000| Untracked 
|  33|0x000000070f400000, 0x000000070f600000, 0x000000070f600000|100%| O|  |TAMS 0x000000070f400000| PB 0x000000070f400000| Untracked 
|  34|0x000000070f600000, 0x000000070f800000, 0x000000070f800000|100%| O|  |TAMS 0x000000070f600000| PB 0x000000070f600000| Untracked 
|  35|0x000000070f800000, 0x000000070fa00000, 0x000000070fa00000|100%| O|  |TAMS 0x000000070f800000| PB 0x000000070f800000| Untracked 
|  36|0x000000070fa00000, 0x000000070fc00000, 0x000000070fc00000|100%| O|  |TAMS 0x000000070fa00000| PB 0x000000070fa00000| Untracked 
|  37|0x000000070fc00000, 0x000000070fe00000, 0x000000070fe00000|100%| O|  |TAMS 0x000000070fc00000| PB 0x000000070fc00000| Untracked 
|  38|0x000000070fe00000, 0x0000000710000000, 0x0000000710000000|100%| O|  |TAMS 0x000000070fe00000| PB 0x000000070fe00000| Untracked 
|  39|0x0000000710000000, 0x0000000710200000, 0x0000000710200000|100%| O|  |TAMS 0x0000000710000000| PB 0x0000000710000000| Untracked 
|  40|0x0000000710200000, 0x0000000710400000, 0x0000000710400000|100%| O|  |TAMS 0x0000000710200000| PB 0x0000000710200000| Untracked 
|  41|0x0000000710400000, 0x0000000710600000, 0x0000000710600000|100%| O|  |TAMS 0x0000000710400000| PB 0x0000000710400000| Untracked 
|  42|0x0000000710600000, 0x0000000710800000, 0x0000000710800000|100%| O|  |TAMS 0x0000000710600000| PB 0x0000000710600000| Untracked 
|  43|0x0000000710800000, 0x0000000710a00000, 0x0000000710a00000|100%| O|  |TAMS 0x0000000710800000| PB 0x0000000710800000| Untracked 
|  44|0x0000000710a00000, 0x0000000710c00000, 0x0000000710c00000|100%| O|  |TAMS 0x0000000710a00000| PB 0x0000000710a00000| Untracked 
|  45|0x0000000710c00000, 0x0000000710e00000, 0x0000000710e00000|100%| O|  |TAMS 0x0000000710c00000| PB 0x0000000710c00000| Untracked 
|  46|0x0000000710e00000, 0x0000000711000000, 0x0000000711000000|100%| O|  |TAMS 0x0000000710e00000| PB 0x0000000710e00000| Untracked 
|  47|0x0000000711000000, 0x0000000711200000, 0x0000000711200000|100%| O|  |TAMS 0x0000000711000000| PB 0x0000000711000000| Untracked 
|  48|0x0000000711200000, 0x0000000711400000, 0x0000000711400000|100%| O|  |TAMS 0x0000000711200000| PB 0x0000000711200000| Untracked 
|  49|0x0000000711400000, 0x0000000711600000, 0x0000000711600000|100%| O|  |TAMS 0x0000000711400000| PB 0x0000000711400000| Untracked 
|  50|0x0000000711600000, 0x0000000711800000, 0x0000000711800000|100%| O|  |TAMS 0x0000000711600000| PB 0x0000000711600000| Untracked 
|  51|0x0000000711800000, 0x0000000711a00000, 0x0000000711a00000|100%| O|  |TAMS 0x0000000711800000| PB 0x0000000711800000| Untracked 
|  52|0x0000000711a00000, 0x0000000711c00000, 0x0000000711c00000|100%| O|  |TAMS 0x0000000711a00000| PB 0x0000000711a00000| Untracked 
|  53|0x0000000711c00000, 0x0000000711e00000, 0x0000000711e00000|100%| O|  |TAMS 0x0000000711c00000| PB 0x0000000711c00000| Untracked 
|  54|0x0000000711e00000, 0x0000000712000000, 0x0000000712000000|100%| O|  |TAMS 0x0000000711e00000| PB 0x0000000711e00000| Untracked 
|  55|0x0000000712000000, 0x0000000712200000, 0x0000000712200000|100%| O|  |TAMS 0x0000000712000000| PB 0x0000000712000000| Untracked 
|  56|0x0000000712200000, 0x0000000712400000, 0x0000000712400000|100%| O|  |TAMS 0x0000000712200000| PB 0x0000000712200000| Untracked 
|  57|0x0000000712400000, 0x0000000712600000, 0x0000000712600000|100%| O|  |TAMS 0x0000000712400000| PB 0x0000000712400000| Untracked 
|  58|0x0000000712600000, 0x0000000712800000, 0x0000000712800000|100%| O|  |TAMS 0x0000000712600000| PB 0x0000000712600000| Untracked 
|  59|0x0000000712800000, 0x0000000712a00000, 0x0000000712a00000|100%| O|  |TAMS 0x0000000712800000| PB 0x0000000712800000| Untracked 
|  60|0x0000000712a00000, 0x0000000712c00000, 0x0000000712c00000|100%| O|  |TAMS 0x0000000712a00000| PB 0x0000000712a00000| Untracked 
|  61|0x0000000712c00000, 0x0000000712e00000, 0x0000000712e00000|100%| O|  |TAMS 0x0000000712c00000| PB 0x0000000712c00000| Untracked 
|  62|0x0000000712e00000, 0x0000000713000000, 0x0000000713000000|100%| O|  |TAMS 0x0000000712e00000| PB 0x0000000712e00000| Untracked 
|  63|0x0000000713000000, 0x0000000713200000, 0x0000000713200000|100%| O|  |TAMS 0x0000000713000000| PB 0x0000000713000000| Untracked 
|  64|0x0000000713200000, 0x0000000713400000, 0x0000000713400000|100%| O|  |TAMS 0x0000000713200000| PB 0x0000000713200000| Untracked 
|  65|0x0000000713400000, 0x0000000713600000, 0x0000000713600000|100%| O|  |TAMS 0x0000000713400000| PB 0x0000000713400000| Untracked 
|  66|0x0000000713600000, 0x0000000713800000, 0x0000000713800000|100%| O|  |TAMS 0x0000000713600000| PB 0x0000000713600000| Untracked 
|  67|0x0000000713800000, 0x0000000713a00000, 0x0000000713a00000|100%| O|  |TAMS 0x0000000713800000| PB 0x0000000713800000| Untracked 
|  68|0x0000000713a00000, 0x0000000713c00000, 0x0000000713c00000|100%| O|  |TAMS 0x0000000713a00000| PB 0x0000000713a00000| Untracked 
|  69|0x0000000713c00000, 0x0000000713e00000, 0x0000000713e00000|100%| O|  |TAMS 0x0000000713c00000| PB 0x0000000713c00000| Untracked 
|  70|0x0000000713e00000, 0x0000000714000000, 0x0000000714000000|100%| O|  |TAMS 0x0000000713e00000| PB 0x0000000713e00000| Untracked 
|  71|0x0000000714000000, 0x0000000714200000, 0x0000000714200000|100%| O|  |TAMS 0x0000000714000000| PB 0x0000000714000000| Untracked 
|  72|0x0000000714200000, 0x0000000714400000, 0x0000000714400000|100%| O|  |TAMS 0x0000000714200000| PB 0x0000000714200000| Untracked 
|  73|0x0000000714400000, 0x0000000714600000, 0x0000000714600000|100%| O|  |TAMS 0x0000000714400000| PB 0x0000000714400000| Untracked 
|  74|0x0000000714600000, 0x0000000714800000, 0x0000000714800000|100%| O|  |TAMS 0x0000000714600000| PB 0x0000000714600000| Untracked 
|  75|0x0000000714800000, 0x0000000714a00000, 0x0000000714a00000|100%| O|  |TAMS 0x0000000714800000| PB 0x0000000714800000| Untracked 
|  76|0x0000000714a00000, 0x0000000714c00000, 0x0000000714c00000|100%| O|  |TAMS 0x0000000714a00000| PB 0x0000000714a00000| Untracked 
|  77|0x0000000714c00000, 0x0000000714e00000, 0x0000000714e00000|100%| O|  |TAMS 0x0000000714c00000| PB 0x0000000714c00000| Untracked 
|  78|0x0000000714e00000, 0x0000000715000000, 0x0000000715000000|100%| O|  |TAMS 0x0000000714e00000| PB 0x0000000714e00000| Untracked 
|  79|0x0000000715000000, 0x0000000715200000, 0x0000000715200000|100%| O|  |TAMS 0x0000000715000000| PB 0x0000000715000000| Untracked 
|  80|0x0000000715200000, 0x0000000715400000, 0x0000000715400000|100%| O|  |TAMS 0x0000000715200000| PB 0x0000000715200000| Untracked 
|  81|0x0000000715400000, 0x0000000715600000, 0x0000000715600000|100%| O|  |TAMS 0x0000000715400000| PB 0x0000000715400000| Untracked 
|  82|0x0000000715600000, 0x0000000715800000, 0x0000000715800000|100%| O|  |TAMS 0x0000000715600000| PB 0x0000000715600000| Untracked 
|  83|0x0000000715800000, 0x0000000715a00000, 0x0000000715a00000|100%| O|  |TAMS 0x0000000715800000| PB 0x0000000715800000| Untracked 
|  84|0x0000000715a00000, 0x0000000715c00000, 0x0000000715c00000|100%| O|  |TAMS 0x0000000715a00000| PB 0x0000000715a00000| Untracked 
|  85|0x0000000715c00000, 0x0000000715e00000, 0x0000000715e00000|100%| O|  |TAMS 0x0000000715c00000| PB 0x0000000715c00000| Untracked 
|  86|0x0000000715e00000, 0x0000000716000000, 0x0000000716000000|100%| O|  |TAMS 0x0000000715e00000| PB 0x0000000715e00000| Untracked 
|  87|0x0000000716000000, 0x0000000716200000, 0x0000000716200000|100%| O|  |TAMS 0x0000000716000000| PB 0x0000000716000000| Untracked 
|  88|0x0000000716200000, 0x0000000716400000, 0x0000000716400000|100%| O|  |TAMS 0x0000000716200000| PB 0x0000000716200000| Untracked 
|  89|0x0000000716400000, 0x0000000716600000, 0x0000000716600000|100%| O|  |TAMS 0x0000000716400000| PB 0x0000000716400000| Untracked 
|  90|0x0000000716600000, 0x0000000716800000, 0x0000000716800000|100%| O|Cm|TAMS 0x0000000716600000| PB 0x0000000716600000| Complete 
|  91|0x0000000716800000, 0x0000000716a00000, 0x0000000716a00000|100%| O|  |TAMS 0x0000000716800000| PB 0x0000000716800000| Untracked 
|  92|0x0000000716a00000, 0x0000000716c00000, 0x0000000716c00000|100%| O|Cm|TAMS 0x0000000716a00000| PB 0x0000000716a00000| Complete 
|  93|0x0000000716c00000, 0x0000000716e00000, 0x0000000716e00000|100%| O|  |TAMS 0x0000000716c00000| PB 0x0000000716c00000| Untracked 
|  94|0x0000000716e00000, 0x0000000717000000, 0x0000000717000000|100%| O|  |TAMS 0x0000000716e00000| PB 0x0000000716e00000| Untracked 
|  95|0x0000000717000000, 0x0000000717200000, 0x0000000717200000|100%| O|  |TAMS 0x0000000717000000| PB 0x0000000717000000| Untracked 
|  96|0x0000000717200000, 0x0000000717400000, 0x0000000717400000|100%| O|  |TAMS 0x0000000717200000| PB 0x0000000717200000| Untracked 
|  97|0x0000000717400000, 0x0000000717600000, 0x0000000717600000|100%| O|  |TAMS 0x0000000717400000| PB 0x0000000717400000| Untracked 
|  98|0x0000000717600000, 0x0000000717800000, 0x0000000717800000|100%| O|  |TAMS 0x0000000717600000| PB 0x0000000717600000| Untracked 
|  99|0x0000000717800000, 0x0000000717a00000, 0x0000000717a00000|100%| O|  |TAMS 0x0000000717800000| PB 0x0000000717800000| Untracked 
| 100|0x0000000717a00000, 0x0000000717c00000, 0x0000000717c00000|100%| O|  |TAMS 0x0000000717a00000| PB 0x0000000717a00000| Untracked 
| 101|0x0000000717c00000, 0x0000000717e00000, 0x0000000717e00000|100%| O|  |TAMS 0x0000000717c00000| PB 0x0000000717c00000| Untracked 
| 102|0x0000000717e00000, 0x0000000718000000, 0x0000000718000000|100%| O|  |TAMS 0x0000000717e00000| PB 0x0000000717e00000| Untracked 
| 103|0x0000000718000000, 0x0000000718000000, 0x0000000718200000|  0%| F|  |TAMS 0x0000000718000000| PB 0x0000000718000000| Untracked 
| 104|0x0000000718200000, 0x0000000718400000, 0x0000000718400000|100%| O|  |TAMS 0x0000000718200000| PB 0x0000000718200000| Untracked 
| 105|0x0000000718400000, 0x0000000718400000, 0x0000000718600000|  0%| F|  |TAMS 0x0000000718400000| PB 0x0000000718400000| Untracked 
| 106|0x0000000718600000, 0x0000000718600000, 0x0000000718800000|  0%| F|  |TAMS 0x0000000718600000| PB 0x0000000718600000| Untracked 
| 107|0x0000000718800000, 0x0000000718800000, 0x0000000718a00000|  0%| F|  |TAMS 0x0000000718800000| PB 0x0000000718800000| Untracked 
| 108|0x0000000718a00000, 0x0000000718a00000, 0x0000000718c00000|  0%| F|  |TAMS 0x0000000718a00000| PB 0x0000000718a00000| Untracked 
| 109|0x0000000718c00000, 0x0000000718c00000, 0x0000000718e00000|  0%| F|  |TAMS 0x0000000718c00000| PB 0x0000000718c00000| Untracked 
| 110|0x0000000718e00000, 0x0000000718f37340, 0x0000000719000000| 60%| O|  |TAMS 0x0000000718e00000| PB 0x0000000718e00000| Untracked 
| 111|0x0000000719000000, 0x0000000719000000, 0x0000000719200000|  0%| F|  |TAMS 0x0000000719000000| PB 0x0000000719000000| Untracked 
| 112|0x0000000719200000, 0x0000000719200000, 0x0000000719400000|  0%| F|  |TAMS 0x0000000719200000| PB 0x0000000719200000| Untracked 
| 113|0x0000000719400000, 0x0000000719400000, 0x0000000719600000|  0%| F|  |TAMS 0x0000000719400000| PB 0x0000000719400000| Untracked 
| 114|0x0000000719600000, 0x0000000719600000, 0x0000000719800000|  0%| F|  |TAMS 0x0000000719600000| PB 0x0000000719600000| Untracked 
| 115|0x0000000719800000, 0x0000000719800000, 0x0000000719a00000|  0%| F|  |TAMS 0x0000000719800000| PB 0x0000000719800000| Untracked 
| 116|0x0000000719a00000, 0x0000000719a00000, 0x0000000719c00000|  0%| F|  |TAMS 0x0000000719a00000| PB 0x0000000719a00000| Untracked 
| 117|0x0000000719c00000, 0x0000000719c00000, 0x0000000719e00000|  0%| F|  |TAMS 0x0000000719c00000| PB 0x0000000719c00000| Untracked 
| 118|0x0000000719e00000, 0x0000000719e00000, 0x000000071a000000|  0%| F|  |TAMS 0x0000000719e00000| PB 0x0000000719e00000| Untracked 
| 119|0x000000071a000000, 0x000000071a000000, 0x000000071a200000|  0%| F|  |TAMS 0x000000071a000000| PB 0x000000071a000000| Untracked 
| 120|0x000000071a200000, 0x000000071a200000, 0x000000071a400000|  0%| F|  |TAMS 0x000000071a200000| PB 0x000000071a200000| Untracked 
| 121|0x000000071a400000, 0x000000071a400000, 0x000000071a600000|  0%| F|  |TAMS 0x000000071a400000| PB 0x000000071a400000| Untracked 
| 122|0x000000071a600000, 0x000000071a600000, 0x000000071a800000|  0%| F|  |TAMS 0x000000071a600000| PB 0x000000071a600000| Untracked 
| 123|0x000000071a800000, 0x000000071a800000, 0x000000071aa00000|  0%| F|  |TAMS 0x000000071a800000| PB 0x000000071a800000| Untracked 
| 124|0x000000071aa00000, 0x000000071aa00000, 0x000000071ac00000|  0%| F|  |TAMS 0x000000071aa00000| PB 0x000000071aa00000| Untracked 
| 125|0x000000071ac00000, 0x000000071ac00000, 0x000000071ae00000|  0%| F|  |TAMS 0x000000071ac00000| PB 0x000000071ac00000| Untracked 
| 126|0x000000071ae00000, 0x000000071ae00000, 0x000000071b000000|  0%| F|  |TAMS 0x000000071ae00000| PB 0x000000071ae00000| Untracked 
| 127|0x000000071b000000, 0x000000071b000000, 0x000000071b200000|  0%| F|  |TAMS 0x000000071b000000| PB 0x000000071b000000| Untracked 
| 128|0x000000071b200000, 0x000000071b200000, 0x000000071b400000|  0%| F|  |TAMS 0x000000071b200000| PB 0x000000071b200000| Untracked 
| 129|0x000000071b400000, 0x000000071b400000, 0x000000071b600000|  0%| F|  |TAMS 0x000000071b400000| PB 0x000000071b400000| Untracked 
| 130|0x000000071b600000, 0x000000071b600000, 0x000000071b800000|  0%| F|  |TAMS 0x000000071b600000| PB 0x000000071b600000| Untracked 
| 131|0x000000071b800000, 0x000000071b800000, 0x000000071ba00000|  0%| F|  |TAMS 0x000000071b800000| PB 0x000000071b800000| Untracked 
| 132|0x000000071ba00000, 0x000000071ba00000, 0x000000071bc00000|  0%| F|  |TAMS 0x000000071ba00000| PB 0x000000071ba00000| Untracked 
| 133|0x000000071bc00000, 0x000000071bc00000, 0x000000071be00000|  0%| F|  |TAMS 0x000000071bc00000| PB 0x000000071bc00000| Untracked 
| 134|0x000000071be00000, 0x000000071be00000, 0x000000071c000000|  0%| F|  |TAMS 0x000000071be00000| PB 0x000000071be00000| Untracked 
| 135|0x000000071c000000, 0x000000071c000000, 0x000000071c200000|  0%| F|  |TAMS 0x000000071c000000| PB 0x000000071c000000| Untracked 
| 136|0x000000071c200000, 0x000000071c400000, 0x000000071c400000|100%| S|CS|TAMS 0x000000071c200000| PB 0x000000071c200000| Complete 
| 137|0x000000071c400000, 0x000000071c600000, 0x000000071c600000|100%| S|CS|TAMS 0x000000071c400000| PB 0x000000071c400000| Complete 
| 138|0x000000071c600000, 0x000000071c800000, 0x000000071c800000|100%| S|CS|TAMS 0x000000071c600000| PB 0x000000071c600000| Complete 
| 139|0x000000071c800000, 0x000000071ca00000, 0x000000071ca00000|100%| S|CS|TAMS 0x000000071c800000| PB 0x000000071c800000| Complete 
| 140|0x000000071ca00000, 0x000000071ca00000, 0x000000071cc00000|  0%| F|  |TAMS 0x000000071ca00000| PB 0x000000071ca00000| Untracked 
| 141|0x000000071cc00000, 0x000000071cc00000, 0x000000071ce00000|  0%| F|  |TAMS 0x000000071cc00000| PB 0x000000071cc00000| Untracked 
| 142|0x000000071ce00000, 0x000000071ce00000, 0x000000071d000000|  0%| F|  |TAMS 0x000000071ce00000| PB 0x000000071ce00000| Untracked 
| 143|0x000000071d000000, 0x000000071d000000, 0x000000071d200000|  0%| F|  |TAMS 0x000000071d000000| PB 0x000000071d000000| Untracked 
| 144|0x000000071d200000, 0x000000071d200000, 0x000000071d400000|  0%| F|  |TAMS 0x000000071d200000| PB 0x000000071d200000| Untracked 
| 145|0x000000071d400000, 0x000000071d400000, 0x000000071d600000|  0%| F|  |TAMS 0x000000071d400000| PB 0x000000071d400000| Untracked 
| 146|0x000000071d600000, 0x000000071d600000, 0x000000071d800000|  0%| F|  |TAMS 0x000000071d600000| PB 0x000000071d600000| Untracked 
| 147|0x000000071d800000, 0x000000071d800000, 0x000000071da00000|  0%| F|  |TAMS 0x000000071d800000| PB 0x000000071d800000| Untracked 
| 148|0x000000071da00000, 0x000000071da00000, 0x000000071dc00000|  0%| F|  |TAMS 0x000000071da00000| PB 0x000000071da00000| Untracked 
| 149|0x000000071dc00000, 0x000000071de00000, 0x000000071de00000|100%| E|  |TAMS 0x000000071dc00000| PB 0x000000071dc00000| Complete 
| 150|0x000000071de00000, 0x000000071e000000, 0x000000071e000000|100%| E|CS|TAMS 0x000000071de00000| PB 0x000000071de00000| Complete 
| 151|0x000000071e000000, 0x000000071e200000, 0x000000071e200000|100%| E|CS|TAMS 0x000000071e000000| PB 0x000000071e000000| Complete 
| 152|0x000000071e200000, 0x000000071e400000, 0x000000071e400000|100%| E|CS|TAMS 0x000000071e200000| PB 0x000000071e200000| Complete 
| 153|0x000000071e400000, 0x000000071e600000, 0x000000071e600000|100%| E|CS|TAMS 0x000000071e400000| PB 0x000000071e400000| Complete 
| 154|0x000000071e600000, 0x000000071e800000, 0x000000071e800000|100%| E|CS|TAMS 0x000000071e600000| PB 0x000000071e600000| Complete 
| 155|0x000000071e800000, 0x000000071ea00000, 0x000000071ea00000|100%| E|CS|TAMS 0x000000071e800000| PB 0x000000071e800000| Complete 
| 156|0x000000071ea00000, 0x000000071ec00000, 0x000000071ec00000|100%| E|CS|TAMS 0x000000071ea00000| PB 0x000000071ea00000| Complete 
| 157|0x000000071ec00000, 0x000000071ee00000, 0x000000071ee00000|100%| E|CS|TAMS 0x000000071ec00000| PB 0x000000071ec00000| Complete 
| 158|0x000000071ee00000, 0x000000071f000000, 0x000000071f000000|100%| E|CS|TAMS 0x000000071ee00000| PB 0x000000071ee00000| Complete 
| 159|0x000000071f000000, 0x000000071f200000, 0x000000071f200000|100%| E|CS|TAMS 0x000000071f000000| PB 0x000000071f000000| Complete 
| 160|0x000000071f200000, 0x000000071f400000, 0x000000071f400000|100%| E|CS|TAMS 0x000000071f200000| PB 0x000000071f200000| Complete 
| 161|0x000000071f400000, 0x000000071f600000, 0x000000071f600000|100%| E|CS|TAMS 0x000000071f400000| PB 0x000000071f400000| Complete 
| 162|0x000000071f600000, 0x000000071f800000, 0x000000071f800000|100%| E|CS|TAMS 0x000000071f600000| PB 0x000000071f600000| Complete 
| 163|0x000000071f800000, 0x000000071fa00000, 0x000000071fa00000|100%| E|CS|TAMS 0x000000071f800000| PB 0x000000071f800000| Complete 
| 164|0x000000071fa00000, 0x000000071fc00000, 0x000000071fc00000|100%| E|CS|TAMS 0x000000071fa00000| PB 0x000000071fa00000| Complete 
| 165|0x000000071fc00000, 0x000000071fe00000, 0x000000071fe00000|100%| E|CS|TAMS 0x000000071fc00000| PB 0x000000071fc00000| Complete 
| 166|0x000000071fe00000, 0x0000000720000000, 0x0000000720000000|100%| E|CS|TAMS 0x000000071fe00000| PB 0x000000071fe00000| Complete 
| 167|0x0000000720000000, 0x0000000720200000, 0x0000000720200000|100%| E|CS|TAMS 0x0000000720000000| PB 0x0000000720000000| Complete 
| 168|0x0000000720200000, 0x0000000720400000, 0x0000000720400000|100%| E|CS|TAMS 0x0000000720200000| PB 0x0000000720200000| Complete 
| 169|0x0000000720400000, 0x0000000720600000, 0x0000000720600000|100%| E|CS|TAMS 0x0000000720400000| PB 0x0000000720400000| Complete 
| 170|0x0000000720600000, 0x0000000720800000, 0x0000000720800000|100%| E|CS|TAMS 0x0000000720600000| PB 0x0000000720600000| Complete 
| 171|0x0000000720800000, 0x0000000720a00000, 0x0000000720a00000|100%| E|CS|TAMS 0x0000000720800000| PB 0x0000000720800000| Complete 
| 172|0x0000000720a00000, 0x0000000720c00000, 0x0000000720c00000|100%| E|CS|TAMS 0x0000000720a00000| PB 0x0000000720a00000| Complete 
| 173|0x0000000720c00000, 0x0000000720e00000, 0x0000000720e00000|100%| E|CS|TAMS 0x0000000720c00000| PB 0x0000000720c00000| Complete 
| 174|0x0000000720e00000, 0x0000000721000000, 0x0000000721000000|100%| E|CS|TAMS 0x0000000720e00000| PB 0x0000000720e00000| Complete 
| 175|0x0000000721000000, 0x0000000721200000, 0x0000000721200000|100%| E|CS|TAMS 0x0000000721000000| PB 0x0000000721000000| Complete 
| 176|0x0000000721200000, 0x0000000721400000, 0x0000000721400000|100%| E|CS|TAMS 0x0000000721200000| PB 0x0000000721200000| Complete 
| 177|0x0000000721400000, 0x0000000721600000, 0x0000000721600000|100%| E|CS|TAMS 0x0000000721400000| PB 0x0000000721400000| Complete 
|1958|0x00000007ffe00000, 0x0000000800000000, 0x0000000800000000|100%| E|CS|TAMS 0x00000007ffe00000| PB 0x00000007ffe00000| Complete 

Card table byte_map: [0x0000021ee6700000,0x0000021ee6eb0000] _byte_map_base: 0x0000021ee2ea7000

Marking Bits: (CMBitMap*) 0x0000021ed35cd8d0
 Bits: [0x0000021ee6eb0000, 0x0000021eeabe8000)

Polling page: 0x0000021ed13d0000

Metaspace:

Usage:
  Non-class:     89.05 MB used.
      Class:     10.42 MB used.
       Both:     99.47 MB used.

Virtual space:
  Non-class space:      128.00 MB reserved,      89.25 MB ( 70%) committed,  2 nodes.
      Class space:        1.00 GB reserved,      10.56 MB (  1%) committed,  1 nodes.
             Both:        1.12 GB reserved,      99.81 MB (  9%) committed. 

Chunk freelists:
   Non-Class:  5.95 MB
       Class:  5.38 MB
        Both:  11.33 MB

MaxMetaspaceSize: unlimited
CompressedClassSpaceSize: 1.00 GB
Initial GC threshold: 21.00 MB
Current GC threshold: 166.25 MB
CDS: off
 - commit_granule_bytes: 65536.
 - commit_granule_words: 8192.
 - virtual_space_node_default_size: 8388608.
 - enlarge_chunks_in_place: 1.
 - use_allocation_guard: 0.


Internal statistics:

num_allocs_failed_limit: 6.
num_arena_births: 466.
num_arena_deaths: 0.
num_vsnodes_births: 3.
num_vsnodes_deaths: 0.
num_space_committed: 1595.
num_space_uncommitted: 0.
num_chunks_returned_to_freelist: 6.
num_chunks_taken_from_freelist: 3724.
num_chunk_merges: 6.
num_chunk_splits: 3100.
num_chunks_enlarged: 2778.
num_inconsistent_stats: 0.

CodeHeap 'non-profiled nmethods': size=119168Kb used=14754Kb max_used=15503Kb free=104413Kb
 bounds [0x0000021ede270000, 0x0000021edf1b0000, 0x0000021ee56d0000]
CodeHeap 'profiled nmethods': size=119104Kb used=65367Kb max_used=72521Kb free=53736Kb
 bounds [0x0000021ed66d0000, 0x0000021edadb0000, 0x0000021eddb20000]
CodeHeap 'non-nmethods': size=7488Kb used=3419Kb max_used=3496Kb free=4068Kb
 bounds [0x0000021eddb20000, 0x0000021eddea0000, 0x0000021ede270000]
CodeCache: size=245760Kb, used=83540Kb, max_used=91520Kb, free=162217Kb
 total_blobs=17594, nmethods=16729, adapters=762, full_count=0
Compilation: enabled, stopped_count=0, restarted_count=0

Compilation events (20 events):
Event: 18.835 Thread 0x0000021efb5583f0 nmethod 23542 0x0000021ede45bf90 code [0x0000021ede45c120, 0x0000021ede45c320]
Event: 18.835 Thread 0x0000021efb5583f0 23519       4       org.jetbrains.kotlin.ir.types.IrTypePredicatesKt::isClassType (46 bytes)
Event: 18.841 Thread 0x0000021ef3a05cb0 nmethod 23541 0x0000021ede931990 code [0x0000021ede931fc0, 0x0000021ede934390]
Event: 18.841 Thread 0x0000021ef3a05cb0 23492       4       org.jetbrains.kotlin.backend.jvm.JvmIrTypeSystemContext::argumentsCount (6 bytes)
Event: 18.842 Thread 0x0000021ef3a05cb0 nmethod 23492 0x0000021ede400b10 code [0x0000021ede400ca0, 0x0000021ede400d98]
Event: 18.842 Thread 0x0000021efb5583f0 nmethod 23519 0x0000021edef2c690 code [0x0000021edef2c8e0, 0x0000021edef2d140]
Event: 18.842 Thread 0x0000021ef3a05cb0 23446       4       org.jetbrains.kotlin.backend.jvm.ir.JvmIrUtilsKt::getFileParentOrNull (46 bytes)
Event: 18.842 Thread 0x0000021efb5583f0 23409       4       org.jetbrains.kotlin.backend.jvm.codegen.ExpressionCodegen::findLocalIndex (79 bytes)
Event: 18.844 Thread 0x0000021ef3a05cb0 nmethod 23446 0x0000021ede334590 code [0x0000021ede334760, 0x0000021ede334a20]
Event: 18.844 Thread 0x0000021ef3a05cb0 23411       4       org.jetbrains.org.objectweb.asm.signature.SignatureVisitor::<init> (79 bytes)
Event: 18.844 Thread 0x0000021ef3a05cb0 nmethod 23411 0x0000021ede3e1290 code [0x0000021ede3e1420, 0x0000021ede3e14d0]
Event: 18.844 Thread 0x0000021ef3a05cb0 23406       4       org.jetbrains.kotlin.backend.jvm.intrinsics.IrIntrinsicMethods::getIntrinsic (125 bytes)
Event: 18.848 Thread 0x0000021efb5583f0 nmethod 23409 0x0000021ede7cd690 code [0x0000021ede7cd8c0, 0x0000021ede7ce0a0]
Event: 18.848 Thread 0x0000021efb5583f0 23456       4       org.jetbrains.kotlin.codegen.inline.SourceMapCopyingMethodVisitor::visitLineNumber (20 bytes)
Event: 18.849 Thread 0x0000021efb5583f0 nmethod 23456 0x0000021ede50fe90 code [0x0000021ede510020, 0x0000021ede510158]
Event: 18.849 Thread 0x0000021efb5583f0 23407       4       org.jetbrains.kotlin.types.ExpandedTypeUtilsKt::computeExpandedTypeInner (313 bytes)
Event: 18.868 Thread 0x0000021ef20d7460 23553       3       org.jetbrains.kotlin.codegen.optimization.boxing.RedundantBoxingInterpreter$Companion::access$addAssociatedInsn (7 bytes)
Event: 18.868 Thread 0x0000021ef28f60c0 23554       3       org.jetbrains.kotlin.codegen.optimization.boxing.RedundantBoxingInterpreter$Companion::addAssociatedInsn (23 bytes)
Event: 18.868 Thread 0x0000021ef20d7460 nmethod 23553 0x0000021ed6da2890 code [0x0000021ed6da2b00, 0x0000021ed6da34a8]
Event: 18.868 Thread 0x0000021ef28f60c0 nmethod 23554 0x0000021ed6a4d110 code [0x0000021ed6a4d380, 0x0000021ed6a4dce8]

GC Heap History (20 events):
Event: 12.007 GC heap before
{Heap before GC invocations=25 (full 0):
 garbage-first heap   total 239616K, used 210498K [0x000000070b200000, 0x0000000800000000)
  region size 2048K, 33 young (67584K), 4 survivors (8192K)
 Metaspace       used 81901K, committed 82176K, reserved 1179648K
  class space    used 8922K, committed 9024K, reserved 1048576K
}
Event: 12.023 GC heap after
{Heap after GC invocations=26 (full 0):
 garbage-first heap   total 239616K, used 162324K [0x000000070b200000, 0x0000000800000000)
  region size 2048K, 5 young (10240K), 5 survivors (10240K)
 Metaspace       used 81901K, committed 82176K, reserved 1179648K
  class space    used 8922K, committed 9024K, reserved 1048576K
}
Event: 12.626 GC heap before
{Heap before GC invocations=26 (full 0):
 garbage-first heap   total 239616K, used 213524K [0x000000070b200000, 0x0000000800000000)
  region size 2048K, 30 young (61440K), 5 survivors (10240K)
 Metaspace       used 85094K, committed 85376K, reserved 1179648K
  class space    used 9213K, committed 9344K, reserved 1048576K
}
Event: 12.640 GC heap after
{Heap after GC invocations=27 (full 0):
 garbage-first heap   total 288768K, used 170555K [0x000000070b200000, 0x0000000800000000)
  region size 2048K, 4 young (8192K), 4 survivors (8192K)
 Metaspace       used 85094K, committed 85376K, reserved 1179648K
  class space    used 9213K, committed 9344K, reserved 1048576K
}
Event: 13.660 GC heap before
{Heap before GC invocations=28 (full 0):
 garbage-first heap   total 288768K, used 248379K [0x000000070b200000, 0x0000000800000000)
  region size 2048K, 42 young (86016K), 4 survivors (8192K)
 Metaspace       used 87125K, committed 87488K, reserved 1179648K
  class space    used 9387K, committed 9536K, reserved 1048576K
}
Event: 13.674 GC heap after
{Heap after GC invocations=29 (full 0):
 garbage-first heap   total 288768K, used 184641K [0x000000070b200000, 0x0000000800000000)
  region size 2048K, 6 young (12288K), 6 survivors (12288K)
 Metaspace       used 87125K, committed 87488K, reserved 1179648K
  class space    used 9387K, committed 9536K, reserved 1048576K
}
Event: 14.947 GC heap before
{Heap before GC invocations=29 (full 0):
 garbage-first heap   total 288768K, used 254273K [0x000000070b200000, 0x0000000800000000)
  region size 2048K, 40 young (81920K), 6 survivors (12288K)
 Metaspace       used 94095K, committed 94464K, reserved 1179648K
  class space    used 10085K, committed 10240K, reserved 1048576K
}
Event: 14.964 GC heap after
{Heap after GC invocations=30 (full 0):
 garbage-first heap   total 288768K, used 191010K [0x000000070b200000, 0x0000000800000000)
  region size 2048K, 4 young (8192K), 4 survivors (8192K)
 Metaspace       used 94095K, committed 94464K, reserved 1179648K
  class space    used 10085K, committed 10240K, reserved 1048576K
}
Event: 15.962 GC heap before
{Heap before GC invocations=30 (full 0):
 garbage-first heap   total 288768K, used 242210K [0x000000070b200000, 0x0000000800000000)
  region size 2048K, 30 young (61440K), 4 survivors (8192K)
 Metaspace       used 99645K, committed 100096K, reserved 1179648K
  class space    used 10557K, committed 10752K, reserved 1048576K
}
Event: 15.970 GC heap after
{Heap after GC invocations=31 (full 0):
 garbage-first heap   total 288768K, used 195404K [0x000000070b200000, 0x0000000800000000)
  region size 2048K, 2 young (4096K), 2 survivors (4096K)
 Metaspace       used 99645K, committed 100096K, reserved 1179648K
  class space    used 10557K, committed 10752K, reserved 1048576K
}
Event: 16.763 GC heap before
{Heap before GC invocations=32 (full 0):
 garbage-first heap   total 327680K, used 262988K [0x000000070b200000, 0x0000000800000000)
  region size 2048K, 35 young (71680K), 2 survivors (4096K)
 Metaspace       used 100950K, committed 101376K, reserved 1179648K
  class space    used 10631K, committed 10816K, reserved 1048576K
}
Event: 16.768 GC heap after
{Heap after GC invocations=33 (full 0):
 garbage-first heap   total 327680K, used 200111K [0x000000070b200000, 0x0000000800000000)
  region size 2048K, 5 young (10240K), 5 survivors (10240K)
 Metaspace       used 100950K, committed 101376K, reserved 1179648K
  class space    used 10631K, committed 10816K, reserved 1048576K
}
Event: 17.374 GC heap before
{Heap before GC invocations=33 (full 0):
 garbage-first heap   total 327680K, used 292271K [0x000000070b200000, 0x0000000800000000)
  region size 2048K, 50 young (102400K), 5 survivors (10240K)
 Metaspace       used 101264K, committed 101696K, reserved 1179648K
  class space    used 10638K, committed 10816K, reserved 1048576K
}
Event: 17.381 GC heap after
{Heap after GC invocations=34 (full 0):
 garbage-first heap   total 327680K, used 203455K [0x000000070b200000, 0x0000000800000000)
  region size 2048K, 5 young (10240K), 5 survivors (10240K)
 Metaspace       used 101264K, committed 101696K, reserved 1179648K
  class space    used 10638K, committed 10816K, reserved 1048576K
}
Event: 17.903 GC heap before
{Heap before GC invocations=34 (full 0):
 garbage-first heap   total 327680K, used 297663K [0x000000070b200000, 0x0000000800000000)
  region size 2048K, 51 young (104448K), 5 survivors (10240K)
 Metaspace       used 101713K, committed 102080K, reserved 1179648K
  class space    used 10660K, committed 10816K, reserved 1048576K
}
Event: 17.910 GC heap after
{Heap after GC invocations=35 (full 0):
 garbage-first heap   total 327680K, used 206543K [0x000000070b200000, 0x0000000800000000)
  region size 2048K, 5 young (10240K), 5 survivors (10240K)
 Metaspace       used 101713K, committed 102080K, reserved 1179648K
  class space    used 10660K, committed 10816K, reserved 1048576K
}
Event: 18.193 GC heap before
{Heap before GC invocations=35 (full 0):
 garbage-first heap   total 327680K, used 298703K [0x000000070b200000, 0x0000000800000000)
  region size 2048K, 50 young (102400K), 5 survivors (10240K)
 Metaspace       used 101735K, committed 102144K, reserved 1179648K
  class space    used 10660K, committed 10816K, reserved 1048576K
}
Event: 18.205 GC heap after
{Heap after GC invocations=36 (full 0):
 garbage-first heap   total 327680K, used 218276K [0x000000070b200000, 0x0000000800000000)
  region size 2048K, 7 young (14336K), 7 survivors (14336K)
 Metaspace       used 101735K, committed 102144K, reserved 1179648K
  class space    used 10660K, committed 10816K, reserved 1048576K
}
Event: 18.747 GC heap before
{Heap before GC invocations=37 (full 0):
 garbage-first heap   total 366592K, used 298148K [0x000000070b200000, 0x0000000800000000)
  region size 2048K, 46 young (94208K), 7 survivors (14336K)
 Metaspace       used 101840K, committed 102208K, reserved 1179648K
  class space    used 10665K, committed 10816K, reserved 1048576K
}
Event: 18.756 GC heap after
{Heap after GC invocations=38 (full 0):
 garbage-first heap   total 366592K, used 222428K [0x000000070b200000, 0x0000000800000000)
  region size 2048K, 4 young (8192K), 4 survivors (8192K)
 Metaspace       used 101840K, committed 102208K, reserved 1179648K
  class space    used 10665K, committed 10816K, reserved 1048576K
}

Dll operation events (3 events):
Event: 0.006 Loaded shared library C:\Program Files\Android\Android Studio\jbr\bin\java.dll
Event: 0.010 Loaded shared library C:\Program Files\Android\Android Studio\jbr\bin\zip.dll
Event: 0.741 Loaded shared library C:\Program Files\Android\Android Studio\jbr\bin\verify.dll

Deoptimization events (20 events):
Event: 18.823 Thread 0x0000021ed10f3060 DEOPT PACKING pc=0x0000021edacef869 sp=0x000000ae845f9da0
Event: 18.823 Thread 0x0000021ed10f3060 DEOPT UNPACKING pc=0x0000021eddb74bc2 sp=0x000000ae845f9410 mode 0
Event: 18.823 Thread 0x0000021ed10f3060 DEOPT PACKING pc=0x0000021ed98c8dff sp=0x000000ae845fa0d0
Event: 18.823 Thread 0x0000021ed10f3060 DEOPT UNPACKING pc=0x0000021eddb74bc2 sp=0x000000ae845f9620 mode 0
Event: 18.832 Thread 0x0000021ed10f3060 DEOPT PACKING pc=0x0000021edacef549 sp=0x000000ae845fbcc0
Event: 18.832 Thread 0x0000021ed10f3060 DEOPT UNPACKING pc=0x0000021eddb74bc2 sp=0x000000ae845fb330 mode 0
Event: 18.856 Thread 0x0000021ed10f3060 DEOPT PACKING pc=0x0000021ed9d07ec8 sp=0x000000ae845fe050
Event: 18.856 Thread 0x0000021ed10f3060 DEOPT UNPACKING pc=0x0000021eddb74bc2 sp=0x000000ae845fd628 mode 0
Event: 18.873 Thread 0x0000021ed10f3060 DEOPT PACKING pc=0x0000021edacef869 sp=0x000000ae845fdf00
Event: 18.873 Thread 0x0000021ed10f3060 DEOPT UNPACKING pc=0x0000021eddb74bc2 sp=0x000000ae845fd570 mode 0
Event: 18.874 Thread 0x0000021ed10f3060 DEOPT PACKING pc=0x0000021ed9c439ee sp=0x000000ae845fe0b0
Event: 18.874 Thread 0x0000021ed10f3060 DEOPT UNPACKING pc=0x0000021eddb74bc2 sp=0x000000ae845fd5a0 mode 0
Event: 18.875 Thread 0x0000021ed10f3060 DEOPT PACKING pc=0x0000021edab1dcea sp=0x000000ae845fe120
Event: 18.875 Thread 0x0000021ed10f3060 DEOPT UNPACKING pc=0x0000021eddb74bc2 sp=0x000000ae845fd668 mode 0
Event: 18.879 Thread 0x0000021ed10f3060 Uncommon trap: trap_request=0xffffff6e fr.pc=0x0000021ede31af24 relative=0x00000000000013a4
Event: 18.879 Thread 0x0000021ed10f3060 Uncommon trap: reason=loop_limit_check action=maybe_recompile pc=0x0000021ede31af24 method=org.jetbrains.kotlin.codegen.optimization.RedundantNopsCleanupMethodTransformer.recordNopsRequiredForDebugger(Lorg/jetbrains/org/objectweb/asm/tree/MethodNode;Ljava
Event: 18.879 Thread 0x0000021ed10f3060 DEOPT PACKING pc=0x0000021ede31af24 sp=0x000000ae845fe070
Event: 18.879 Thread 0x0000021ed10f3060 DEOPT UNPACKING pc=0x0000021eddb74422 sp=0x000000ae845fe000 mode 2
Event: 18.884 Thread 0x0000021ed10f3060 DEOPT PACKING pc=0x0000021edaa88a59 sp=0x000000ae845fe110
Event: 18.885 Thread 0x0000021ed10f3060 DEOPT UNPACKING pc=0x0000021eddb74bc2 sp=0x000000ae845fd6b8 mode 0

Classes loaded (20 events):
Event: 14.375 Loading class sun/security/jca/GetInstance$Instance
Event: 14.375 Loading class sun/security/jca/GetInstance$Instance done
Event: 14.375 Loading class java/security/MessageDigest$Delegate
Event: 14.376 Loading class sun/security/util/MessageDigestSpi2
Event: 14.376 Loading class sun/security/util/MessageDigestSpi2 done
Event: 14.376 Loading class java/security/MessageDigest$Delegate done
Event: 14.376 Loading class java/security/MessageDigest$Delegate$CloneableDelegate
Event: 14.376 Loading class java/security/MessageDigest$Delegate$CloneableDelegate done
Event: 14.376 Loading class sun/security/provider/ByteArrayAccess$LE
Event: 14.376 Loading class sun/security/provider/ByteArrayAccess$LE done
Event: 14.376 Loading class sun/security/provider/ByteArrayAccess
Event: 14.376 Loading class sun/security/provider/ByteArrayAccess done
Event: 14.376 Loading class java/util/Base64
Event: 14.376 Loading class java/util/Base64 done
Event: 14.376 Loading class java/util/Base64$Encoder
Event: 14.377 Loading class java/util/Base64$Encoder done
Event: 15.361 Loading class java/lang/TypeNotPresentException
Event: 15.361 Loading class java/lang/TypeNotPresentException done
Event: 15.470 Loading class java/util/Vector$Itr
Event: 15.473 Loading class java/util/Vector$Itr done

Classes unloaded (0 events):
No events

Classes redefined (0 events):
No events

Internal exceptions (20 events):
Event: 14.292 Thread 0x0000021ed10f3060 Exception <a 'java/lang/NoSuchMethodError'{0x000000071a835e88}: 'java.lang.Object java.lang.invoke.DirectMethodHandle$Holder.invokeSpecial(java.lang.Object, java.lang.Object, java.lang.Object, java.lang.Object, java.lang.Object, int, java.lang.Object)'> (0x000000071a835e88) 
thrown [s\src\hotspot\share\interpreter\linkResolver.cpp, line 784]
Event: 14.293 Thread 0x0000021ed10f3060 Exception <a 'java/lang/NoSuchMethodError'{0x000000071a839a60}: 'java.lang.Object java.lang.invoke.Invokers$Holder.linkToTargetMethod(java.lang.Object, java.lang.Object, java.lang.Object, int, java.lang.Object, java.lang.Object)'> (0x000000071a839a60) 
thrown [s\src\hotspot\share\interpreter\linkResolver.cpp, line 784]
Event: 14.391 Thread 0x0000021ed10f3060 Exception <a 'java/lang/NoSuchMethodError'{0x000000071a4fc5b8}: 'java.lang.Object java.lang.invoke.DirectMethodHandle$Holder.newInvokeSpecial(java.lang.Object, java.lang.Object, java.lang.Object, java.lang.Object, java.lang.Object, int, int)'> (0x000000071a4fc5b8) 
thrown [s\src\hotspot\share\interpreter\linkResolver.cpp, line 784]
Event: 14.391 Thread 0x0000021ed10f3060 Exception <a 'java/lang/NoSuchMethodError'{0x000000071a504600}: 'java.lang.Object java.lang.invoke.Invokers$Holder.linkToTargetMethod(java.lang.Object, java.lang.Object, java.lang.Object, java.lang.Object, int, int, java.lang.Object)'> (0x000000071a504600) 
thrown [s\src\hotspot\share\interpreter\linkResolver.cpp, line 784]
Event: 14.501 Thread 0x0000021ed10f3060 Exception <a 'java/lang/NoSuchMethodError'{0x0000000719ea6548}: 'java.lang.Object java.lang.invoke.DirectMethodHandle$Holder.invokeStaticInit(java.lang.Object, java.lang.Object, int, java.lang.Object)'> (0x0000000719ea6548) 
thrown [s\src\hotspot\share\interpreter\linkResolver.cpp, line 784]
Event: 14.617 Thread 0x0000021ed10f3060 Exception <a 'java/lang/NoSuchMethodError'{0x0000000719bd6e60}: 'java.lang.Object java.lang.invoke.DirectMethodHandle$Holder.newInvokeSpecial(java.lang.Object, java.lang.Object, java.lang.Object, java.lang.Object, int, int, int, java.lang.Object)'> (0x0000000719bd6e60) 
thrown [s\src\hotspot\share\interpreter\linkResolver.cpp, line 784]
Event: 14.669 Thread 0x0000021ed10f3060 Exception <a 'java/lang/NoSuchMethodError'{0x00000007196c9a88}: 'java.lang.Object java.lang.invoke.DirectMethodHandle$Holder.newInvokeSpecial(java.lang.Object, java.lang.Object, int, java.lang.Object)'> (0x00000007196c9a88) 
thrown [s\src\hotspot\share\interpreter\linkResolver.cpp, line 784]
Event: 14.669 Thread 0x0000021ed10f3060 Exception <a 'java/lang/NoSuchMethodError'{0x00000007196cdac0}: 'java.lang.Object java.lang.invoke.DirectMethodHandle$Holder.invokeSpecial(java.lang.Object, java.lang.Object, java.lang.Object, int, java.lang.Object)'> (0x00000007196cdac0) 
thrown [s\src\hotspot\share\interpreter\linkResolver.cpp, line 784]
Event: 14.670 Thread 0x0000021ed10f3060 Exception <a 'java/lang/NoSuchMethodError'{0x00000007196d1490}: 'java.lang.Object java.lang.invoke.Invokers$Holder.linkToTargetMethod(java.lang.Object, int, java.lang.Object, java.lang.Object)'> (0x00000007196d1490) 
thrown [s\src\hotspot\share\interpreter\linkResolver.cpp, line 784]
Event: 15.430 Thread 0x0000021ed10f3060 Exception <a 'java/lang/NoSuchMethodError'{0x000000071b1fd788}: 'java.lang.Object java.lang.invoke.DirectMethodHandle$Holder.invokeStatic(java.lang.Object, int, int)'> (0x000000071b1fd788) 
thrown [s\src\hotspot\share\interpreter\linkResolver.cpp, line 784]
Event: 15.658 Thread 0x0000021ed10f3060 Exception <a 'java/lang/NoSuchMethodError'{0x000000071a4d3b60}: 'java.lang.Object java.lang.invoke.DirectMethodHandle$Holder.newInvokeSpecial(java.lang.Object, java.lang.Object, java.lang.Object, java.lang.Object, java.lang.Object, int, java.lang.Object)'> (0x000000071a4d3b60) 
thrown [s\src\hotspot\share\interpreter\linkResolver.cpp, line 784]
Event: 15.658 Thread 0x0000021ed10f3060 Exception <a 'java/lang/NoSuchMethodError'{0x000000071a4d7c68}: 'java.lang.Object java.lang.invoke.DirectMethodHandle$Holder.invokeSpecial(java.lang.Object, java.lang.Object, java.lang.Object, java.lang.Object, java.lang.Object, java.lang.Object, int, java.lang.Object)'> (0x000000071a4d7c68) 
thrown [s\src\hotspot\share\interpreter\linkResolver.cpp, line 784]
Event: 15.659 Thread 0x0000021ed10f3060 Exception <a 'java/lang/NoSuchMethodError'{0x000000071a4db3d8}: 'java.lang.Object java.lang.invoke.Invokers$Holder.linkToTargetMethod(java.lang.Object, java.lang.Object, java.lang.Object, java.lang.Object, int, java.lang.Object, java.lang.Object)'> (0x000000071a4db3d8) 
thrown [s\src\hotspot\share\interpreter\linkResolver.cpp, line 784]
Event: 15.856 Thread 0x0000021ed10f3060 Implicit null exception at 0x0000021edefbdf88 to 0x0000021edefbe320
Event: 15.941 Thread 0x0000021ed10f3060 Implicit null exception at 0x0000021edeff865e to 0x0000021edeff868e
Event: 16.323 Thread 0x0000021ed10f3060 Exception <a 'java/lang/NoSuchMethodError'{0x000000071e55c6a0}: 'java.lang.Object java.lang.invoke.DirectMethodHandle$Holder.newInvokeSpecial(java.lang.Object, int, int, java.lang.Object)'> (0x000000071e55c6a0) 
thrown [s\src\hotspot\share\interpreter\linkResolver.cpp, line 784]
Event: 16.324 Thread 0x0000021ed10f3060 Exception <a 'java/lang/NoSuchMethodError'{0x000000071e563848}: 'java.lang.Object java.lang.invoke.Invokers$Holder.linkToTargetMethod(int, int, java.lang.Object, java.lang.Object)'> (0x000000071e563848) 
thrown [s\src\hotspot\share\interpreter\linkResolver.cpp, line 784]
Event: 16.325 Thread 0x0000021ed10f3060 Exception <a 'java/lang/NoSuchMethodError'{0x000000071e56d7f0}: 'java.lang.Object java.lang.invoke.DirectMethodHandle$Holder.invokeStatic(java.lang.Object, java.lang.Object, int, int, java.lang.Object)'> (0x000000071e56d7f0) 
thrown [s\src\hotspot\share\interpreter\linkResolver.cpp, line 784]
Event: 18.562 Thread 0x0000021ed10f3060 Implicit null exception at 0x0000021edf178224 to 0x0000021edf17b668
Event: 18.685 Thread 0x0000021ed10f3060 Implicit null exception at 0x0000021edf11f9ea to 0x0000021edf1214f4

ZGC Phase Switch (0 events):
No events

VM Operations (20 events):
Event: 17.228 Executing non-safepoint VM operation: HandshakeAllThreads (Deoptimize)
Event: 17.229 Executing non-safepoint VM operation: HandshakeAllThreads (Deoptimize) done
Event: 17.374 Executing safepoint VM operation: G1CollectForAllocation (G1 Evacuation Pause)
Event: 17.381 Executing safepoint VM operation: G1CollectForAllocation (G1 Evacuation Pause) done
Event: 17.869 Executing safepoint VM operation: ICBufferFull
Event: 17.869 Executing safepoint VM operation: ICBufferFull done
Event: 17.902 Executing safepoint VM operation: G1CollectForAllocation (G1 Evacuation Pause)
Event: 17.910 Executing safepoint VM operation: G1CollectForAllocation (G1 Evacuation Pause) done
Event: 18.193 Executing safepoint VM operation: G1CollectForAllocation (G1 Evacuation Pause)
Event: 18.205 Executing safepoint VM operation: G1CollectForAllocation (G1 Evacuation Pause) done
Event: 18.316 Executing safepoint VM operation: G1PauseRemark
Event: 18.330 Executing safepoint VM operation: G1PauseRemark done
Event: 18.380 Executing safepoint VM operation: G1PauseCleanup
Event: 18.380 Executing safepoint VM operation: G1PauseCleanup done
Event: 18.576 Executing non-safepoint VM operation: HandshakeAllThreads (Deoptimize)
Event: 18.576 Executing non-safepoint VM operation: HandshakeAllThreads (Deoptimize) done
Event: 18.644 Executing non-safepoint VM operation: HandshakeAllThreads (Deoptimize)
Event: 18.644 Executing non-safepoint VM operation: HandshakeAllThreads (Deoptimize) done
Event: 18.747 Executing safepoint VM operation: G1CollectForAllocation (G1 Evacuation Pause)
Event: 18.756 Executing safepoint VM operation: G1CollectForAllocation (G1 Evacuation Pause) done

Memory protections (0 events):
No events

Nmethod flushes (20 events):
Event: 18.327 Thread 0x0000021eed44e550 flushing  nmethod 0x0000021eda185790
Event: 18.327 Thread 0x0000021eed44e550 flushing  nmethod 0x0000021eda189a10
Event: 18.327 Thread 0x0000021eed44e550 flushing  nmethod 0x0000021eda18a310
Event: 18.327 Thread 0x0000021eed44e550 flushing  nmethod 0x0000021eda18ac90
Event: 18.327 Thread 0x0000021eed44e550 flushing  nmethod 0x0000021eda194110
Event: 18.327 Thread 0x0000021eed44e550 flushing  nmethod 0x0000021eda1a6910
Event: 18.327 Thread 0x0000021eed44e550 flushing  nmethod 0x0000021eda2bd090
Event: 18.327 Thread 0x0000021eed44e550 flushing  nmethod 0x0000021eda2bfc90
Event: 18.327 Thread 0x0000021eed44e550 flushing  nmethod 0x0000021eda73a790
Event: 18.327 Thread 0x0000021eed44e550 flushing  nmethod 0x0000021eda7dc110
Event: 18.327 Thread 0x0000021eed44e550 flushing  nmethod 0x0000021eda7dc690
Event: 18.327 Thread 0x0000021eed44e550 flushing  nmethod 0x0000021eda7e1790
Event: 18.327 Thread 0x0000021eed44e550 flushing  nmethod 0x0000021eda7e2310
Event: 18.327 Thread 0x0000021eed44e550 flushing  nmethod 0x0000021eda7e2c10
Event: 18.327 Thread 0x0000021eed44e550 flushing  nmethod 0x0000021eda7e3910
Event: 18.327 Thread 0x0000021eed44e550 flushing  nmethod 0x0000021eda7e6690
Event: 18.327 Thread 0x0000021eed44e550 flushing  nmethod 0x0000021eda7e8410
Event: 18.327 Thread 0x0000021eed44e550 flushing  nmethod 0x0000021eda7e9c90
Event: 18.327 Thread 0x0000021eed44e550 flushing  nmethod 0x0000021eda890a90
Event: 18.327 Thread 0x0000021eed44e550 flushing  nmethod 0x0000021eda9f3590

Events (20 events):
Event: 8.231 Thread 0x0000021ef25de210 Thread added: 0x0000021efb5583f0
Event: 9.030 Thread 0x0000021efb5583f0 Thread exited: 0x0000021efb5583f0
Event: 9.030 Thread 0x0000021efb55ba70 Thread exited: 0x0000021efb55ba70
Event: 9.030 Thread 0x0000021efb5561e0 Thread exited: 0x0000021efb5561e0
Event: 9.344 Thread 0x0000021ef20d7460 Thread added: 0x0000021efb5583f0
Event: 9.352 Thread 0x0000021efb5583f0 Thread added: 0x0000021efb558ac0
Event: 9.690 Thread 0x0000021efb558ac0 Thread exited: 0x0000021efb558ac0
Event: 10.064 Thread 0x0000021ef28f60c0 Thread added: 0x0000021efb55ba70
Event: 10.943 Thread 0x0000021efb55ba70 Thread exited: 0x0000021efb55ba70
Event: 10.943 Thread 0x0000021efb5583f0 Thread exited: 0x0000021efb5583f0
Event: 10.992 Thread 0x0000021ef28f60c0 Thread added: 0x0000021efb55ba70
Event: 10.992 Thread 0x0000021ef28f60c0 Thread added: 0x0000021efb5583f0
Event: 12.872 Thread 0x0000021efb5583f0 Thread added: 0x0000021ef3a02d00
Event: 13.742 Thread 0x0000021ef2156c10 Thread added: 0x0000021ef3a05cb0
Event: 15.483 Thread 0x0000021ef3a05cb0 Thread exited: 0x0000021ef3a05cb0
Event: 15.486 Thread 0x0000021ef3a02d00 Thread exited: 0x0000021ef3a02d00
Event: 16.012 Thread 0x0000021ef28f60c0 Thread added: 0x0000021ef3a05cb0
Event: 16.015 Thread 0x0000021ef28f60c0 Thread added: 0x0000021ef3a02d00
Event: 16.019 Thread 0x0000021ef2156c10 Thread added: 0x0000021ef387e250
Event: 18.299 Thread 0x0000021ef387e250 Thread exited: 0x0000021ef387e250


Dynamic libraries:
0x00007ff7b9b90000 - 0x00007ff7b9b9a000 	C:\Program Files\Android\Android Studio\jbr\bin\java.exe
0x00007ffd26a20000 - 0x00007ffd26c87000 	C:\WINDOWS\SYSTEM32\ntdll.dll
0x00007ffd25650000 - 0x00007ffd25719000 	C:\WINDOWS\System32\KERNEL32.DLL
0x00007ffd243b0000 - 0x00007ffd247a4000 	C:\WINDOWS\System32\KERNELBASE.dll
0x00007ffd23b60000 - 0x00007ffd23cab000 	C:\WINDOWS\System32\ucrtbase.dll
0x00007ffd1f500000 - 0x00007ffd1f51b000 	C:\Program Files\Android\Android Studio\jbr\bin\VCRUNTIME140.dll
0x00007ffd0b570000 - 0x00007ffd0b588000 	C:\Program Files\Android\Android Studio\jbr\bin\jli.dll
0x00007ffd26180000 - 0x00007ffd26345000 	C:\WINDOWS\System32\USER32.dll
0x00007ffd23cb0000 - 0x00007ffd23cd7000 	C:\WINDOWS\System32\win32u.dll
0x00007ffd13b70000 - 0x00007ffd13e03000 	C:\WINDOWS\WinSxS\amd64_microsoft.windows.common-controls_6595b64144ccf1df_6.0.26100.8115_none_3e075c82e3354f9c\COMCTL32.dll
0x00007ffd266f0000 - 0x00007ffd2671b000 	C:\WINDOWS\System32\GDI32.dll
0x00007ffd25720000 - 0x00007ffd257c9000 	C:\WINDOWS\System32\msvcrt.dll
0x00007ffd23f00000 - 0x00007ffd2402b000 	C:\WINDOWS\System32\gdi32full.dll
0x00007ffd23ce0000 - 0x00007ffd23d83000 	C:\WINDOWS\System32\msvcp_win.dll
0x00007ffd257e0000 - 0x00007ffd25812000 	C:\WINDOWS\System32\IMM32.DLL
0x00007ffd20b40000 - 0x00007ffd20b4c000 	C:\Program Files\Android\Android Studio\jbr\bin\vcruntime140_1.dll
0x00007ffcc6d60000 - 0x00007ffcc6ded000 	C:\Program Files\Android\Android Studio\jbr\bin\msvcp140.dll
0x00007ffcaad10000 - 0x00007ffcab9a6000 	C:\Program Files\Android\Android Studio\jbr\bin\server\jvm.dll
0x00007ffd24dd0000 - 0x00007ffd24e86000 	C:\WINDOWS\System32\ADVAPI32.dll
0x00007ffd260d0000 - 0x00007ffd26177000 	C:\WINDOWS\System32\sechost.dll
0x00007ffd25080000 - 0x00007ffd25198000 	C:\WINDOWS\System32\RPCRT4.dll
0x00007ffd26720000 - 0x00007ffd267a0000 	C:\WINDOWS\System32\WS2_32.dll
0x00007ffd230a0000 - 0x00007ffd230fe000 	C:\WINDOWS\SYSTEM32\POWRPROF.dll
0x00007ffd1a1e0000 - 0x00007ffd1a216000 	C:\WINDOWS\SYSTEM32\WINMM.dll
0x00007ffd1d8b0000 - 0x00007ffd1d8bb000 	C:\WINDOWS\SYSTEM32\VERSION.dll
0x00007ffd22f80000 - 0x00007ffd22f94000 	C:\WINDOWS\SYSTEM32\UMPDC.dll
0x00007ffd22080000 - 0x00007ffd2209b000 	C:\WINDOWS\SYSTEM32\kernel.appcore.dll
0x00007ffd20aa0000 - 0x00007ffd20aaa000 	C:\Program Files\Android\Android Studio\jbr\bin\jimage.dll
0x00007ffd1b5d0000 - 0x00007ffd1b812000 	C:\WINDOWS\SYSTEM32\DBGHELP.DLL
0x00007ffd26350000 - 0x00007ffd266d2000 	C:\WINDOWS\System32\combase.dll
0x00007ffd25230000 - 0x00007ffd25308000 	C:\WINDOWS\System32\OLEAUT32.dll
0x00007ffd0ce70000 - 0x00007ffd0ceab000 	C:\WINDOWS\SYSTEM32\dbgcore.DLL
0x00007ffd23d90000 - 0x00007ffd23e35000 	C:\WINDOWS\System32\bcryptPrimitives.dll
0x00007ffd1d030000 - 0x00007ffd1d050000 	C:\Program Files\Android\Android Studio\jbr\bin\java.dll
0x00007ffd1aee0000 - 0x00007ffd1aef8000 	C:\Program Files\Android\Android Studio\jbr\bin\zip.dll
0x00007ffd25850000 - 0x00007ffd25fb7000 	C:\WINDOWS\System32\SHELL32.dll
0x00007ffd241b0000 - 0x00007ffd2431a000 	C:\WINDOWS\System32\wintypes.dll
0x00007ffd232f0000 - 0x00007ffd23b58000 	C:\WINDOWS\System32\windows.storage.dll
0x00007ffd24e90000 - 0x00007ffd24f88000 	C:\WINDOWS\System32\SHCORE.dll
0x00007ffd251c0000 - 0x00007ffd25226000 	C:\WINDOWS\System32\shlwapi.dll
0x00007ffd23210000 - 0x00007ffd23239000 	C:\WINDOWS\SYSTEM32\profapi.dll
0x00007ffd1f5b0000 - 0x00007ffd1f5c0000 	C:\Program Files\Android\Android Studio\jbr\bin\net.dll
0x00007ffd1af00000 - 0x00007ffd1b02d000 	C:\WINDOWS\SYSTEM32\WINHTTP.dll
0x00007ffd225f0000 - 0x00007ffd2265c000 	C:\WINDOWS\system32\mswsock.dll
0x00007ffd1aec0000 - 0x00007ffd1aed6000 	C:\Program Files\Android\Android Studio\jbr\bin\nio.dll
0x00007ffd1f570000 - 0x00007ffd1f579000 	C:\Program Files\Android\Android Studio\jbr\bin\management.dll
0x00007ffd1eb50000 - 0x00007ffd1eb5b000 	C:\Program Files\Android\Android Studio\jbr\bin\management_ext.dll
0x00007ffd266e0000 - 0x00007ffd266e8000 	C:\WINDOWS\System32\PSAPI.DLL
0x00007ffd1f530000 - 0x00007ffd1f540000 	C:\Program Files\Android\Android Studio\jbr\bin\verify.dll

JVMTI agents: none

dbghelp: loaded successfully - version: 4.0.5 - missing functions: none
symbol engine: initialized successfully - sym options: 0x614 - pdb path: .;C:\Program Files\Android\Android Studio\jbr\bin;C:\WINDOWS\SYSTEM32;C:\WINDOWS\WinSxS\amd64_microsoft.windows.common-controls_6595b64144ccf1df_6.0.26100.8115_none_3e075c82e3354f9c;C:\Program Files\Android\Android Studio\jbr\bin\server

VM Arguments:
java_command: org.jetbrains.kotlin.cli.jvm.K2JVMCompiler @C:\Users\Sistemas\StudioProjects\Alertastock-android\app\build\20260421_7377763794087667858.compiler.options
java_class_path (initial): C:\Users\Sistemas\.gradle\caches\modules-2\files-2.1\org.jetbrains.kotlin\kotlin-compiler-embeddable\2.2.10\6882d39ef03b18879c1a5d2a83c2212361bed5fe\kotlin-compiler-embeddable-2.2.10.jar;C:\Users\Sistemas\.gradle\caches\modules-2\files-2.1\org.jetbrains.kotlin\kotlin-stdlib\2.2.10\30de6faa127a4a012db8e71bf1b9c0a99b1402b2\kotlin-stdlib-2.2.10.jar;C:\Users\Sistemas\.gradle\caches\modules-2\files-2.1\org.jetbrains.kotlin\kotlin-script-runtime\2.2.10\712f9bc08f378c13a4a00f0bbb28c76e59183e83\kotlin-script-runtime-2.2.10.jar;C:\Users\Sistemas\.gradle\caches\modules-2\files-2.1\org.jetbrains.kotlin\kotlin-reflect\1.6.10\1cbe9c92c12a94eea200d23c2bbaedaf3daf5132\kotlin-reflect-1.6.10.jar;C:\Users\Sistemas\.gradle\caches\modules-2\files-2.1\org.jetbrains.kotlin\kotlin-daemon-embeddable\2.2.10\212fd3c2c6e4e5d0f4db3c4191233e2b622380cc\kotlin-daemon-embeddable-2.2.10.jar;C:\Users\Sistemas\.gradle\caches\modules-2\files-2.1\org.jetbrains.kotlinx\kotlinx-coroutines-core-jvm\1.8.0\ac1dc37a30a93150b704022f8d895ee1bd3a36b3\kotlinx-coroutines-core-jvm-1.8.0.jar;C:\Users\Sistemas\.gradle\caches\modules-2\files-2.1\org.jetbrains\annotations\13.0\919f0dfe192fb4e063e7dacadee7f8bb9a2672a9\annotations-13.0.jar
Launcher Type: SUN_STANDARD

[Global flags]
     intx CICompilerCount                          = 12                                        {product} {ergonomic}
     uint ConcGCThreads                            = 3                                         {product} {ergonomic}
     uint G1ConcRefinementThreads                  = 13                                        {product} {ergonomic}
   size_t G1HeapRegionSize                         = 2097152                                   {product} {ergonomic}
    uintx GCDrainStackTargetSize                   = 64                                        {product} {ergonomic}
   size_t InitialHeapSize                          = 257949696                                 {product} {ergonomic}
   size_t MarkStackSize                            = 4194304                                   {product} {ergonomic}
   size_t MaxHeapSize                              = 4108320768                                {product} {ergonomic}
   size_t MaxNewSize                               = 2464153600                                {product} {ergonomic}
   size_t MinHeapDeltaBytes                        = 2097152                                   {product} {ergonomic}
   size_t MinHeapSize                              = 8388608                                   {product} {ergonomic}
    uintx NonNMethodCodeHeapSize                   = 7602480                                {pd product} {ergonomic}
    uintx NonProfiledCodeHeapSize                  = 122027880                              {pd product} {ergonomic}
    uintx ProfiledCodeHeapSize                     = 122027880                              {pd product} {ergonomic}
    uintx ReservedCodeCacheSize                    = 251658240                              {pd product} {ergonomic}
     bool SegmentedCodeCache                       = true                                      {product} {ergonomic}
   size_t SoftMaxHeapSize                          = 4108320768                             {manageable} {ergonomic}
     bool UseCompressedOops                        = true                           {product lp64_product} {ergonomic}
     bool UseG1GC                                  = true                                      {product} {ergonomic}
     bool UseLargePagesIndividualAllocation        = false                                  {pd product} {ergonomic}

Logging:
Log output configuration:
 #0: stdout all=warning uptime,level,tags foldmultilines=false
 #1: stderr all=off uptime,level,tags foldmultilines=false

Release file:
JAVA_VERSION="21.0.10" 
MODULES="java.base java.compiler java.datatransfer java.xml java.prefs java.desktop java.instrument java.logging java.management java.security.sasl java.naming java.rmi java.management.rmi java.net.http java.scripting java.security.jgss java.transaction.xa java.sql java.sql.rowset java.xml.crypto java.se java.smartcardio jdk.accessibility jdk.internal.jvmstat jdk.attach jdk.charsets jdk.internal.opt jdk.zipfs jdk.compiler jdk.crypto.ec jdk.crypto.cryptoki jdk.dynalink jdk.hotspot.agent jdk.httpserver jdk.internal.ed jdk.internal.le jdk.internal.vm.ci jdk.jartool jdk.javadoc jdk.jcmd jdk.jdeps jdk.jdwp.agent jdk.jdi jdk.jfr jdk.jlink jdk.jsobject jdk.localedata jdk.management jdk.management.agent jdk.management.jfr jdk.naming.dns jdk.naming.rmi jdk.net jdk.sctp jdk.security.auth jdk.security.jgss jdk.unsupported jdk.unsupported.desktop jdk.xml.dom" 
IMPLEMENTOR="JetBrains s.r.o." 
JAVA_RUNTIME_VERSION="21.0.10+-14961533-b1163.108" 
LIBC="default" 
OS_ARCH="x86_64" 
OS_NAME="Windows" 
SOURCE=".:git:1351622c2ff2" 

Environment Variables:
PATH=C:\WINDOWS\system32;C:\WINDOWS;C:\WINDOWS\System32\Wbem;C:\WINDOWS\System32\WindowsPowerShell\v1.0\;C:\WINDOWS\System32\OpenSSH\;C:\Program Files (x86)\HP\HP OCR\DB_Lib\;C:\Program Files\HP\Common\HPDestPlgIn\;C:\Program Files (x86)\HP\Common\HPDestPlgIn\;C:\Program Files\OpenSSL-Win64\bin;C:\Program Files\Git\cmd;C:\Users\Sistemas\AppData\Local\Microsoft\WindowsApps;C:\Users\Sistemas\AppData\Local\Programs\Microsoft VS Code\bin;C:\Program Files\HP\Common\HPDestPlgIn\;C:\Program Files (x86)\HP\Common\HPDestPlgIn\;
USERNAME=Sistemas
OS=Windows_NT
PROCESSOR_IDENTIFIER=AMD64 Family 25 Model 80 Stepping 0, AuthenticAMD
TMP=C:\Users\Sistemas\AppData\Local\Temp
TEMP=C:\Users\Sistemas\AppData\Local\Temp




Periodic native trim disabled

JNI global refs:
JNI global refs: 23, weak refs: 17

JNI global refs memory usage: 835, weak refs: 833

Process memory usage:
Resident Set Size: 772140K (4% of 16040248K total physical memory with 1170172K free physical memory)

OOME stack traces (most recent first):
Classloader memory used:
Loader jdk.internal.loader.ClassLoaders$AppClassLoader                                 : 86714K
Loader bootstrap                                                                       : 12731K
Loader java.net.URLClassLoader                                                         : 2408K

---------------  S Y S T E M  ---------------

OS:
 Windows 11 , 64 bit Build 26100 (10.0.26100.8246)
OS uptime: 0 days 5:02 hours

CPU: total 16 (initial active 16) (16 cores per cpu, 2 threads per core) family 25 model 80 stepping 0 microcode 0xa500014, cx8, cmov, fxsr, ht, mmx, 3dnowpref, sse, sse2, sse3, ssse3, sse4a, sse4.1, sse4.2, popcnt, lzcnt, tsc, tscinvbit, avx, avx2, aes, erms, clmul, bmi1, bmi2, adx, sha, fma, vzeroupper, clflush, clflushopt, rdtscp, rdpid, fsrm, f16c, pku, cet_ss
Processor Information for the first 16 processors :
  Max Mhz: 3801, Current Mhz: 3801, Mhz Limit: 3801

Memory: 4k page, system-wide physical 15664M (1142M free)
TotalPageFile size 27518M (AvailPageFile size 6M)
current process WorkingSet (physical memory assigned to process): 754M, peak: 759M
current process commit charge ("private bytes"): 786M, peak: 792M

vm_info: OpenJDK 64-Bit Server VM (21.0.10+-14961533-b1163.108) for windows-amd64 JRE (21.0.10+-14961533-b1163.108), built on 2026-03-02T19:58:50Z by "builder" with MS VC++ 16.10 / 16.11 (VS2019)

END.
