#
# There is insufficient memory for the Java Runtime Environment to continue.
# Native memory allocation (mmap) failed to map 257949696 bytes. Error detail: G1 virtual space
# Possible reasons:
#   The system is out of physical RAM or swap space
#   This process is running with CompressedOops enabled, and the Java Heap may be blocking the growth of the native heap
# Possible solutions:
#   Reduce memory load on the system
#   Increase physical memory or swap space
#   Check if swap backing store is full
#   Decrease Java heap size (-Xmx/-Xms)
#   Decrease number of Java threads
#   Decrease Java thread stack sizes (-Xss)
#   Set larger code cache with -XX:ReservedCodeCacheSize=
#   JVM is running with Unscaled Compressed Oops mode in which the Java heap is
#     placed in the first 4GB address space. The Java Heap base address is the
#     maximum limit for the native heap growth. Please use -XX:HeapBaseMinAddress
#     to set the Java Heap base and to place the Java Heap above 4GB virtual address.
# This output file may be truncated or incomplete.
#
#  Out of Memory Error (os_windows.cpp:3926), pid=18180, tid=28940
#
# JRE version:  (21.0.10) (build )
# Java VM: OpenJDK 64-Bit Server VM (21.0.10+-14961533-b1163.108, mixed mode, sharing, tiered, compressed oops, compressed class ptrs, g1 gc, windows-amd64)
# No core dump will be written. Minidumps are not enabled by default on client versions of Windows
#

---------------  S U M M A R Y ------------

Command Line: -Djava.awt.headless=true -Djava.library.path=C:\Program Files\Android\Android Studio\jbr\bin;C:\WINDOWS\Sun\Java\bin;C:\WINDOWS\system32;C:\WINDOWS;C:\WINDOWS\system32;C:\WINDOWS;C:\WINDOWS\System32\Wbem;C:\WINDOWS\System32\WindowsPowerShell\v1.0\;C:\WINDOWS\System32\OpenSSH\;C:\Program Files (x86)\HP\HP OCR\DB_Lib\;C:\Program Files\HP\Common\HPDestPlgIn\;C:\Program Files (x86)\HP\Common\HPDestPlgIn\;C:\Program Files\OpenSSL-Win64\bin;C:\Program Files\Git\cmd;C:\Users\Sistemas\AppData\Local\Microsoft\WindowsApps;C:\Users\Sistemas\AppData\Local\Programs\Microsoft VS Code\bin;C:\Program Files\HP\Common\HPDestPlgIn\;C:\Program Files (x86)\HP\Common\HPDestPlgIn\;;.;C:\Users\Sistemas\StudioProjects\Alertastock-android\app\src\testDebug\jniLibs;C:\Users\Sistemas\StudioProjects\Alertastock-android\app\src\test\jniLibs -Dorg.gradle.internal.worker.tmpdir=C:\Users\Sistemas\StudioProjects\Alertastock-android\app\build\tmp\testDebugUnitTest\work --add-opens=java.base/java.io=ALL-UNNAMED -Xmx512m -Dfile.encoding=UTF-8 -Duser.country=CO -Duser.language=es -Duser.variant -ea worker.org.gradle.process.internal.worker.GradleWorkerMain 'Gradle Test Executor 4'

Host: AMD Ryzen 7 5700G with Radeon Graphics         , 16 cores, 15G,  Windows 11 , 64 bit Build 26100 (10.0.26100.8246)
Time: Tue Apr 21 09:28:38 2026 Hora est. Pac璗ico, Sudam廨ica elapsed time: 0.012669 seconds (0d 0h 0m 0s)

---------------  T H R E A D  ---------------

Current thread (0x0000016b894018d0):  JavaThread "Unknown thread" [_thread_in_vm, id=28940, stack(0x0000000ae1200000,0x0000000ae1300000) (1024K)]

Stack: [0x0000000ae1200000,0x0000000ae1300000]
Native frames: (J=compiled Java code, j=interpreted, Vv=VM code, C=native code)
V  [jvm.dll+0x6d78a9]
V  [jvm.dll+0x8665b3]
V  [jvm.dll+0x868bde]
V  [jvm.dll+0x8692c3]
V  [jvm.dll+0x280ee6]
V  [jvm.dll+0x6d4165]
V  [jvm.dll+0x6c77fa]
V  [jvm.dll+0x358f4b]
V  [jvm.dll+0x360bc6]
V  [jvm.dll+0x3b2ea6]
V  [jvm.dll+0x3b3178]
V  [jvm.dll+0x32b65c]
V  [jvm.dll+0x32c34b]
V  [jvm.dll+0x82f449]
V  [jvm.dll+0x3c0078]
V  [jvm.dll+0x8185e8]
V  [jvm.dll+0x45449e]
V  [jvm.dll+0x455c01]
C  [jli.dll+0x52ab]
C  [ucrtbase.dll+0x37b0]
C  [KERNEL32.DLL+0x2e8d7]
C  [ntdll.dll+0x8c3fc]


---------------  P R O C E S S  ---------------

Threads class SMR info:
_java_thread_list=0x00007ffe970db9c8, length=0, elements={
}

Java Threads: ( => current thread )
Total: 0

Other Threads:
  0x0000016b899af4a0 WorkerThread "GC Thread#0"                     [id=28412, stack(0x0000000ae1300000,0x0000000ae1400000) (1024K)]
  0x0000016b899b4490 ConcurrentGCThread "G1 Main Marker"            [id=6612, stack(0x0000000ae1400000,0x0000000ae1500000) (1024K)]
  0x0000016b899b6c90 WorkerThread "G1 Conc#0"                       [id=27068, stack(0x0000000ae1500000,0x0000000ae1600000) (1024K)]

[error occurred during error reporting (printing all threads), id 0xc0000005, EXCEPTION_ACCESS_VIOLATION (0xc0000005) at pc=0x00007ffe968ce637]
VM state: not at safepoint (not fully initialized)

VM Mutex/Monitor currently owned by a thread:  ([mutex/lock_event])
[0x00007ffe971487d0] Heap_lock - owner thread: 0x0000016b894018d0

Heap address: 0x00000000e0000000, size: 512 MB, Compressed Oops mode: 32-bit

CDS archive(s) mapped at: [0x0000000000000000-0x0000000000000000-0x0000000000000000), size 0, SharedBaseAddress: 0x0000000800000000, ArchiveRelocationMode: 1.
Narrow klass base: 0x0000000000000000, Narrow klass shift: 0, Narrow klass range: 0x0

GC Precious Log:
 CardTable entry size: 512
 Card Set container configuration: InlinePtr #cards 5 size 8 Array Of Cards #cards 12 size 40 Howl #buckets 4 coarsen threshold 1843 Howl Bitmap #cards 512 size 80 coarsen threshold 460 Card regions per heap region 1 cards per card region 2048

Heap:
 garbage-first heap   total 0K, used 0K [0x00000000e0000000, 0x0000000100000000)
  region size 1024K, 0 young (0K), 0 survivors (0K)
 Metaspace       used 0K, committed 0K, reserved 0K
  class space    used 0K, committed 0K, reserved 0K

Heap Regions: E=young(eden), S=young(survivor), O=old, HS=humongous(starts), HC=humongous(continues), CS=collection set, F=free, TAMS=top-at-mark-start, PB=parsable bottom

Card table byte_map: [0x0000016b9e290000,0x0000016b9e390000] _byte_map_base: 0x0000016b9db90000

Marking Bits: (CMBitMap*) 0x0000016b899afbb0
 Bits: [0x0000016b9e390000, 0x0000016b9eb90000)

GC Heap History (0 events):
No events

Dll operation events (1 events):
Event: 0.007 Loaded shared library C:\Program Files\Android\Android Studio\jbr\bin\java.dll

Deoptimization events (0 events):
No events

Classes loaded (0 events):
No events

Classes unloaded (0 events):
No events

Classes redefined (0 events):
No events

Internal exceptions (0 events):
No events

ZGC Phase Switch (0 events):
No events

VM Operations (0 events):
No events

Memory protections (0 events):
No events

Nmethod flushes (0 events):
No events

Events (0 events):
No events


Dynamic libraries:
0x00007ff7329e0000 - 0x00007ff7329ea000 	C:\Program Files\Android\Android Studio\jbr\bin\java.exe
0x00007fff3f620000 - 0x00007fff3f887000 	C:\WINDOWS\SYSTEM32\ntdll.dll
0x00007fff3df30000 - 0x00007fff3dff9000 	C:\WINDOWS\System32\KERNEL32.DLL
0x00007fff3bef0000 - 0x00007fff3c2e4000 	C:\WINDOWS\System32\KERNELBASE.dll
0x00007fff3c610000 - 0x00007fff3c75b000 	C:\WINDOWS\System32\ucrtbase.dll
0x00007fff25390000 - 0x00007fff253a8000 	C:\Program Files\Android\Android Studio\jbr\bin\jli.dll
0x00007ffee5e10000 - 0x00007ffee5e2b000 	C:\Program Files\Android\Android Studio\jbr\bin\VCRUNTIME140.dll
0x00007fff3ea70000 - 0x00007fff3ec35000 	C:\WINDOWS\System32\USER32.dll
0x00007fff3c2f0000 - 0x00007fff3c317000 	C:\WINDOWS\System32\win32u.dll
0x00007fff2d2b0000 - 0x00007fff2d543000 	C:\WINDOWS\WinSxS\amd64_microsoft.windows.common-controls_6595b64144ccf1df_6.0.26100.8115_none_3e075c82e3354f9c\COMCTL32.dll
0x00007fff3d540000 - 0x00007fff3d56b000 	C:\WINDOWS\System32\GDI32.dll
0x00007fff3e5c0000 - 0x00007fff3e669000 	C:\WINDOWS\System32\msvcrt.dll
0x00007fff3ca10000 - 0x00007fff3cb3b000 	C:\WINDOWS\System32\gdi32full.dll
0x00007fff3c760000 - 0x00007fff3c803000 	C:\WINDOWS\System32\msvcp_win.dll
0x00007fff3d620000 - 0x00007fff3d652000 	C:\WINDOWS\System32\IMM32.DLL
0x00007ffef7650000 - 0x00007ffef765c000 	C:\Program Files\Android\Android Studio\jbr\bin\vcruntime140_1.dll
0x00007ffeea890000 - 0x00007ffeea91d000 	C:\Program Files\Android\Android Studio\jbr\bin\msvcp140.dll
0x00007ffe96590000 - 0x00007ffe97226000 	C:\Program Files\Android\Android Studio\jbr\bin\server\jvm.dll
0x00007fff3e6f0000 - 0x00007fff3e7a6000 	C:\WINDOWS\System32\ADVAPI32.dll
0x00007fff3d570000 - 0x00007fff3d617000 	C:\WINDOWS\System32\sechost.dll
0x00007fff3e490000 - 0x00007fff3e5a8000 	C:\WINDOWS\System32\RPCRT4.dll
0x00007fff3d680000 - 0x00007fff3d700000 	C:\WINDOWS\System32\WS2_32.dll
0x00007fff3bd50000 - 0x00007fff3bdae000 	C:\WINDOWS\SYSTEM32\POWRPROF.dll
0x00007fff33180000 - 0x00007fff331b6000 	C:\WINDOWS\SYSTEM32\WINMM.dll
0x00007fff36570000 - 0x00007fff3657b000 	C:\WINDOWS\SYSTEM32\VERSION.dll
0x00007fff3bd30000 - 0x00007fff3bd44000 	C:\WINDOWS\SYSTEM32\UMPDC.dll
0x00007fff3ac80000 - 0x00007fff3ac9b000 	C:\WINDOWS\SYSTEM32\kernel.appcore.dll
0x00007ffef5810000 - 0x00007ffef581a000 	C:\Program Files\Android\Android Studio\jbr\bin\jimage.dll
0x00007fff34560000 - 0x00007fff347a2000 	C:\WINDOWS\SYSTEM32\DBGHELP.DLL
0x00007fff3d710000 - 0x00007fff3da92000 	C:\WINDOWS\System32\combase.dll
0x00007fff3e7b0000 - 0x00007fff3e888000 	C:\WINDOWS\System32\OLEAUT32.dll
0x00007fff23150000 - 0x00007fff2318b000 	C:\WINDOWS\SYSTEM32\dbgcore.DLL
0x00007fff3c960000 - 0x00007fff3ca05000 	C:\WINDOWS\System32\bcryptPrimitives.dll
0x00007ffec27c0000 - 0x00007ffec27e0000 	C:\Program Files\Android\Android Studio\jbr\bin\java.dll

JVMTI agents: none

dbghelp: loaded successfully - version: 4.0.5 - missing functions: none
symbol engine: initialized successfully - sym options: 0x614 - pdb path: .;C:\Program Files\Android\Android Studio\jbr\bin;C:\WINDOWS\SYSTEM32;C:\WINDOWS\WinSxS\amd64_microsoft.windows.common-controls_6595b64144ccf1df_6.0.26100.8115_none_3e075c82e3354f9c;C:\Program Files\Android\Android Studio\jbr\bin\server

VM Arguments:
jvm_args: -Djava.awt.headless=true -Djava.library.path=C:\Program Files\Android\Android Studio\jbr\bin;C:\WINDOWS\Sun\Java\bin;C:\WINDOWS\system32;C:\WINDOWS;C:\WINDOWS\system32;C:\WINDOWS;C:\WINDOWS\System32\Wbem;C:\WINDOWS\System32\WindowsPowerShell\v1.0\;C:\WINDOWS\System32\OpenSSH\;C:\Program Files (x86)\HP\HP OCR\DB_Lib\;C:\Program Files\HP\Common\HPDestPlgIn\;C:\Program Files (x86)\HP\Common\HPDestPlgIn\;C:\Program Files\OpenSSL-Win64\bin;C:\Program Files\Git\cmd;C:\Users\Sistemas\AppData\Local\Microsoft\WindowsApps;C:\Users\Sistemas\AppData\Local\Programs\Microsoft VS Code\bin;C:\Program Files\HP\Common\HPDestPlgIn\;C:\Program Files (x86)\HP\Common\HPDestPlgIn\;;.;C:\Users\Sistemas\StudioProjects\Alertastock-android\app\src\testDebug\jniLibs;C:\Users\Sistemas\StudioProjects\Alertastock-android\app\src\test\jniLibs -Dorg.gradle.internal.worker.tmpdir=C:\Users\Sistemas\StudioProjects\Alertastock-android\app\build\tmp\testDebugUnitTest\work --add-opens=java.base/java.io=ALL-UNNAMED -Xmx512m -Dfile.encoding=UTF-8 -Duser.country=CO -Duser.language=es -Duser.variant -ea 
java_command: worker.org.gradle.process.internal.worker.GradleWorkerMain 'Gradle Test Executor 4'
java_class_path (initial): C:\\Users\\Sistemas\\.gradle\\caches\\9.1.0\\workerMain\\gradle-worker.jar;C:\\Users\\Sistemas\\StudioProjects\\Alertastock-android\\app\\build\\tmp\\kotlin-classes\\debugUnitTest;C:\\Users\\Sistemas\\StudioProjects\\Alertastock-android\\app\\build\\intermediates\\java_res\\debugUnitTest\\processDebugUnitTestJavaRes\\out;C:\\Users\\Sistemas\\StudioProjects\\Alertastock-android\\app\\build\\intermediates\\runtime_app_classes_jar\\debug\\bundleDebugClassesToRuntimeJar\\classes.jar;C:\\Users\\Sistemas\\.gradle\\caches\\modules-2\\files-2.1\\junit\\junit\\4.13.2\\8ac9e16d933b6fb43bc7f576336b8f4d7eb5ba12\\junit-4.13.2.jar;C:\\Users\\Sistemas\\.gradle\\caches\\9.1.0\\transforms\\911bb702cb9c214e68e6e8010a3e1844\\workspace\\transformed\\viewbinding-9.0.1-runtime.jar;C:\\Users\\Sistemas\\.gradle\\caches\\9.1.0\\transforms\\e3316402f30dc6eb24d7e3a7ed831d5d\\workspace\\transformed\\material-1.12.0-runtime.jar;C:\\Users\\Sistemas\\.gradle\\caches\\9.1.0\\transforms\\dc2a915906c7650a6aad96e40f4d35aa\\workspace\\transformed\\constraintlayout-2.2.1-runtime.jar;C:\\Users\\Sistemas\\.gradle\\caches\\9.1.0\\transforms\\b5b89ddda0a9a335ee201196744f4089\\workspace\\transformed\\appcompat-resources-1.7.0-runtime.jar;C:\\Users\\Sistemas\\.gradle\\caches\\9.1.0\\transforms\\361ccbd6bb76ab1c272f817edd2aa31d\\workspace\\transformed\\appcompat-1.7.0-runtime.jar;C:\\Users\\Sistemas\\.gradle\\caches\\9.1.0\\transforms\\919d5605d5859576bb7101f955183928\\workspace\\transformed\\navigation-common-release-runtime.jar;C:\\Users\\Sistemas\\.gradle\\caches\\9.1.0\\transforms\\7907e3391c7d9b2560a361a4a22968b2\\workspace\\transformed\\navigation-compose-release-runtime.jar;C:\\Users\\Sistemas\\.gradle\\caches\\9.1.0\\transforms\\52c0ba2d7c955ab952912751f540cb80\\workspace\\transformed\\navigation-runtime-release-runtime.jar;C:\\Users\\Sistemas\\.gradle\\caches\\9.1.0\\transforms\\51cc256c4521df7023e90b2f62de1b9d\\workspace\\transformed\\material3-release-runtime.jar;C:\\Users\\Sistemas\\.gradle\\caches\\9.1.0\\transforms\\f7263f22e0ea8d560383c4b615e1eb98\\workspace\\transformed\\firebase-auth-ktx-23.1.0-runtime.jar;C:\\Users\\Sistemas\\.gradle\\caches\\9.1.0\\transforms\\57e26a37729c42b622840607086aa317\\workspace\\transformed\\firebase-auth-23.1.0-runtime.jar;C:\\Users\\Sistemas\\.gradle\\caches\\9.1.0\\transforms\\798ce7944176d3fffde251e72dd28151\\workspace\\transformed\\credentials-1.2.0-rc01-runtime.jar;C:\\Users\\Sistemas\\.gradle\\caches\\9.1.0\\transforms\\b934f8f7c97e65064e4a3d052d4d0ac5\\workspace\\transformed\\credentials-play-services-auth-1.2.0-rc01-runtime.jar;C:\\Users\\Sistemas\\.gradle\\caches\\9.1.0\\transforms\\ffa63f972632ba0af3d1c633243cdc80\\workspace\\transformed\\play-services-auth-21.3.0-runtime.jar;C:\\Users\\Sistemas\\.gradle\\caches\\9.1.0\\transforms\\ca33e15e3a28eed1ee44f19040cef884\\workspace\\transformed\\play-services-auth-api-phone-18.0.2-runtime.jar;C:\\Users\\Sistemas\\.gradle\\caches\\9.1.0\\transforms\\c9672d338e3f4e96c8baf398042d2c42\\workspace\\transformed\\play-services-auth-base-18.0.10-runtime.jar;C:\\Users\\Sistemas\\.gradle\\caches\\9.1.0\\transforms\\c6bf961d32089db7e0ce378a71a9a95a\\workspace\\transformed\\firebase-firestore-ktx-25.1.1-runtime.jar;C:\\Users\\Sistemas\\.gradle\\caches\\9.1.0\\transforms\\ec219025e3d075bf3ab398586f6db4ad\\workspace\\transformed\\firebase-firestore-25.1.1-runtime.jar;C:\\Users\\Sistemas\\.gradle\\caches\\9.1.0\\transforms\\bb02113d3e9fcec027cc5618fd63c216\\workspace\\transformed\\firebase-appcheck-interop-17.0.0-runtime.jar;C:\\Users\\Sistemas\\.gradle\\caches\\9.1.0\\transforms\\8c0bd13b9773246ec16eddaeaf1d3002\\workspace\\transformed\\firebase-database-collection-18.0.1-runtime.jar;C:\\Users\\Sistemas\\.gradle\\caches\\9.1.0\\transforms\\fec53ff41d96f58e18011da94ba856bc\\workspace\\transformed\\play-services-fido-20.1.0-runtime.jar;C:\\Users\\Sistemas\\.gradle\\caches\\9.1.0\\transforms\\12f0450cef4dda5478972b4409c18bff\\workspace\\transformed\\play-services-base-18.5.0-runtime.jar;C:\\Users\\Sistemas\\.gradle\\caches\\9.1.0\\transforms\\1628701f968202cdbfdce7640c9acffe\\workspace\\transformed\\firebase-common-ktx-21.0.0-runtime.jar;C:\\Users\\Sistemas\\.gradle\\caches\\9.1.0\\transforms\\c1b44a574e9d4674881731bb15b591b1\\workspace\\transformed\\firebase-auth-interop-20.0.0-runtime.jar;C:\\Users\\Sistemas\\.gradle\\caches\\9.1.0\\transforms\\ff30e2191e3c9395ef47eb27795a93c0\\workspace\\transformed\\firebase-common-21.0.0-runtime.jar;C:\\Users\\Sistemas\\.gradle\\caches\\modules-2\\files-2.1\\androidx.room\\room-common-jvm\\2.7.1\\46a9845444d0b849131baeb85bfe4051828261ad\\room-common-jvm-2.7.1.jar;C:\\Users\\Sistemas\\.gradle\\caches\\9.1.0\\transforms\\ac1e0624925e73460fe8c69158e31cc4\\workspace\\transformed\\room-runtime-release-runtime.jar;C:\\Users\\Sistemas\\.gradle\\caches\\9.1.0\\transforms\\33b84fa110f716b13fcfb71cabea352c\\workspace\\transformed\\room-ktx-2.7.1-runtime.jar;C:\\Users\\Sistemas\\.gradle\\caches\\9.1.0\\transforms\\cddd13e3c4b88ea98cd40ed358f937ce\\workspace\\transformed\\emoji2-views-helper-1.3.0-runtime.jar;C:\\Users\\Sistemas\\.gradle\\caches\\9.1.0\\transforms\\60bd8ce8777428fb2d3962f4b4b51b18\\workspace\\transformed\\ui-tooling-data-release-runtime.jar;C:\\Users\\Sistemas\\.gradle\\caches\\9.1.0\\transforms\\d821134e1cac1c06cbd3f2e1c27c1e37\\workspace\\transformed\\ui-tooling-preview-release-runtime.jar;C:\\Users\\Sistemas\\.gradle\\caches\\9.1.0\\transforms\\2d2a72b2da27ae76562acc10447abc0c\\workspace\\transformed\\ui-tooling-release-runtime.jar;C:\\Users\\Sistemas\\.gradle\\caches\\9.1.0\\transforms\\a8ac0532f1161331daa4c23f8f1dcce9\\workspace\\transformed\\material-release-runtime.jar;C:\\Users\\Sistemas\\.gradle\\caches\\9.1.0\\transforms\\4c2036ca8339c1d68528979756bdde68\\workspace\\transformed\\material-ripple-release-runtime.jar;C:\\Users\\Sistemas\\.gradle\\caches\\9.1.0\\transforms\\a3c599dbcb1c10b2136f623ef19a2603\\workspace\\transformed\\animation-core-release-runtime.jar;C:\\Users\\Sistemas\\.gradle\\caches\\9.1.0\\transforms\\a392e2442f5f3f63d6c02f8a64d42563\\workspace\\transformed\\animation-release-runtime.jar;C:\\Users\\Sistemas\\.gradle\\caches\\9.1.0\\transforms\\d2c132e12cb591bf0d6f5f6ea30847db\\workspace\\transformed\\foundation-layout-release-runtime.jar;C:\\Users\\Sistemas\\.gradle\\caches\\9.1.0\\transforms\\8acf8a313a349184e02260f4bc2c0728\\workspace\\transformed\\foundation-release-runtime.jar;C:\\Users\\Sistemas\\.gradle\\caches\\9.1.0\\transforms\\6ec0866869753674f4413c06361da917\\workspace\\transformed\\ui-util-release-runtime.jar;C:\\Users\\Sistemas\\.gradle\\caches\\9.1.0\\transforms\\2a544a052e9bacedc39d2703611b5e55\\workspace\\transformed\\ui-unit-release-runtime.jar;C:\\Users\\Sistemas\\.gradle\\caches\\9.1.0\\transforms\\7ab09f42489b4c687da402ede8c2ccc9\\workspace\\transformed\\ui-graphics-release-runtime.jar;C:\\Users\\Sistemas\\.gradle\\caches\\9.1.0\\transforms\\f9c372720437dc94f8c3f3ef9fec1f9d\\workspace\\transformed\\ui-geometry-release-runtime.jar;C:\\Users\\Sistemas\\.gradle\\caches\\9.1.0\\transforms\\607435b9dcf7d3b2d586b441a22b861a\\workspace\\transformed\\ui-text-release-runtime.jar;C:\\Users\\Sistemas\\.gradle\\caches\\9.1.0\\transforms\\8b7f17e9fded8f7f7f043eb6a3a1dcb3\\workspace\\transformed\\emoji2-1.3.0-runtime.jar;C:\\Users\\Sistemas\\.gradle\\caches\\9.1.0\\transforms\\98ccc6c164cbbd3bd08f8c781ea60bff\\workspace\\transformed\\transition-1.5.0-runtime.jar;C:\\Users\\Sistemas\\.gradle\\caches\\9.1.0\\transforms\\211b42dcd1dd22e6c85cd02dd5e409d0\\workspace\\transformed\\dynamicanimation-1.0.0-runtime.jar;C:\\Users\\Sistemas\\.gradle\\caches\\9.1.0\\transforms\\58bf2f32e1e971f06a6a13c61395864f\\workspace\\transformed\\legacy-support-core-utils-1.0.0-runtime.jar;C:\\Users\\Sistemas\\.gradle\\caches\\9.1.0\\transforms\\ade4b0a0e32b203d01b1201f0310d7b1\\workspace\\transformed\\loader-1.1.0-runtime.jar;C:\\Users\\Sistemas\\.gradle\\caches\\9.1.0\\transforms\\455ce4bf2da87e9fa8d193aa64ce3017\\workspace\\transformed\\drawerlayout-1.1.1-runtime.jar;C:\\Users\\Sistemas\\.gradle\\caches\\9.1.0\\transforms\\48c9eca560875e342ced566c49f3ca18\\workspace\\transformed\\coordinatorlayout-1.1.0-runtime.jar;C:\\Users\\Sistemas\\.gradle\\caches\\9.1.0\\transforms\\cbf6d792efb3869d9bd604aef2dcc58c\\workspace\\transformed\\vectordrawable-animated-1.1.0-runtime.jar;C:\\Users\\Sistemas\\.gradle\\caches\\9.1.0\\transforms\\160df5081896031ec0c2333ed96e776d\\workspace\\transformed\\vectordrawable-1.1.0-runtime.jar;C:\\Users\\Sistemas\\.gradle\\caches\\9.1.0\\transforms\\8871e4982705aa54b4aa39bf99c4302c\\workspace\\transformed\\viewpager2-1.0.0-runtime.jar;C:\\Users\\Sistemas\\.gradle\\caches\\9.1.0\\transforms\\c6f4ee9c870c1365ccfa32b59338abf2\\workspace\\transformed\\viewpager-1.0.0-runtime.jar;C:\\Users\\Sistemas\\.gradle\\caches\\9.1.0\\transforms\\0e56c26b49a00b1ee41b6cb4901af450\\workspace\\transformed\\recyclerview-1.1.0-runtime.jar;C:\\Users\\Sistemas\\.gradle\\caches\\9.1.0\\transforms\\d92067d02c503c00a73d8bbe9688907e\\workspace\\transformed\\customview-1.1.0-runtime.jar;C:\\Users\\Sistemas\\.gradle\\caches\\9.1.0\\transforms\\a748b6aec2f71dcc2d742575347ed692\\workspace\\transformed\\browser-1.4.0-runtime.jar;C:\\Users\\Sistemas\\.gradle\\caches\\9.1.0\\transforms\\467d980357ebcd2e5f0a6b22057c3a79\\workspace\\transformed\\autofill-1.0.0-runtime.jar;C:\\Users\\Sistemas\\.gradle\\caches\\9.1.0\\transforms\\e679f459efbd7063b0b4e284fbe24ecb\\workspace\\transformed\\graphics-path-1.0.1-runtime.jar;C:\\Users\\Sistemas\\.gradle\\caches\\9.1.0\\transforms\\d969151ba77dd60ab66fab51565a3e26\\workspace\\transformed\\core-1.16.0-runtime.jar;C:\\Users\\Sistemas\\.gradle\\caches\\9.1.0\\transforms\\eff01a9146f100ce58cbdc02658aded3\\workspace\\transformed\\lifecycle-runtime-ktx-runtime.jar;C:\\Users\\Sistemas\\.gradle\\caches\\9.1.0\\transforms\\18f46b82cbf93d0140cfdb798902e7c4\\workspace\\transformed\\lifecycle-runtime-release-runtime.jar;C:\\Users\\Sistemas\\.gradle\\caches\\9.1.0\\transforms\\cfa51ca8b259348b31cee1a17745645c\\workspace\\transformed\\lifecycle-livedata-core-ktx-2.9.0-runtime.jar;C:\\Users\\Sistemas\\.gradle\\caches\\9.1.0\\transforms\\652d0a488d97584fd91827e60c825b3b\\workspace\\transformed\\lifecycle-viewmodel-savedstate-release-runtime.jar;C:\\Users\\Sistemas\\.gradle\\caches\\9.1.0\\transforms\\cd2aa2aaf6b31ff896bdf4e21ae9abb3\\workspace\\transformed\\lifecycle-viewmodel-2.9.0-runtime.jar;C:\\Users\\Sistemas\\.gradle\\caches\\9.1.0\\transforms\\c40c7eb7a0a3ae32f2c3a7f46761e79e\\workspace\\transformed\\lifecycle-viewmodel-release-runtime.jar;C:\\Users\\Sistemas\\.gradle\\caches\\modules-2\\files-2.1\\androidx.lifecycle\\lifecycle-common-jvm\\2.9.0\\ab739bccdb3541983385af169565c7c035d897e7\\lifecycle-common-jvm-2.9.0.jar;C:\\Users\\Sistemas\\.gradle\\caches\\modules-2\\files-2.1\\androidx.lifecycle\\lifecycle-common-java8\\2.9.0\\86a8e6b9d0ba0c964fdc7223a38b6ce74bcb24dd\\lifecycle-common-java8-2.9.0.jar;C:\\Users\\Sistemas\\.gradle\\caches\\9.1.0\\transforms\\65d18973208b57441fee1a94f04bd9eb\\workspace\\transformed\\lifecycle-livedata-core-2.9.0-runtime.jar;C:\\Users\\Sistemas\\.gradle\\caches\\9.1.0\\transforms\\d1432bfd8adf461e4056964692f59b1e\\workspace\\transformed\\lifecycle-process-2.9.0-runtime.jar;C:\\Users\\Sistemas\\.gradle\\caches\\9.1.0\\transforms\\9a8c5e61c03db0677960b7008d41ae57\\workspace\\transformed\\lifecycle-livedata-2.9.0-runtime.jar;C:\\Users\\Sistemas\\.gradle\\caches\\9.1.0\\transforms\\ec7e87b027cce0841f5c27efabaa1dfb\\workspace\\transformed\\lifecycle-viewmodel-ktx-2.9.0-runtime.jar;C:\\Users\\Sistemas\\.gradle\\caches\\9.1.0\\transforms\\298a2d057a18cd0eb30a6641dc95f4fe\\workspace\\transformed\\recaptcha-18.5.1-runtime.jar;C:\\Users\\Sistemas\\.gradle\\caches\\modules-2\\files-2.1\\org.jetbrains.kotlinx\\kotlinx-coroutines-android\\1.10.2\\c8705d275d81f19e8afaf3ff9b5bf7a4b6b6c19b\\kotlinx-coroutines-android-1.10.2.jar;C:\\Users\\Sistemas\\.gradle\\caches\\modules-2\\files-2.1\\org.jetbrains.kotlinx\\kotlinx-coroutines-core-jvm\\1.10.2\\4a9f78ef49483748e2c129f3d124b8fa249dafbf\\kotlinx-coroutines-core-jvm-1.10.2.jar;C:\\Users\\Sistemas\\.gradle\\caches\\modules-2\\files-2.1\\org.jetbrains.kotlinx\\kotlinx-coroutines-play-services\\1.10.2\\61cc2b7de54f902c76fb2e3649bb1cd890a4a1cc\\kotlinx-coroutines-play-services-1.10.2.jar;C:\\Users\\Sistemas\\.gradle\\caches\\9.1.0\\transforms\\3e0e3da3e1db6c056a2c9c0eb3d57970\\workspace\\transformed\\integrity-1.3.0-runtime.jar;C:\\Users\\Sistemas\\.gradle\\caches\\9.1.0\\transforms\\407938a2387a2c1ea792416b931d4ff3\\workspace\\transformed\\play-services-tasks-18.2.0-runtime.jar;C:\\Users\\Sistemas\\.gradle\\caches\\9.1.0\\transforms\\c9e00c2708d2ceb9f0cfe4b4041d0ba7\\workspace\\transformed\\play-services-basement-18.4.0-runtime.jar;C:\\Users\\Sistemas\\.gradle\\caches\\9.1.0\\transforms\\f753107c656bed386cbb3d51ff22451d\\workspace\\transformed\\fragment-1.5.7-runtime.jar;C:\\Users\\Sistemas\\.gradle\\caches\\9.1.0\\transforms\\92497d829e5b6fa3465361f01857a5f8\\workspace\\transformed\\savedstate-ktx-1.3.0-runtime.jar;C:\\Users\\Sistemas\\.gradle\\caches\\9.1.0\\transforms\\fb04cbed87a25919013c1643cdd69694\\workspace\\transformed\\savedstate-release-runtime.jar;C:\\Users\\Sistemas\\.gradle\\caches\\9.1.0\\transforms\\bbdd550bc4d1dc913834a8270de1e6e6\\workspace\\transformed\\savedstate-compose-release-runtime.jar;C:\\Users\\Sistemas\\.gradle\\caches\\9.1.0\\transforms\\a42ebe2c9ef719f3a3b3b2a04c09d0a8\\workspace\\transformed\\runtime-release-runtime.jar;C:\\Users\\Sistemas\\.gradle\\caches\\9.1.0\\transforms\\bfc8dde8f369d3d6196f0c3c1cdfb1af\\workspace\\transformed\\runtime-saveable-release-runtime.jar;C:\\Users\\Sistemas\\.gradle\\caches\\9.1.0\\transforms\\5bf8ac3ffb18bcf592f2f5f72efcf94a\\workspace\\transformed\\runtime-livedata-1.7.8-runtime.jar;C:\\Users\\Sistemas\\.gradle\\caches\\9.1.0\\transforms\\edb54d35dda4644e9660b6fce201dce8\\workspace\\transformed\\lifecycle-runtime-compose-release-runtime.jar;C:\\Users\\Sistemas\\.gradle\\caches\\9.1.0\\transforms\\b63bb16a81eefad9be0024adc6cdbf46\\workspace\\transformed\\lifecycle-viewmodel-compose-release-runtime.jar;C:\\Users\\Sistemas\\.gradle\\caches\\9.1.0\\transforms\\92aac427f9d2fb8431ef0fdae6484329\\workspace\\transformed\\material-icons-extended-release-runtime.jar;C:\\Users\\Sistemas\\.gradle\\caches\\9.1.0\\transforms\\8fdac35711b6b2b50b3c523dae7c55ee\\workspace\\transformed\\material-icons-core-release-runtime.jar;C:\\Users\\Sistemas\\.gradle\\caches\\9.1.0\\transforms\\6b1e41bb087dcfa2a9f8a67bf0d96644\\workspace\\transformed\\ui-release-runtime.jar;C:\\Users\\Sistemas\\.gradle\\caches\\9.1.0\\transforms\\3105d492a879626d3182d196482d42a9\\workspace\\transformed\\activity-ktx-1.10.1-runtime.jar;C:\\Users\\Sistemas\\.gradle\\caches\\9.1.0\\transforms\\aaf029e2e6abba13a6b3f46f7303c9dd\\workspace\\transformed\\activity-1.10.1-runtime.jar;C:\\Users\\Sistemas\\.gradle\\caches\\9.1.0\\transforms\\fa6ad674bb46138680ccd1d9aaaacd70\\workspace\\transformed\\activity-compose-1.10.1-runtime.jar;C:\\Users\\Sistemas\\.gradle\\caches\\9.1.0\\transforms\\6e24f64412affee8c9011340c06c65cf\\workspace\\transformed\\customview-poolingcontainer-1.0.0-runtime.jar;C:\\Users\\Sistemas\\.gradle\\caches\\9.1.0\\transforms\\69caa133f0787b6a8bfa498b9efe0726\\workspace\\transformed\\core-ktx-1.16.0-runtime.jar;C:\\Users\\Sistemas\\.gradle\\caches\\9.1.0\\transforms\\0509249f695f2ba5d815dd4d63e46ce1\\workspace\\transformed\\annotation-experimental-1.4.1-runtime.jar;C:\\Users\\Sistemas\\.gradle\\caches\\9.1.0\\transforms\\8dd20e5cba7e44bb06e89c3f6bb8cc8e\\workspace\\transformed\\core-viewtree-1.0.0-runtime.jar;C:\\Users\\Sistemas\\.gradle\\caches\\9.1.0\\transforms\\8bffb2e5c9ff5ac227af159a2c74d59f\\workspace\\transformed\\googleid-1.1.0-runtime.jar;C:\\Users\\Sistemas\\.gradle\\caches\\modules-2\\files-2.1\\io.grpc\\grpc-okhttp\\1.62.2\\2d8b802e7fe17c1577527195fd53a2e7355b3541\\grpc-okhttp-1.62.2.jar;C:\\Users\\Sistemas\\.gradle\\caches\\modules-2\\files-2.1\\com.squareup.okio\\okio-jvm\\3.4.0\\4e8bd78a52ab935ce383d0092646922154295e54\\okio-jvm-3.4.0.jar;C:\\Users\\Sistemas\\.gradle\\caches\\modules-2\\files-2.1\\org.jetbrains.kotlin\\kotlin-stdlib-jdk8\\1.8.22\\b25c86d47d6b962b9cf0f8c3f320c8a10eea3dd1\\kotlin-stdlib-jdk8-1.8.22.jar;C:\\Users\\Sistemas\\.gradle\\caches\\modules-2\\files-2.1\\org.jetbrains.kotlin\\kotlin-stdlib-jdk7\\1.8.22\\4dabb8248310d833bb6a8b516024a91fd3d275c\\kotlin-stdlib-jdk7-1.8.22.jar;C:\\Users\\Sistemas\\.gradle\\caches\\9.1.0\\transforms\\b41e009f8656d12116be40b6c55d8b87\\workspace\\transformed\\versionedparcelable-1.1.1-runtime.jar;C:\\Users\\Sistemas\\.gradle\\caches\\modules-2\\files-2.1\\androidx.collection\\collection-ktx\\1.4.5\\2ad14aed781c4a73ed4dbb421966d408a0a06686\\collection-ktx-1.4.5.jar;C:\\Users\\Sistemas\\.gradle\\caches\\modules-2\\files-2.1\\androidx.collection\\collection-jvm\\1.4.5\\da13a7e557c430276b8cb490420effebc1398c0d\\collection-jvm-1.4.5.jar;C:\\Users\\Sistemas\\.gradle\\caches\\modules-2\\files-2.1\\org.jetbrains.kotlinx\\kotlinx-serialization-core-jvm\\1.7.3\\1f226780b845ff9206474c05159245d861556249\\kotlinx-serialization-core-jvm-1.7.3.jar;C:\\Users\\Sistemas\\.gradle\\caches\\9.1.0\\transforms\\17551a1c9cec8fae2b0a3913a2002302\\workspace\\transformed\\sqlite-framework-release-runtime.jar;C:\\Users\\Sistemas\\.gradle\\caches\\9.1.0\\transforms\\d93c4d1cdae0f8b6e61b5f2e2d993031\\workspace\\transformed\\sqlite-release-runtime.jar;C:\\Users\\Sistemas\\.gradle\\caches\\9.1.0\\transforms\\f52b178b2029da990c9447db6f5aa709\\workspace\\transformed\\cursoradapter-1.0.0-runtime.jar;C:\\Users\\Sistemas\\.gradle\\caches\\modules-2\\files-2.1\\androidx.resourceinspection\\resourceinspection-annotation\\1.0.1\\8c21f8ff5d96d5d52c948707f7e4d6ca6773feef\\resourceinspection-annotation-1.0.1.jar;C:\\Users\\Sistemas\\.gradle\\caches\\9.1.0\\transforms\\900b87d484caa18a4d8affd14537aa6f\\workspace\\transformed\\profileinstaller-1.4.0-runtime.jar;C:\\Users\\Sistemas\\.gradle\\caches\\modules-2\\files-2.1\\androidx.constraintlayout\\constraintlayout-core\\1.1.1\\f7ab6170b99b9421bd4942846426ff820b552f7d\\constraintlayout-core-1.1.1.jar;C:\\Users\\Sistemas\\.gradle\\caches\\9.1.0\\transforms\\9bab1669a5aa031ba0ced532d848787f\\workspace\\transformed\\cardview-1.0.0-runtime.jar;C:\\Users\\Sistemas\\.gradle\\caches\\9.1.0\\transforms\\27253dca6f2b9bcab423c7c44193de7a\\workspace\\transformed\\firebase-components-18.0.0-runtime.jar;C:\\Users\\Sistemas\\.gradle\\caches\\9.1.0\\transforms\\0762f8080c7d0de777e80af09e551b78\\workspace\\transformed\\interpolator-1.0.0-runtime.jar;C:\\Users\\Sistemas\\.gradle\\caches\\9.1.0\\transforms\\dd8cf0caa6c7daf0dd4c365d3e1893af\\workspace\\transformed\\startup-runtime-1.1.1-runtime.jar;C:\\Users\\Sistemas\\.gradle\\caches\\9.1.0\\transforms\\f7b0ca75bab4f3c77d052145c41c3aef\\workspace\\transformed\\tracing-1.2.0-runtime.jar;C:\\Users\\Sistemas\\.gradle\\caches\\9.1.0\\transforms\\ab3b59927a91f79048fcc109ec808450\\workspace\\transformed\\core-runtime-2.2.0-runtime.jar;C:\\Users\\Sistemas\\.gradle\\caches\\modules-2\\files-2.1\\androidx.concurrent\\concurrent-futures\\1.1.0\\50b7fb98350d5f42a4e49704b03278542293ba48\\concurrent-futures-1.1.0.jar;C:\\Users\\Sistemas\\.gradle\\caches\\9.1.0\\transforms\\48c8dd6fda76646925d7af0af5f9a0d4\\workspace\\transformed\\localbroadcastmanager-1.0.0-runtime.jar;C:\\Users\\Sistemas\\.gradle\\caches\\modules-2\\files-2.1\\androidx.arch.core\\core-common\\2.2.0\\5e1b8b81dfd5f52c56a8d53b18ca759c19a301f3\\core-common-2.2.0.jar;C:\\Users\\Sistemas\\.gradle\\caches\\9.1.0\\transforms\\8700b070c7d12635d74f04afdc23ad52\\workspace\\transformed\\documentfile-1.0.0-runtime.jar;C:\\Users\\Sistemas\\.gradle\\caches\\9.1.0\\transforms\\2e18c23b748cd45828115bece369ed0d\\workspace\\transformed\\print-1.0.0-runtime.jar;C:\\Users\\Sistemas\\.gradle\\caches\\modules-2\\files-2.1\\androidx.annotation\\annotation-jvm\\1.9.1\\b17951747e38bf3986a24431b9ba0d039958aa5f\\annotation-jvm-1.9.1.jar;C:\\Users\\Sistemas\\.gradle\\caches\\modules-2\\files-2.1\\org.jetbrains.kotlin\\kotlin-stdlib\\2.2.10\\30de6faa127a4a012db8e71bf1b9c0a99b1402b2\\kotlin-stdlib-2.2.10.jar;C:\\Users\\Sistemas\\.gradle\\caches\\modules-2\\files-2.1\\org.hamcrest\\hamcrest-core\\1.3\\42a25dc3219429f0e5d060061f71acb49bf010a0\\hamcrest-core-1.3.jar;C:\\Users\\Sistemas\\.gradle\\caches\\modules-2\\files-2.1\\org.jetbrains\\annotations\\23.0.0\\8cc20c07506ec18e0834947b84a864bfc094484e\\annotations-23.0.0.jar;C:\\Users\\Sistemas\\.gradle\\caches\\modules-2\\files-2.1\\io.grpc\\grpc-stub\\1.62.2\\fc1e85697502d96d6c912e8dd2a56f46f1aba050\\grpc-stub-1.62.2.jar;C:\\Users\\Sistemas\\.gradle\\caches\\9.1.0\\transforms\\bbb8bd7d40c14bd18e2b0f03d62546d8\\workspace\\transformed\\grpc-android-1.62.2-runtime.jar;C:\\Users\\Sistemas\\.gradle\\caches\\modules-2\\files-2.1\\io.grpc\\grpc-protobuf-lite\\1.62.2\\9d807d2a0e34bd7284a5336186f57cf241090920\\grpc-protobuf-lite-1.62.2.jar;C:\\Users\\Sistemas\\.gradle\\caches\\modules-2\\files-2.1\\io.grpc\\grpc-util\\1.62.2\\98c4138f09fb57c3ad6cbeffb31ed73e302038f7\\grpc-util-1.62.2.jar;C:\\Users\\Sistemas\\.gradle\\caches\\modules-2\\files-2.1\\io.grpc\\grpc-core\\1.62.2\\5808049a5e33eba6f248a68d58e75399a68f2784\\grpc-core-1.62.2.jar;C:\\Users\\Sistemas\\.gradle\\caches\\modules-2\\files-2.1\\io.grpc\\grpc-context\\1.62.2\\69e86c35140b3b1718d65635bb54ccecc4c12f14\\grpc-context-1.62.2.jar;C:\\Users\\Sistemas\\.gradle\\caches\\modules-2\\files-2.1\\io.grpc\\grpc-api\\1.62.2\\a93b6ee3761d48edd9a9279f20a58be1a245ad01\\grpc-api-1.62.2.jar;C:\\Users\\Sistemas\\.gradle\\caches\\modules-2\\files-2.1\\com.google.guava\\guava\\32.1.3-android\\ea090dd85ca2fa12d42d054369df888665230dd7\\guava-32.1.3-android.jar;C:\\Users\\Sistemas\\.gradle\\caches\\modules-2\\files-2.1\\com.google.errorprone\\error_prone_annotations\\2.26.0\\c513866fd91bb46587500440a80fa943e95d12d9\\error_prone_annotations-2.26.0.jar;C:\\Users\\Sistemas\\.gradle\\caches\\modules-2\\files-2.1\\org.jspecify\\jspecify\\1.0.0\\7425a601c1c7ec76645a78d22b8c6a627edee507\\jspecify-1.0.0.jar;C:\\Users\\Sistemas\\.gradle\\caches\\modules-2\\files-2.1\\com.google.guava\\listenablefuture\\9999.0-empty-to-avoid-conflict-with-guava\\b421526c5f297295adef1c886e5246c39d4ac629\\listenablefuture-9999.0-empty-to-avoid-conflict-with-guava.jar;C:\\Users\\Sistemas\\.gradle\\caches\\modules-2\\files-2.1\\com.google.firebase\\firebase-annotations\\16.2.0\\ba0806703ca285d03fa9c888b5868f101134a501\\firebase-annotations-16.2.0.jar;C:\\Users\\Sistemas\\.gradle\\caches\\9.1.0\\transforms\\f1adc6ac4d34ea9094c7907a1f0ca323\\workspace\\transformed\\protolite-well-known-types-18.0.0-runtime.jar;C:\\Users\\Sistemas\\.gradle\\caches\\modules-2\\files-2.1\\javax.inject\\javax.inject\\1\\6975da39a7040257bd51d21a231b76c915872d38\\javax.inject-1.jar;C:\\Users\\Sistemas\\.gradle\\caches\\modules-2\\files-2.1\\com.google.protobuf\\protobuf-javalite\\3.25.1\\3dee29d9cbdb25f9363847054ed68d34b9f9c8b0\\protobuf-javalite-3.25.1.jar;C:\\Users\\Sistemas\\.gradle\\caches\\modules-2\\files-2.1\\io.perfmark\\perfmark-api\\0.26.0\\ef65452adaf20bf7d12ef55913aba24037b82738\\perfmark-api-0.26.0.jar;C:\\Users\\Sistemas\\.gradle\\caches\\modules-2\\files-2.1\\com.google.code.findbugs\\jsr305\\3.0.2\\25ea2e8b0c338a877313bd4672d3fe056ea78f0d\\jsr305-3.0.2.jar;C:\\Users\\Sistemas\\.gradle\\caches\\9.1.0\\transforms\\ff6ee00fa2743504b60a9a93f45377ce\\workspace\\transformed\\core-common-2.0.3-runtime.jar;C:\\Users\\Sistemas\\.gradle\\caches\\modules-2\\files-2.1\\com.google.code.gson\\gson\\2.10.1\\b3add478d4382b78ea20b1671390a858002feb6c\\gson-2.10.1.jar;C:\\Users\\Sistemas\\.gradle\\caches\\modules-2\\files-2.1\\com.google.android\\annotations\\4.1.1.4\\a1678ba907bf92691d879fef34e1a187038f9259\\annotations-4.1.1.4.jar;C:\\Users\\Sistemas\\.gradle\\caches\\modules-2\\files-2.1\\org.codehaus.mojo\\animal-sniffer-annotations\\1.23\\3c0daebd5f0e1ce72cc50c818321ac957aeb5d70\\animal-sniffer-annotations-1.23.jar;C:\\Users\\Sistemas\\.gradle\\caches\\modules-2\\files-2.1\\com.google.guava\\failureaccess\\1.0.1\\1dcf1de382a0bf95a3d8b0849546c88bac1292c9\\failureaccess-1.0.1.jar;C:\\Users\\Sistemas\\.gradle\\caches\\modules-2\\files-2.1\\org.checkerframework\\checker-qual\\3.37.0\\ba74746d38026581c12166e164bb3c15e90cc4ea\\checker-qual-3.37.0.jar;C:\\Users\\Sistemas\\StudioProjects\\Alertastock-android\\app\\build\\intermediates\\java_res\\debug\\processDebugJavaRes\\out;C:\\Users\\Sistemas\\.gradle\\caches\\9.1.0\\transforms\\2dc32e4caa915d2995235279e486a95b\\workspace\\transformed\\viewbinding-9.0.1\\jars\\classes.jar;C:\\Users\\Sistemas\\.gradle\\caches\\9.1.0\\transforms\\da965d0690ca300f852f19844e4a2676\\workspace\\transformed\\material-1.12.0\\jars\\classes.jar;C:\\Users\\Sistemas\\.gradle\\caches\\9.1.0\\transforms\\a9e9acd3ff712e874fe738f995faa54a\\workspace\\transformed\\constraintlayout-2.2.1\\jars\\classes.jar;C:\\Users\\Sistemas\\.gradle\\caches\\9.1.0\\transforms\\257284b9f5a4423c5db2a02ce4b07028\\workspace\\transformed\\appcompat-resources-1.7.0\\jars\\classes.jar;C:\\Users\\Sistemas\\.gradle\\caches\\9.1.0\\transforms\\ad3c22f394cbb693477b76d8f12352ed\\workspace\\transformed\\appcompat-1.7.0\\jars\\classes.jar;C:\\Users\\Sistemas\\.gradle\\caches\\9.1.0\\transforms\\458b1ce21f229ca4e165446715a82b05\\workspace\\transformed\\navigation-common-release\\jars\\classes.jar;C:\\Users\\Sistemas\\.gradle\\caches\\9.1.0\\transforms\\ec5df3f24f245a2401c9e3334b6f7feb\\workspace\\transformed\\navigation-compose-release\\jars\\classes.jar;C:\\Users\\Sistemas\\.gradle\\caches\\9.1.0\\transforms\\ff7bbe13504939171b7bcbbe4d13fe4f\\workspace\\transformed\\navigation-runtime-release\\jars\\classes.jar;C:\\Users\\Sistemas\\.gradle\\caches\\9.1.0\\transforms\\05b309bb32514e5c5c663815134b3034\\workspace\\transformed\\material3-release\\jars\\classes.jar;C:\\Users\\Sistemas\\.gradle\\caches\\9.1.0\\transforms\\99d0a44edcfd001deea0d57ae91869ef\\workspace\\transformed\\firebase-auth-ktx-23.1.0\\jars\\classes.jar;C:\\Users\\Sistemas\\.gradle\\caches\\9.1.0\\transforms\\e15bd1dd0b0dd1237740dd051c7ff8b2\\workspace\\transformed\\firebase-auth-23.1.0\\jars\\classes.jar;C:\\Users\\Sistemas\\.gradle\\caches\\9.1.0\\transforms\\d59df7adcbebd31006e1bd0352b1a266\\workspace\\transformed\\credentials-1.2.0-rc01\\jars\\classes.jar;C:\\Users\\Sistemas\\.gradle\\caches\\9.1.0\\transforms\\e4a8a6fd650ed405f1ae2a015780dc5d\\workspace\\transformed\\credentials-play-services-auth-1.2.0-rc01\\jars\\classes.jar;C:\\Users\\Sistemas\\.gradle\\caches\\9.1.0\\transforms\\764d33fd32bdc79c263acfa5570e1b6f\\workspace\\transformed\\play-services-auth-21.3.0\\jars\\classes.jar;C:\\Users\\Sistemas\\.gradle\\caches\\9.1.0\\transforms\\8429c2745944b6fca3e52f3df00d0d9c\\workspace\\transformed\\play-services-auth-api-phone-18.0.2\\jars\\classes.jar;C:\\Users\\Sistemas\\.gradle\\caches\\9.1.0\\transforms\\00e30692dcb38fe0a650f924e6b281e6\\workspace\\transformed\\play-services-auth-base-18.0.10\\jars\\classes.jar;C:\\Users\\Sistemas\\.gradle\\caches\\9.1.0\\transforms\\5346287440bd9d848d51357887f441ac\\workspace\\transformed\\firebase-firestore-ktx-25.1.1\\jars\\classes.jar;C:\\Users\\Sistemas\\.gradle\\caches\\9.1.0\\transforms\\d0e0ab436a84d59e00d0d6e72cf3cb73\\workspace\\transformed\\firebase-firestore-25.1.1\\jars\\classes.jar;C:\\Users\\Sistemas\\.gradle\\caches\\9.1.0\\transforms\\74f67ace02c3f94de147fe9592df65c0\\workspace\\transformed\\firebase-appcheck-interop-17.0.0\\jars\\classes.jar;C:\\Users\\Sistemas\\.gradle\\caches\\9.1.0\\transforms\\bd8d1e1ed8b59289c950ceedf8c7f6b4\\workspace\\transformed\\firebase-database-collection-18.0.1\\jars\\classes.jar;C:\\Users\\Sistemas\\.gradle\\caches\\9.1.0\\transforms\\701af75745ce58cab7a2a2c9848682fd\\workspace\\transformed\\play-services-fido-20.1.0\\jars\\classes.jar;C:\\Users\\Sistemas\\.gradle\\caches\\9.1.0\\transforms\\7c4b4e47e256b2fd69a267c9d9ecb278\\workspace\\transformed\\play-services-base-18.5.0\\jars\\classes.jar;C:\\Users\\Sistemas\\.gradle\\caches\\9.1.0\\transforms\\586f2288e72432f32c1106ad84774cfe\\workspace\\transformed\\firebase-common-ktx-21.0.0\\jars\\classes.jar;C:\\Users\\Sistemas\\.gradle\\caches\\9.1.0\\transforms\\d3195aaf5c2a21f17dabee04d24981ad\\workspace\\transformed\\firebase-auth-interop-20.0.0\\jars\\classes.jar;C:\\Users\\Sistemas\\.gradle\\caches\\9.1.0\\transforms\\0ec901c272aa7ae6ae7c795d108ab4a7\\workspace\\transformed\\firebase-common-21.0.0\\jars\\classes.jar;C:\\Users\\Sistemas\\.gradle\\caches\\9.1.0\\transforms\\0a9e15103e0543938b45a42030cf4dd7\\workspace\\transformed\\room-runtime-release\\jars\\classes.jar;C:\\Users\\Sistemas\\.gradle\\caches\\9.1.0\\transforms\\de9d3d66503fbafb6b80b6fc814c1e79\\workspace\\transformed\\room-ktx-2.7.1\\jars\\classes.jar;C:\\Users\\Sistemas\\.gradle\\caches\\9.1.0\\transforms\\1bd3d8053a2134a6ba020091180339db\\workspace\\transformed\\emoji2-views-helper-1.3.0\\jars\\classes.jar;C:\\Users\\Sistemas\\.gradle\\caches\\9.1.0\\transforms\\0c7880b98de7646430f2fd4e6216728a\\workspace\\transformed\\ui-tooling-data-release\\jars\\classes.jar;C:\\Users\\Sistemas\\.gradle\\caches\\9.1.0\\transforms\\6a1e38f49198a42be4304447b1e062ef\\workspace\\transformed\\ui-tooling-preview-release\\jars\\classes.jar;C:\\Users\\Sistemas\\.gradle\\caches\\9.1.0\\transforms\\99c997c29ba16ef9512ddb60dc355380\\workspace\\transformed\\ui-tooling-release\\jars\\classes.jar;C:\\Users\\Sistemas\\.gradle\\caches\\9.1.0\\transforms\\79fa928c09fd1b2590a8cc8dea8699e8\\workspace\\transformed\\material-release\\jars\\classes.jar;C:\\Users\\Sistemas\\.gradle\\caches\\9.1.0\\transforms\\6c4535cb204cc68807864f4879978efc\\workspace\\transformed\\material-ripple-release\\jars\\classes.jar;C:\\Users\\Sistemas\\.gradle\\caches\\9.1.0\\transforms\\8595fa0c7c1657d52c82c610ad790870\\workspace\\transformed\\animation-core-release\\jars\\classes.jar;C:\\Users\\Sistemas\\.gradle\\caches\\9.1.0\\transforms\\8deab32effed31fe6b5cb8384282ff3b\\workspace\\transformed\\animation-release\\jars\\classes.jar;C:\\Users\\Sistemas\\.gradle\\caches\\9.1.0\\transforms\\16a1d029c7125a892f3760cfd2d7b5f2\\workspace\\transformed\\foundation-layout-release\\jars\\classes.jar;C:\\Users\\Sistemas\\.gradle\\caches\\9.1.0\\transforms\\3bc79f8b6fcc5a5a4cf2265c6c58219c\\workspace\\transformed\\foundation-release\\jars\\classes.jar;C:\\Users\\Sistemas\\.gradle\\caches\\9.1.0\\transforms\\6c14b2a2b6ecfc07dc617ba582ee59d3\\workspace\\transformed\\ui-util-release\\jars\\classes.jar;C:\\Users\\Sistemas\\.gradle\\caches\\9.1.0\\transforms\\786bcb52dc80b5642d7b50ab092301a4\\workspace\\transformed\\ui-unit-release\\jars\\classes.jar;C:\\Users\\Sistemas\\.gradle\\caches\\9.1.0\\transforms\\78f1b297afd1e0af33813a1fe33b0117\\workspace\\transformed\\ui-graphics-release\\jars\\classes.jar;C:\\Users\\Sistemas\\.gradle\\caches\\9.1.0\\transforms\\503f29b5d31ea40106b1467a6c974d37\\workspace\\transformed\\ui-geometry-release\\jars\\classes.jar;C:\\Users\\Sistemas\\.gradle\\caches\\9.1.0\\transforms\\22ab7a9f835fa49666bbd594f11155b1\\workspace\\transformed\\ui-text-release\\jars\\classes.jar;C:\\Users\\Sistemas\\.gradle\\caches\\9.1.0\\transforms\\4c7c44df702c794c4542279253f0b054\\workspace\\transformed\\emoji2-1.3.0\\jars\\classes.jar;C:\\Users\\Sistemas\\.gradle\\caches\\9.1.0\\transforms\\4c7c44df702c794c4542279253f0b054\\workspace\\transformed\\emoji2-1.3.0\\jars\\libs\\repackaged.jar;C:\\Users\\Sistemas\\.gradle\\caches\\9.1.0\\transforms\\f1d40dd9df6d3bbc6318cfc8e91d91de\\workspace\\transformed\\transition-1.5.0\\jars\\classes.jar;C:\\Users\\Sistemas\\.gradle\\caches\\9.1.0\\transforms\\32b87849c7e26d6c796001282b2dbaf2\\workspace\\transformed\\dynamicanimation-1.0.0\\jars\\classes.jar;C:\\Users\\Sistemas\\.gradle\\caches\\9.1.0\\transforms\\9ca9500e475273ccbc1265b529d9ac45\\workspace\\transformed\\legacy-support-core-utils-1.0.0\\jars\\classes.jar;C:\\Users\\Sistemas\\.gradle\\caches\\9.1.0\\transforms\\b31e1034945239c4551cfd33ec7692f0\\workspace\\transformed\\loader-1.1.0\\jars\\classes.jar;C:\\Users\\Sistemas\\.gradle\\caches\\9.1.0\\transforms\\64e2c4a01eac419ef152e8f4fff3f04a\\workspace\\transformed\\drawerlayout-1.1.1\\jars\\classes.jar;C:\\Users\\Sistemas\\.gradle\\caches\\9.1.0\\transforms\\27f7c423bb92c510c4a40b2244dc91c0\\workspace\\transformed\\coordinatorlayout-1.1.0\\jars\\classes.jar;C:\\Users\\Sistemas\\.gradle\\caches\\9.1.0\\transforms\\5cd39df35667905f9ac32b61255ce881\\workspace\\transformed\\vectordrawable-animated-1.1.0\\jars\\classes.jar;C:\\Users\\Sistemas\\.gradle\\caches\\9.1.0\\transforms\\4ea2adc9fd1895bdb17bdbfbfb980444\\workspace\\transformed\\vectordrawable-1.1.0\\jars\\classes.jar;C:\\Users\\Sistemas\\.gradle\\caches\\9.1.0\\transforms\\eb73eed2a7ddfd3480f27e1a67f92d3f\\workspace\\transformed\\viewpager2-1.0.0\\jars\\classes.jar;C:\\Users\\Sistemas\\.gradle\\caches\\9.1.0\\transforms\\fa286c54ebe3a71e5f79b71bbd049cf7\\workspace\\transformed\\viewpager-1.0.0\\jars\\classes.jar;C:\\Users\\Sistemas\\.gradle\\caches\\9.1.0\\transforms\\9fe2e7d12d179fa00764ebd73fef6897\\workspace\\transformed\\recyclerview-1.1.0\\jars\\classes.jar;C:\\Users\\Sistemas\\.gradle\\caches\\9.1.0\\transforms\\cc3ceaf7988a5baa7644481a9dea7940\\workspace\\transformed\\customview-1.1.0\\jars\\classes.jar;C:\\Users\\Sistemas\\.gradle\\caches\\9.1.0\\transforms\\254fbe843c857b4bb5d8272d6d77b6a3\\workspace\\transformed\\browser-1.4.0\\jars\\classes.jar;C:\\Users\\Sistemas\\.gradle\\caches\\9.1.0\\transforms\\bb1586c7f3e33c1e234a820796747d37\\workspace\\transformed\\autofill-1.0.0\\jars\\classes.jar;C:\\Users\\Sistemas\\.gradle\\caches\\9.1.0\\transforms\\af28717abcf37280b5235d1442460e05\\workspace\\transformed\\graphics-path-1.0.1\\jars\\classes.jar;C:\\Users\\Sistemas\\.gradle\\caches\\9.1.0\\transforms\\03a2b8a48104a44ed5ba5dab1fec6bfa\\workspace\\transformed\\core-1.16.0\\jars\\classes.jar;C:\\Users\\Sistemas\\.gradle\\caches\\9.1.0\\transforms\\841b9b7295950666cfbb246a8b9bfff5\\workspace\\transformed\\lifecycle-runtime-ktx\\jars\\classes.jar;C:\\Users\\Sistemas\\.gradle\\caches\\9.1.0\\transforms\\959bc72eee4f2452308296bbd783e947\\workspace\\transformed\\lifecycle-runtime-release\\jars\\classes.jar;C:\\Users\\Sistemas\\.gradle\\caches\\9.1.0\\transforms\\38f4617e4fde62eb20ab0f970771da33\\workspace\\transformed\\lifecycle-livedata-core-ktx-2.9.0\\jars\\classes.jar;C:\\Users\\Sistemas\\.gradle\\caches\\9.1.0\\transforms\\a77686f929fbf703308daf7c0ebe2afb\\workspace\\transformed\\lifecycle-viewmodel-savedstate-release\\jars\\classes.jar;C:\\Users\\Sistemas\\.gradle\\caches\\9.1.0\\transforms\\db94b020a9a57aab184d9bb5879b3494\\workspace\\transformed\\lifecycle-viewmodel-2.9.0\\jars\\classes.jar;C:\\Users\\Sistemas\\.gradle\\caches\\9.1.0\\transforms\\9f5f5fb48e34ac82419725a35db7728c\\workspace\\transformed\\lifecycle-viewmodel-release\\jars\\classes.jar;C:\\Users\\Sistemas\\.gradle\\caches\\9.1.0\\transforms\\aebe2548f4056e733ecf5524543f5233\\workspace\\transformed\\lifecycle-livedata-core-2.9.0\\jars\\classes.jar;C:\\Users\\Sistemas\\.gradle\\caches\\9.1.0\\transforms\\6f02d38ce03e4b8b1fe753fff746d7ca\\workspace\\transformed\\lifecycle-process-2.9.0\\jars\\classes.jar;C:\\Users\\Sistemas\\.gradle\\caches\\9.1.0\\transforms\\8588d83958ec6248432248ce663254ce\\workspace\\transformed\\lifecycle-livedata-2.9.0\\jars\\classes.jar;C:\\Users\\Sistemas\\.gradle\\caches\\9.1.0\\transforms\\4f6347c2e426ea2335e26f5ac6e2a3c5\\workspace\\transformed\\lifecycle-viewmodel-ktx-2.9.0\\jars\\classes.jar;C:\\Users\\Sistemas\\.gradle\\caches\\9.1.0\\transforms\\835625c28bc3df6cf404bd9315cf36bb\\workspace\\transformed\\recaptcha-18.5.1\\jars\\classes.jar;C:\\Users\\Sistemas\\.gradle\\caches\\9.1.0\\transforms\\65501d6078acacf6cbfbae0e0d10de6d\\workspace\\transformed\\integrity-1.3.0\\jars\\classes.jar;C:\\Users\\Sistemas\\.gradle\\caches\\9.1.0\\transforms\\3a452d55d9664866e4119f872eab8110\\workspace\\transformed\\play-services-tasks-18.2.0\\jars\\classes.jar;C:\\Users\\Sistemas\\.gradle\\caches\\9.1.0\\transforms\\b281f063eddadd7b310d2622bfdb77dc\\workspace\\transformed\\play-services-basement-18.4.0\\jars\\classes.jar;C:\\Users\\Sistemas\\.gradle\\caches\\9.1.0\\transforms\\c752521c4affdb51fbccfbba6e1ffa6c\\workspace\\transformed\\fragment-1.5.7\\jars\\classes.jar;C:\\Users\\Sistemas\\.gradle\\caches\\9.1.0\\transforms\\50f3525fa06b998bde2baad87afcfc3b\\workspace\\transformed\\savedstate-ktx-1.3.0\\jars\\classes.jar;C:\\Users\\Sistemas\\.gradle\\caches\\9.1.0\\transforms\\b970299618b46026192bb68132c47989\\workspace\\transformed\\savedstate-release\\jars\\classes.jar;C:\\Users\\Sistemas\\.gradle\\caches\\9.1.0\\transforms\\b048c25a928991c42e34c2b228cbf3fe\\workspace\\transformed\\savedstate-compose-release\\jars\\classes.jar;C:\\Users\\Sistemas\\.gradle\\caches\\9.1.0\\transforms\\b1d60cd3f66262cd52e4875a776d91cc\\workspace\\transformed\\runtime-release\\jars\\classes.jar;C:\\Users\\Sistemas\\.gradle\\caches\\9.1.0\\transforms\\4df4096343739094a8f2971559df5084\\workspace\\transformed\\runtime-saveable-release\\jars\\classes.jar;C:\\Users\\Sistemas\\.gradle\\caches\\9.1.0\\transforms\\97d7e9a1c345c6a86cd2f314dfd15f8f\\workspace\\transformed\\runtime-livedata-1.7.8\\jars\\classes.jar;C:\\Users\\Sistemas\\.gradle\\caches\\9.1.0\\transforms\\64dc72705d9d663bb2bcd4b0bcac1d2a\\workspace\\transformed\\lifecycle-runtime-compose-release\\jars\\classes.jar;C:\\Users\\Sistemas\\.gradle\\caches\\9.1.0\\transforms\\00101f4017e77b415841cca1f1c311ba\\workspace\\transformed\\lifecycle-viewmodel-compose-release\\jars\\classes.jar;C:\\Users\\Sistemas\\.gradle\\caches\\9.1.0\\transforms\\71850b175ecb37334f7dea9d5046d572\\workspace\\transformed\\material-icons-extended-release\\jars\\classes.jar;C:\\Users\\Sistemas\\.gradle\\caches\\9.1.0\\transforms\\53dee0e69d212e31768b912e1a1559ed\\workspace\\transformed\\material-icons-core-release\\jars\\classes.jar;C:\\Users\\Sistemas\\.gradle\\caches\\9.1.0\\transforms\\357283b5edb2030354e7fd46dbebdbf1\\workspace\\transformed\\ui-release\\jars\\classes.jar;C:\\Users\\Sistemas\\.gradle\\caches\\9.1.0\\transforms\\eeb3e40b8aa807aab91150a9bc79b9a6\\workspace\\transformed\\activity-ktx-1.10.1\\jars\\classes.jar;C:\\Users\\Sistemas\\.gradle\\caches\\9.1.0\\transforms\\6b4e74c2f1a50e33fb192e718a261eed\\workspace\\transformed\\activity-1.10.1\\jars\\classes.jar;C:\\Users\\Sistemas\\.gradle\\caches\\9.1.0\\transforms\\b03705ed944353d1dab168b03d10d332\\workspace\\transformed\\activity-compose-1.10.1\\jars\\classes.jar;C:\\Users\\Sistemas\\.gradle\\caches\\9.1.0\\transforms\\8b26963e1cbeb1bb2d4828322352bd0f\\workspace\\transformed\\customview-poolingcontainer-1.0.0\\jars\\classes.jar;C:\\Users\\Sistemas\\.gradle\\caches\\9.1.0\\transforms\\ed68c4d5f07c4ee11a97e21822139140\\workspace\\transformed\\core-ktx-1.16.0\\jars\\classes.jar;C:\\Users\\Sistemas\\.gradle\\caches\\9.1.0\\transforms\\c3369777570d10b1dbdce8a3b3d04105\\workspace\\transformed\\annotation-experimental-1.4.1\\jars\\classes.jar;C:\\Users\\Sistemas\\.gradle\\caches\\9.1.0\\transforms\\4e7ce8323449d37735e0887ee087e4dc\\workspace\\transformed\\core-viewtree-1.0.0\\jars\\classes.jar;C:\\Users\\Sistemas\\.gradle\\caches\\9.1.0\\transforms\\95c9a98c7457c526aa8514ad6667fb39\\workspace\\transformed\\googleid-1.1.0\\jars\\classes.jar;C:\\Users\\Sistemas\\.gradle\\caches\\9.1.0\\transforms\\94d38fe1ae46af62bf1c5a681c63062e\\workspace\\transformed\\versionedparcelable-1.1.1\\jars\\classes.jar;C:\\Users\\Sistemas\\.gradle\\caches\\9.1.0\\transforms\\845d07cd90fe47a0dedabaa7fc1f8261\\workspace\\transformed\\sqlite-framework-release\\jars\\classes.jar;C:\\Users\\Sistemas\\.gradle\\caches\\9.1.0\\transforms\\e3b93c4234be4525e554b8fa9cc50ee2\\workspace\\transformed\\sqlite-release\\jars\\classes.jar;C:\\Users\\Sistemas\\.gradle\\caches\\9.1.0\\transforms\\04ff591bdf5e36f4b65383dc3bb513f8\\workspace\\transformed\\cursoradapter-1.0.0\\jars\\classes.jar;C:\\Users\\Sistemas\\.gradle\\caches\\9.1.0\\transforms\\e28ba604c393a70f194522619795fa2e\\workspace\\transformed\\profileinstaller-1.4.0\\jars\\classes.jar;C:\\Users\\Sistemas\\.gradle\\caches\\9.1.0\\transforms\\39e672a1b43203cdff09397c1d329f11\\workspace\\transformed\\cardview-1.0.0\\jars\\classes.jar;C:\\Users\\Sistemas\\.gradle\\caches\\9.1.0\\transforms\\81041727628b45bc124f3fdb52bdcc1c\\workspace\\transformed\\firebase-components-18.0.0\\jars\\classes.jar;C:\\Users\\Sistemas\\.gradle\\caches\\9.1.0\\transforms\\01e86f76e68aacdc12a5d33d95922913\\workspace\\transformed\\interpolator-1.0.0\\jars\\classes.jar;C:\\Users\\Sistemas\\.gradle\\caches\\9.1.0\\transforms\\950f45a072d1d53cd369c5eac8fab6e5\\workspace\\transformed\\startup-runtime-1.1.1\\jars\\classes.jar;C:\\Users\\Sistemas\\.gradle\\caches\\9.1.0\\transforms\\2209adb1dd763cc21180a4e18b9caf18\\workspace\\transformed\\tracing-1.2.0\\jars\\classes.jar;C:\\Users\\Sistemas\\.gradle\\caches\\9.1.0\\transforms\\8db7489e33902bc31545a5b909ef80f0\\workspace\\transformed\\core-runtime-2.2.0\\jars\\classes.jar;C:\\Users\\Sistemas\\.gradle\\caches\\9.1.0\\transforms\\46a1b2ae1f405f00f1649244151d0505\\workspace\\transformed\\localbroadcastmanager-1.0.0\\jars\\classes.jar;C:\\Users\\Sistemas\\.gradle\\caches\\9.1.0\\transforms\\528d0438da389a6030abe7dd90d925b2\\workspace\\transformed\\documentfile-1.0.0\\jars\\classes.jar;C:\\Users\\Sistemas\\.gradle\\caches\\9.1.0\\transforms\\8a9386c1ac42a483be033933390f3ead\\workspace\\transformed\\print-1.0.0\\jars\\classes.jar;C:\\Users\\Sistemas\\.gradle\\caches\\9.1.0\\transforms\\1893d88b2950b6028dbc81f4b84b6468\\workspace\\transformed\\grpc-android-1.62.2\\jars\\classes.jar;C:\\Users\\Sistemas\\.gradle\\caches\\9.1.0\\transforms\\1ef8041f24df2c489afa869799a93ab4\\workspace\\transformed\\protolite-well-known-types-18.0.0\\jars\\classes.jar;C:\\Users\\Sistemas\\.gradle\\caches\\9.1.0\\transforms\\81bf69f940adf404b167f18a31282b35\\workspace\\transformed\\core-common-2.0.3\\jars\\classes.jar;C:\\Users\\Sistemas\\StudioProjects\\Alertastock-android\\app\\build\\intermediates\\compile_and_runtime_r_class_jar\\debug\\processDebugResources\\R.jar;C:\\Users\\Sistemas\\.gradle\\caches\\9.1.0\\transforms\\0c31c3fbb00ee194beebca196fb951ca\\workspace\\transformed\\android.jar
Launcher Type: SUN_STANDARD

[Global flags]
     intx CICompilerCount                          = 12                                        {product} {ergonomic}
     uint ConcGCThreads                            = 3                                         {product} {ergonomic}
     uint G1ConcRefinementThreads                  = 13                                        {product} {ergonomic}
   size_t G1HeapRegionSize                         = 1048576                                   {product} {ergonomic}
    uintx GCDrainStackTargetSize                   = 64                                        {product} {ergonomic}
   size_t InitialHeapSize                          = 257949696                                 {product} {ergonomic}
   size_t MarkStackSize                            = 4194304                                   {product} {ergonomic}
   size_t MaxHeapSize                              = 536870912                                 {product} {command line}
   size_t MinHeapDeltaBytes                        = 1048576                                   {product} {ergonomic}
   size_t MinHeapSize                              = 8388608                                   {product} {ergonomic}
    uintx NonNMethodCodeHeapSize                   = 7602480                                {pd product} {ergonomic}
    uintx NonProfiledCodeHeapSize                  = 122027880                              {pd product} {ergonomic}
    uintx ProfiledCodeHeapSize                     = 122027880                              {pd product} {ergonomic}
    uintx ReservedCodeCacheSize                    = 251658240                              {pd product} {ergonomic}
     bool SegmentedCodeCache                       = true                                      {product} {ergonomic}
   size_t SoftMaxHeapSize                          = 536870912                              {manageable} {ergonomic}
     bool UseCompressedOops                        = true                           {product lp64_product} {ergonomic}
     bool UseG1GC                                  = true                                      {product} {ergonomic}
     bool UseLargePagesIndividualAllocation        = false                                  {pd product} {ergonomic}

Logging:
Log output configuration:
 #0: stdout all=warning uptime,level,tags foldmultilines=false
 #1: stderr all=off uptime,level,tags foldmultilines=false

Release file:
<release file has not been read>
Environment Variables:
PATH=C:\WINDOWS\system32;C:\WINDOWS;C:\WINDOWS\System32\Wbem;C:\WINDOWS\System32\WindowsPowerShell\v1.0\;C:\WINDOWS\System32\OpenSSH\;C:\Program Files (x86)\HP\HP OCR\DB_Lib\;C:\Program Files\HP\Common\HPDestPlgIn\;C:\Program Files (x86)\HP\Common\HPDestPlgIn\;C:\Program Files\OpenSSL-Win64\bin;C:\Program Files\Git\cmd;C:\Users\Sistemas\AppData\Local\Microsoft\WindowsApps;C:\Users\Sistemas\AppData\Local\Programs\Microsoft VS Code\bin;C:\Program Files\HP\Common\HPDestPlgIn\;C:\Program Files (x86)\HP\Common\HPDestPlgIn\;
USERNAME=Sistemas
OS=Windows_NT
PROCESSOR_IDENTIFIER=AMD64 Family 25 Model 80 Stepping 0, AuthenticAMD
TMP=C:\Users\Sistemas\AppData\Local\Temp
TEMP=C:\Users\Sistemas\AppData\Local\Temp




Periodic native trim disabled

JNI global refs:
JNI global refs: 0, weak refs: 0

JNI global refs memory usage: 0, weak refs: 0

Process memory usage:
Resident Set Size: 13016K (0% of 16040248K total physical memory with 1528088K free physical memory)

OOME stack traces (most recent first):
Classloader memory used:

---------------  S Y S T E M  ---------------

OS:
 Windows 11 , 64 bit Build 26100 (10.0.26100.8246)
OS uptime: 1 days 1:18 hours

CPU: total 16 (initial active 16) (16 cores per cpu, 2 threads per core) family 25 model 80 stepping 0 microcode 0xa500014, cx8, cmov, fxsr, ht, mmx, 3dnowpref, sse, sse2, sse3, ssse3, sse4a, sse4.1, sse4.2, popcnt, lzcnt, tsc, tscinvbit, avx, avx2, aes, erms, clmul, bmi1, bmi2, adx, sha, fma, vzeroupper, clflush, clflushopt, rdtscp, rdpid, fsrm, f16c, pku, cet_ss
Processor Information for the first 16 processors :
  Max Mhz: 3801, Current Mhz: 3801, Mhz Limit: 3801

Memory: 4k page, system-wide physical 15664M (1492M free)
TotalPageFile size 27046M (AvailPageFile size 278M)
current process WorkingSet (physical memory assigned to process): 12M, peak: 12M
current process commit charge ("private bytes"): 70M, peak: 316M

vm_info: OpenJDK 64-Bit Server VM (21.0.10+-14961533-b1163.108) for windows-amd64 JRE (21.0.10+-14961533-b1163.108), built on 2026-03-02T19:58:50Z by "builder" with MS VC++ 16.10 / 16.11 (VS2019)

END.
